Log file open, 06/22/23 17:43:37
LogWindows: Failed to load 'aqProf.dll' (GetLastError=126)
LogWindows: File 'aqProf.dll' does not exist
LogWindows: Failed to load 'VtuneApi.dll' (GetLastError=126)
LogWindows: File 'VtuneApi.dll' does not exist
LogWindows: Failed to load 'VtuneApi32e.dll' (GetLastError=126)
LogWindows: File 'VtuneApi32e.dll' does not exist
LogConsoleResponse: Display: Failed to find resolution value strings in scalability ini. Falling back to default.
LogConsoleResponse: Display: Failed to find resolution value strings in scalability ini. Falling back to default.
LogInit: Display: Running engine for game: gj
LogPlatformFile: Not using cached read wrapper
LogTaskGraph: Started task graph with 5 named threads and 35 total threads with 3 sets of task threads.
LogStats: Stats thread started at 0.663385
LogICUInternationalization: ICU TimeZone Detection - Raw Offset: +9:00, Platform Override: ''
LogInit: Display: Loading text-based GConfig....
LogPluginManager: Mounting plugin MeshPainting
LogPluginManager: Mounting plugin XGEController
LogPluginManager: Mounting plugin Paper2D
LogPluginManager: Mounting plugin AISupport
LogPluginManager: Mounting plugin EnvironmentQueryEditor
LogPluginManager: Mounting plugin LiveLink
LogPluginManager: Mounting plugin GameplayCameras
LogPluginManager: Mounting plugin OodleData
LogPluginManager: Mounting plugin AnimationSharing
LogPluginManager: Mounting plugin CameraShakePreviewer
LogPluginManager: Mounting plugin LightPropagationVolume
LogPluginManager: Mounting plugin OodleNetwork
LogPluginManager: Mounting plugin GitSourceControl
LogPluginManager: Mounting plugin CodeLiteSourceCodeAccess
LogPluginManager: Mounting plugin NullSourceCodeAccess
LogPluginManager: Mounting plugin CLionSourceCodeAccess
LogPluginManager: Mounting plugin KDevelopSourceCodeAccess
LogPluginManager: Mounting plugin PlasticSourceControl
LogPluginManager: Mounting plugin PerforceSourceControl
LogPluginManager: Mounting plugin PluginUtils
LogPluginManager: Mounting plugin PixWinPlugin
LogPluginManager: Mounting plugin RiderSourceCodeAccess
LogPluginManager: Mounting plugin PropertyAccessNode
LogPluginManager: Mounting plugin UObjectPlugin
LogPluginManager: Mounting plugin TextureFormatOodle
LogPluginManager: Mounting plugin SubversionSourceControl
LogPluginManager: Mounting plugin VisualStudioSourceCodeAccess
LogPluginManager: Mounting plugin VisualStudioCodeSourceCodeAccess
LogPluginManager: Mounting plugin XCodeSourceCodeAccess
LogPluginManager: Mounting plugin AssetManagerEditor
LogPluginManager: Mounting plugin CryptoKeys
LogPluginManager: Mounting plugin CurveEditorTools
LogPluginManager: Mounting plugin FacialAnimation
LogPluginManager: Mounting plugin GameplayTagsEditor
LogPluginManager: Mounting plugin GeometryMode
LogPluginManager: Mounting plugin DataValidation
LogPluginManager: Mounting plugin MaterialAnalyzer
LogPluginManager: Mounting plugin SpeedTreeImporter
LogPluginManager: Mounting plugin MobileLauncherProfileWizard
LogPluginManager: Mounting plugin MacGraphicsSwitching
LogPluginManager: Mounting plugin PluginBrowser
LogPluginManager: Mounting plugin DatasmithContent
LogPluginManager: Mounting plugin VariantManagerContent
LogPluginManager: Mounting plugin BackChannel
LogPluginManager: Mounting plugin AutomationUtils
LogPluginManager: Mounting plugin AlembicImporter
LogPluginManager: Mounting plugin ChaosEditor
LogPluginManager: Mounting plugin ChaosClothEditor
LogPluginManager: Mounting plugin ChaosNiagara
LogPluginManager: Mounting plugin ChaosCloth
LogPluginManager: Mounting plugin ChaosSolverPlugin
LogPluginManager: Mounting plugin CharacterAI
LogPluginManager: Mounting plugin LuminPlatformFeatures
LogPluginManager: Mounting plugin MagicLeap
LogPluginManager: Mounting plugin UdpMessaging
LogPluginManager: Mounting plugin TcpMessaging
LogPluginManager: Mounting plugin MagicLeapLightEstimation
LogPluginManager: Mounting plugin MagicLeapMedia
LogPluginManager: Mounting plugin MagicLeapPassableWorld
LogPluginManager: Mounting plugin MLSDK
LogPluginManager: Mounting plugin ActorSequence
LogPluginManager: Mounting plugin Niagara
LogPluginManager: Mounting plugin LevelSequenceEditor
LogPluginManager: Mounting plugin MatineeToLevelSequence
LogPluginManager: Mounting plugin TemplateSequence
LogPluginManager: Mounting plugin OnlineSubsystem
LogPluginManager: Mounting plugin OnlineSubsystemNull
LogPluginManager: Mounting plugin OnlineSubsystemUtils
LogPluginManager: Mounting plugin AndroidMedia
LogPluginManager: Mounting plugin AvfMedia
LogPluginManager: Mounting plugin ImgMedia
LogPluginManager: Mounting plugin MediaCompositing
LogPluginManager: Mounting plugin GeometryCache
LogPluginManager: Mounting plugin GeometryCollectionPlugin
LogPluginManager: Mounting plugin GeometryProcessing
LogPluginManager: Mounting plugin MediaPlayerEditor
LogPluginManager: Mounting plugin WebMMedia
LogPluginManager: Mounting plugin MotoSynth
LogPluginManager: Mounting plugin OpenImageDenoise
LogPluginManager: Mounting plugin PlanarCut
LogPluginManager: Mounting plugin WmfMedia
LogPluginManager: Mounting plugin PlatformCrypto
LogPluginManager: Mounting plugin ProxyLODPlugin
LogPluginManager: Mounting plugin PythonScriptPlugin
LogPluginManager: Mounting plugin ActorLayerUtilities
LogPluginManager: Mounting plugin LauncherChunkInstaller
LogPluginManager: Mounting plugin AndroidDeviceProfileSelector
LogPluginManager: Mounting plugin AndroidPermission
LogPluginManager: Mounting plugin AndroidMoviePlayer
LogPluginManager: Mounting plugin AppleImageUtils
LogPluginManager: Mounting plugin AppleMoviePlayer
LogPluginManager: Mounting plugin ArchVisCharacter
LogPluginManager: Mounting plugin AssetTags
LogPluginManager: Mounting plugin CableComponent
LogPluginManager: Mounting plugin AudioSynesthesia
LogPluginManager: Mounting plugin ChunkDownloader
LogPluginManager: Mounting plugin AudioCapture
LogPluginManager: Mounting plugin CustomMeshComponent
LogPluginManager: Mounting plugin EditableMesh
LogPluginManager: Mounting plugin ExampleDeviceProfileSelector
LogPluginManager: Mounting plugin SkeletalReduction
LogPluginManager: Mounting plugin ScreenshotTools
LogPluginManager: Mounting plugin GooglePAD
LogPluginManager: Mounting plugin GoogleCloudMessaging
LogPluginManager: Mounting plugin IOSDeviceProfileSelector
LogPluginManager: Mounting plugin LocationServicesBPLibrary
LogPluginManager: Mounting plugin LinuxDeviceProfileSelector
LogPluginManager: Mounting plugin MobilePatchingUtils
LogPluginManager: Mounting plugin OpenXREyeTracker
LogPluginManager: Mounting plugin OpenXR
LogPluginManager: Mounting plugin Takes
LogPluginManager: Mounting plugin OpenXRHandTracking
LogPluginManager: Mounting plugin PhysXVehicles
LogPluginManager: Mounting plugin ProceduralMeshComponent
LogPluginManager: Mounting plugin PropertyAccessEditor
LogPluginManager: Mounting plugin PostSplashScreen
LogPluginManager: Mounting plugin RuntimePhysXCooking
LogPluginManager: Mounting plugin SoundFields
LogPluginManager: Mounting plugin SignificanceManager
LogPluginManager: Mounting plugin Synthesis
LogPluginManager: Mounting plugin WebMMoviePlayer
LogPluginManager: Mounting plugin WindowsMoviePlayer
LogPluginManager: Mounting plugin ContentBrowserFileDataSource
LogPluginManager: Mounting plugin ContentBrowserClassDataSource
LogPluginManager: Mounting plugin ContentBrowserAssetDataSource
LogPluginManager: Mounting plugin OnlineSubsystemIOS
LogPluginManager: Mounting plugin OnlineSubsystemGooglePlay
LogPluginManager: Mounting plugin OculusVR
LogPluginManager: Mounting plugin SteamVR
PixWinPlugin: PIX capture plugin failed to initialize! Check that the process is launched from PIX.
LogInit: Using libcurl 7.55.1-DEV
LogInit:  - built for x86_64-pc-win32
LogInit:  - supports SSL with OpenSSL/1.1.1
LogInit:  - supports HTTP deflate (compression) using libz 1.2.8
LogInit:  - other features:
LogInit:      CURL_VERSION_SSL
LogInit:      CURL_VERSION_LIBZ
LogInit:      CURL_VERSION_IPV6
LogInit:      CURL_VERSION_ASYNCHDNS
LogInit:      CURL_VERSION_LARGEFILE
LogInit:      CURL_VERSION_IDN
LogInit:  CurlRequestOptions (configurable via config and command line):
LogInit:  - bVerifyPeer = true  - Libcurl will verify peer certificate
LogInit:  - bUseHttpProxy = false  - Libcurl will NOT use HTTP proxy
LogInit:  - bDontReuseConnections = false  - Libcurl will reuse connections
LogInit:  - MaxHostConnections = 16  - Libcurl will limit the number of connections to a host
LogInit:  - LocalHostAddr = Default
LogInit:  - BufferSize = 65536
LogOnline: OSS: Creating online subsystem instance for: NULL
LogInit: WinSock: version 1.1 (2.2), MaxSocks=32767, MaxUdp=65467
LogOnline: OSS: TryLoadSubsystemAndSetDefault: Loaded subsystem for module [NULL]
LogOculusPluginWrapper: OculusPlugin initialized successfully
LogHMD: Failed initializing OVRPlugin 1.59.0
LogInit: Build: ++UE4+Release-4.27-CL-18319896
LogInit: Engine Version: 4.27.2-18319896+++UE4+Release-4.27
LogInit: Compatible Engine Version: 4.27.0-17155196+++UE4+Release-4.27
LogInit: Net CL: 17155196
LogInit: OS: Windows 10 (Release 2009) (), CPU: Intel(R) Core(TM) i7-8750H CPU @ 2.20GHz, GPU: NVIDIA GeForce GTX 1060
LogInit: Compiled (64-bit): Nov 30 2021 07:12:08
LogInit: Compiled with Visual C++: 19.24.28315.00
LogInit: Build Configuration: Development
LogInit: Branch Name: ++UE4+Release-4.27
LogInit: Command Line: 
LogInit: Base Directory: C:/Program Files/Epic Games/UE_4.27/Engine/Binaries/Win64/
LogInit: Allocator: TBB
LogInit: Installed Engine Build: 1
LogDevObjectVersion: Number of dev versions registered: 29
LogDevObjectVersion:   Dev-Blueprints (B0D832E4-1F89-4F0D-ACCF-7EB736FD4AA2): 10
LogDevObjectVersion:   Dev-Build (E1C64328-A22C-4D53-A36C-8E866417BD8C): 0
LogDevObjectVersion:   Dev-Core (375EC13C-06E4-48FB-B500-84F0262A717E): 4
LogDevObjectVersion:   Dev-Editor (E4B068ED-F494-42E9-A231-DA0B2E46BB41): 40
LogDevObjectVersion:   Dev-Framework (CFFC743F-43B0-4480-9391-14DF171D2073): 37
LogDevObjectVersion:   Dev-Mobile (B02B49B5-BB20-44E9-A304-32B752E40360): 3
LogDevObjectVersion:   Dev-Networking (A4E4105C-59A1-49B5-A7C5-40C4547EDFEE): 0
LogDevObjectVersion:   Dev-Online (39C831C9-5AE6-47DC-9A44-9C173E1C8E7C): 0
LogDevObjectVersion:   Dev-Physics (78F01B33-EBEA-4F98-B9B4-84EACCB95AA2): 14
LogDevObjectVersion:   Dev-Platform (6631380F-2D4D-43E0-8009-CF276956A95A): 0
LogDevObjectVersion:   Dev-Rendering (12F88B9F-8875-4AFC-A67C-D90C383ABD29): 45
LogDevObjectVersion:   Dev-Sequencer (7B5AE74C-D270-4C10-A958-57980B212A5A): 13
LogDevObjectVersion:   Dev-VR (D7296918-1DD6-4BDD-9DE2-64A83CC13884): 3
LogDevObjectVersion:   Dev-LoadTimes (C2A15278-BFE7-4AFE-6C17-90FF531DF755): 1
LogDevObjectVersion:   Private-Geometry (6EACA3D4-40EC-4CC1-B786-8BED09428FC5): 3
LogDevObjectVersion:   Dev-AnimPhys (29E575DD-E0A3-4627-9D10-D276232CDCEA): 17
LogDevObjectVersion:   Dev-Anim (AF43A65D-7FD3-4947-9873-3E8ED9C1BB05): 15
LogDevObjectVersion:   Dev-ReflectionCapture (6B266CEC-1EC7-4B8F-A30B-E4D90942FC07): 1
LogDevObjectVersion:   Dev-Automation (0DF73D61-A23F-47EA-B727-89E90C41499A): 1
LogDevObjectVersion:   FortniteMain (601D1886-AC64-4F84-AA16-D3DE0DEAC7D6): 47
LogDevObjectVersion:   FortniteRelease (E7086368-6B23-4C58-8439-1B7016265E91): 1
LogDevObjectVersion:   Dev-Enterprise (9DFFBCD6-494F-0158-E221-12823C92A888): 10
LogDevObjectVersion:   Dev-Niagara (F2AED0AC-9AFE-416F-8664-AA7FFA26D6FC): 1
LogDevObjectVersion:   Dev-Destruction (174F1F0B-B4C6-45A5-B13F-2EE8D0FB917D): 10
LogDevObjectVersion:   Dev-Physics-Ext (35F94A83-E258-406C-A318-09F59610247C): 41
LogDevObjectVersion:   Dev-PhysicsMaterial-Chaos (B68FC16E-8B1B-42E2-B453-215C058844FE): 1
LogDevObjectVersion:   Dev-CineCamera (B2E18506-4273-CFC2-A54E-F4BB758BBA07): 1
LogDevObjectVersion:   Dev-VirtualProduction (64F58936-FD1B-42BA-BA96-7289D5D0FA4E): 1
LogDevObjectVersion:   Dev-MediaFramework (6F0ED827-A609-4895-9C91-998D90180EA4): 2
LogInit: Presizing for max 25165824 objects, including 0 objects not considered by GC, pre-allocating 0 bytes for permanent pool.
LogConfig: Applying CVar settings from Section [/Script/Engine.StreamingSettings] File [C:/Users/2jh09/Desktop/Github/Gamejam_2023_1/gj/Saved/Config/Windows/Engine.ini]
LogConfig: Setting CVar [[s.MinBulkDataSizeForAsyncLoading:131072]]
LogConfig: Setting CVar [[s.AsyncLoadingThreadEnabled:0]]
LogConfig: Setting CVar [[s.EventDrivenLoaderEnabled:1]]
LogConfig: Setting CVar [[s.WarnIfTimeLimitExceeded:0]]
LogConfig: Setting CVar [[s.TimeLimitExceededMultiplier:1.5]]
LogConfig: Setting CVar [[s.TimeLimitExceededMinTime:0.005]]
LogConfig: Setting CVar [[s.UseBackgroundLevelStreaming:1]]
LogConfig: Setting CVar [[s.PriorityAsyncLoadingExtraTime:15.0]]
LogConfig: Setting CVar [[s.LevelStreamingActorsUpdateTimeLimit:5.0]]
LogConfig: Setting CVar [[s.PriorityLevelStreamingActorsUpdateExtraTime:5.0]]
LogConfig: Setting CVar [[s.LevelStreamingComponentsRegistrationGranularity:10]]
LogConfig: Setting CVar [[s.UnregisterComponentsTimeLimit:1.0]]
LogConfig: Setting CVar [[s.LevelStreamingComponentsUnregistrationGranularity:5]]
LogConfig: Setting CVar [[s.FlushStreamingOnExit:1]]
LogInit: Object subsystem initialized
LogConfig: Setting CVar [[con.DebugEarlyDefault:1]]
LogConfig: Setting CVar [[r.setres:1280x720]]
[2023.06.22-08.43.38:537][  0]LogConfig: Setting CVar [[r.VSync:0]]
[2023.06.22-08.43.38:537][  0]LogConfig: Setting CVar [[r.RHICmdBypass:0]]
[2023.06.22-08.43.38:537][  0]LogConfig: Applying CVar settings from Section [/Script/Engine.RendererSettings] File [C:/Users/2jh09/Desktop/Github/Gamejam_2023_1/gj/Saved/Config/Windows/Engine.ini]
[2023.06.22-08.43.38:538][  0]LogConfig: Setting CVar [[r.GPUCrashDebugging:0]]
[2023.06.22-08.43.38:538][  0]LogConfig: Applying CVar settings from Section [/Script/Engine.RendererOverrideSettings] File [C:/Users/2jh09/Desktop/Github/Gamejam_2023_1/gj/Saved/Config/Windows/Engine.ini]
[2023.06.22-08.43.38:538][  0]LogConfig: Applying CVar settings from Section [/Script/Engine.StreamingSettings] File [C:/Users/2jh09/Desktop/Github/Gamejam_2023_1/gj/Saved/Config/Windows/Engine.ini]
[2023.06.22-08.43.38:538][  0]LogConfig: Setting CVar [[s.MinBulkDataSizeForAsyncLoading:131072]]
[2023.06.22-08.43.38:538][  0]LogConfig: Setting CVar [[s.AsyncLoadingThreadEnabled:0]]
[2023.06.22-08.43.38:538][  0]LogConfig: Setting CVar [[s.EventDrivenLoaderEnabled:1]]
[2023.06.22-08.43.38:538][  0]LogConfig: Setting CVar [[s.WarnIfTimeLimitExceeded:0]]
[2023.06.22-08.43.38:538][  0]LogConfig: Setting CVar [[s.TimeLimitExceededMultiplier:1.5]]
[2023.06.22-08.43.38:538][  0]LogConfig: Setting CVar [[s.TimeLimitExceededMinTime:0.005]]
[2023.06.22-08.43.38:538][  0]LogConfig: Setting CVar [[s.UseBackgroundLevelStreaming:1]]
[2023.06.22-08.43.38:538][  0]LogConfig: Setting CVar [[s.PriorityAsyncLoadingExtraTime:15.0]]
[2023.06.22-08.43.38:539][  0]LogConfig: Setting CVar [[s.LevelStreamingActorsUpdateTimeLimit:5.0]]
[2023.06.22-08.43.38:539][  0]LogConfig: Setting CVar [[s.PriorityLevelStreamingActorsUpdateExtraTime:5.0]]
[2023.06.22-08.43.38:539][  0]LogConfig: Setting CVar [[s.LevelStreamingComponentsRegistrationGranularity:10]]
[2023.06.22-08.43.38:539][  0]LogConfig: Setting CVar [[s.UnregisterComponentsTimeLimit:1.0]]
[2023.06.22-08.43.38:539][  0]LogConfig: Setting CVar [[s.LevelStreamingComponentsUnregistrationGranularity:5]]
[2023.06.22-08.43.38:539][  0]LogConfig: Setting CVar [[s.FlushStreamingOnExit:1]]
[2023.06.22-08.43.38:539][  0]LogConfig: Applying CVar settings from Section [/Script/Engine.GarbageCollectionSettings] File [C:/Users/2jh09/Desktop/Github/Gamejam_2023_1/gj/Saved/Config/Windows/Engine.ini]
[2023.06.22-08.43.38:539][  0]LogConfig: Setting CVar [[gc.MaxObjectsNotConsideredByGC:1]]
[2023.06.22-08.43.38:539][  0]LogConfig: Setting CVar [[gc.SizeOfPermanentObjectPool:0]]
[2023.06.22-08.43.38:539][  0]LogConfig: Setting CVar [[gc.FlushStreamingOnGC:0]]
[2023.06.22-08.43.38:539][  0]LogConfig: Setting CVar [[gc.NumRetriesBeforeForcingGC:10]]
[2023.06.22-08.43.38:539][  0]LogConfig: Setting CVar [[gc.AllowParallelGC:1]]
[2023.06.22-08.43.38:539][  0]LogConfig: Setting CVar [[gc.TimeBetweenPurgingPendingKillObjects:61.1]]
[2023.06.22-08.43.38:539][  0]LogConfig: Setting CVar [[gc.MaxObjectsInEditor:25165824]]
[2023.06.22-08.43.38:539][  0]LogConfig: Setting CVar [[gc.IncrementalBeginDestroyEnabled:1]]
[2023.06.22-08.43.38:539][  0]LogConfig: Setting CVar [[gc.CreateGCClusters:1]]
[2023.06.22-08.43.38:540][  0]LogConfig: Setting CVar [[gc.MinGCClusterSize:5]]
[2023.06.22-08.43.38:540][  0]LogConfig: Setting CVar [[gc.ActorClusteringEnabled:0]]
[2023.06.22-08.43.38:540][  0]LogConfig: Setting CVar [[gc.BlueprintClusteringEnabled:0]]
[2023.06.22-08.43.38:540][  0]LogConfig: Setting CVar [[gc.UseDisregardForGCOnDedicatedServers:0]]
[2023.06.22-08.43.38:540][  0]LogConfig: Setting CVar [[gc.MultithreadedDestructionEnabled:1]]
[2023.06.22-08.43.38:540][  0]LogConfig: Applying CVar settings from Section [/Script/Engine.NetworkSettings] File [C:/Users/2jh09/Desktop/Github/Gamejam_2023_1/gj/Saved/Config/Windows/Engine.ini]
[2023.06.22-08.43.38:540][  0]LogConfig: Applying CVar settings from Section [/Script/UnrealEd.CookerSettings] File [C:/Users/2jh09/Desktop/Github/Gamejam_2023_1/gj/Saved/Config/Windows/Engine.ini]
[2023.06.22-08.43.38:740][  0]LogConfig: Applying CVar settings from Section [ViewDistanceQuality@3] File [C:/Users/2jh09/Desktop/Github/Gamejam_2023_1/gj/Saved/Config/Windows/Scalability.ini]
[2023.06.22-08.43.38:741][  0]LogConfig: Setting CVar [[r.SkeletalMeshLODBias:0]]
[2023.06.22-08.43.38:741][  0]LogConfig: Setting CVar [[r.ViewDistanceScale:1.0]]
[2023.06.22-08.43.38:741][  0]LogConfig: Applying CVar settings from Section [AntiAliasingQuality@3] File [C:/Users/2jh09/Desktop/Github/Gamejam_2023_1/gj/Saved/Config/Windows/Scalability.ini]
[2023.06.22-08.43.38:741][  0]LogConfig: Setting CVar [[r.PostProcessAAQuality:4]]
[2023.06.22-08.43.38:741][  0]LogConfig: Applying CVar settings from Section [ShadowQuality@3] File [C:/Users/2jh09/Desktop/Github/Gamejam_2023_1/gj/Saved/Config/Windows/Scalability.ini]
[2023.06.22-08.43.38:741][  0]LogConfig: Setting CVar [[r.LightFunctionQuality:1]]
[2023.06.22-08.43.38:741][  0]LogConfig: Setting CVar [[r.ShadowQuality:5]]
[2023.06.22-08.43.38:741][  0]LogConfig: Setting CVar [[r.Shadow.CSM.MaxCascades:10]]
[2023.06.22-08.43.38:741][  0]LogConfig: Setting CVar [[r.Shadow.MaxResolution:2048]]
[2023.06.22-08.43.38:741][  0]LogConfig: Setting CVar [[r.Shadow.MaxCSMResolution:2048]]
[2023.06.22-08.43.38:741][  0]LogConfig: Setting CVar [[r.Shadow.RadiusThreshold:0.01]]
[2023.06.22-08.43.38:741][  0]LogConfig: Setting CVar [[r.Shadow.DistanceScale:1.0]]
[2023.06.22-08.43.38:741][  0]LogConfig: Setting CVar [[r.Shadow.CSM.TransitionScale:1.0]]
[2023.06.22-08.43.38:741][  0]LogConfig: Setting CVar [[r.Shadow.PreShadowResolutionFactor:1.0]]
[2023.06.22-08.43.38:741][  0]LogConfig: Setting CVar [[r.DistanceFieldShadowing:1]]
[2023.06.22-08.43.38:741][  0]LogConfig: Setting CVar [[r.DistanceFieldAO:1]]
[2023.06.22-08.43.38:741][  0]LogConfig: Setting CVar [[r.AOQuality:2]]
[2023.06.22-08.43.38:741][  0]LogConfig: Setting CVar [[r.VolumetricFog:1]]
[2023.06.22-08.43.38:741][  0]LogConfig: Setting CVar [[r.VolumetricFog.GridPixelSize:8]]
[2023.06.22-08.43.38:741][  0]LogConfig: Setting CVar [[r.VolumetricFog.GridSizeZ:128]]
[2023.06.22-08.43.38:742][  0]LogConfig: Setting CVar [[r.VolumetricFog.HistoryMissSupersampleCount:4]]
[2023.06.22-08.43.38:742][  0]LogConfig: Setting CVar [[r.LightMaxDrawDistanceScale:1]]
[2023.06.22-08.43.38:742][  0]LogConfig: Setting CVar [[r.CapsuleShadows:1]]
[2023.06.22-08.43.38:742][  0]LogConfig: Applying CVar settings from Section [PostProcessQuality@3] File [C:/Users/2jh09/Desktop/Github/Gamejam_2023_1/gj/Saved/Config/Windows/Scalability.ini]
[2023.06.22-08.43.38:742][  0]LogConfig: Setting CVar [[r.MotionBlurQuality:4]]
[2023.06.22-08.43.38:742][  0]LogConfig: Setting CVar [[r.AmbientOcclusionMipLevelFactor:0.4]]
[2023.06.22-08.43.38:742][  0]LogConfig: Setting CVar [[r.AmbientOcclusionMaxQuality:100]]
[2023.06.22-08.43.38:742][  0]LogConfig: Setting CVar [[r.AmbientOcclusionLevels:-1]]
[2023.06.22-08.43.38:742][  0]LogConfig: Setting CVar [[r.AmbientOcclusionRadiusScale:1.0]]
[2023.06.22-08.43.38:742][  0]LogConfig: Setting CVar [[r.DepthOfFieldQuality:2]]
[2023.06.22-08.43.38:742][  0]LogConfig: Setting CVar [[r.RenderTargetPoolMin:400]]
[2023.06.22-08.43.38:742][  0]LogConfig: Setting CVar [[r.LensFlareQuality:2]]
[2023.06.22-08.43.38:742][  0]LogConfig: Setting CVar [[r.SceneColorFringeQuality:1]]
[2023.06.22-08.43.38:742][  0]LogConfig: Setting CVar [[r.EyeAdaptationQuality:2]]
[2023.06.22-08.43.38:742][  0]LogConfig: Setting CVar [[r.BloomQuality:5]]
[2023.06.22-08.43.38:742][  0]LogConfig: Setting CVar [[r.FastBlurThreshold:100]]
[2023.06.22-08.43.38:742][  0]LogConfig: Setting CVar [[r.Upscale.Quality:3]]
[2023.06.22-08.43.38:742][  0]LogConfig: Setting CVar [[r.Tonemapper.GrainQuantization:1]]
[2023.06.22-08.43.38:742][  0]LogConfig: Setting CVar [[r.LightShaftQuality:1]]
[2023.06.22-08.43.38:742][  0]LogConfig: Setting CVar [[r.Filter.SizeScale:1]]
[2023.06.22-08.43.38:742][  0]LogConfig: Setting CVar [[r.Tonemapper.Quality:5]]
[2023.06.22-08.43.38:743][  0]LogConfig: Setting CVar [[r.DOF.Gather.AccumulatorQuality:1        ; higher gathering accumulator quality]]
[2023.06.22-08.43.38:743][  0]LogConfig: Setting CVar [[r.DOF.Gather.PostfilterMethod:1          ; Median3x3 postfilering method]]
[2023.06.22-08.43.38:743][  0]LogConfig: Setting CVar [[r.DOF.Gather.EnableBokehSettings:0       ; no bokeh simulation when gathering]]
[2023.06.22-08.43.38:743][  0]LogConfig: Setting CVar [[r.DOF.Gather.RingCount:4                 ; medium number of samples when gathering]]
[2023.06.22-08.43.38:743][  0]LogConfig: Setting CVar [[r.DOF.Scatter.ForegroundCompositing:1    ; additive foreground scattering]]
[2023.06.22-08.43.38:743][  0]LogConfig: Setting CVar [[r.DOF.Scatter.BackgroundCompositing:2    ; additive background scattering]]
[2023.06.22-08.43.38:743][  0]LogConfig: Setting CVar [[r.DOF.Scatter.EnableBokehSettings:1      ; bokeh simulation when scattering]]
[2023.06.22-08.43.38:743][  0]LogConfig: Setting CVar [[r.DOF.Scatter.MaxSpriteRatio:0.1         ; only a maximum of 10% of scattered bokeh]]
[2023.06.22-08.43.38:743][  0]LogConfig: Setting CVar [[r.DOF.Recombine.Quality:1                ; cheap slight out of focus]]
[2023.06.22-08.43.38:743][  0]LogConfig: Setting CVar [[r.DOF.Recombine.EnableBokehSettings:0    ; no bokeh simulation on slight out of focus]]
[2023.06.22-08.43.38:743][  0]LogConfig: Setting CVar [[r.DOF.TemporalAAQuality:1                ; more stable temporal accumulation]]
[2023.06.22-08.43.38:743][  0]LogConfig: Setting CVar [[r.DOF.Kernel.MaxForegroundRadius:0.025]]
[2023.06.22-08.43.38:743][  0]LogConfig: Setting CVar [[r.DOF.Kernel.MaxBackgroundRadius:0.025]]
[2023.06.22-08.43.38:743][  0]LogConfig: Applying CVar settings from Section [TextureQuality@3] File [C:/Users/2jh09/Desktop/Github/Gamejam_2023_1/gj/Saved/Config/Windows/Scalability.ini]
[2023.06.22-08.43.38:743][  0]LogConfig: Setting CVar [[r.Streaming.MipBias:0]]
[2023.06.22-08.43.38:743][  0]LogConfig: Setting CVar [[r.Streaming.AmortizeCPUToGPUCopy:0]]
[2023.06.22-08.43.38:743][  0]LogConfig: Setting CVar [[r.Streaming.MaxNumTexturesToStreamPerFrame:0]]
[2023.06.22-08.43.38:743][  0]LogConfig: Setting CVar [[r.Streaming.Boost:1]]
[2023.06.22-08.43.38:743][  0]LogConfig: Setting CVar [[r.MaxAnisotropy:8]]
[2023.06.22-08.43.38:743][  0]LogConfig: Setting CVar [[r.VT.MaxAnisotropy:8]]
[2023.06.22-08.43.38:743][  0]LogConfig: Setting CVar [[r.Streaming.LimitPoolSizeToVRAM:0]]
[2023.06.22-08.43.38:743][  0]LogConfig: Setting CVar [[r.Streaming.PoolSize:1000]]
[2023.06.22-08.43.38:743][  0]LogConfig: Setting CVar [[r.Streaming.MaxEffectiveScreenSize:0]]
[2023.06.22-08.43.38:744][  0]LogConfig: Applying CVar settings from Section [EffectsQuality@3] File [C:/Users/2jh09/Desktop/Github/Gamejam_2023_1/gj/Saved/Config/Windows/Scalability.ini]
[2023.06.22-08.43.38:744][  0]LogConfig: Setting CVar [[r.TranslucencyLightingVolumeDim:64]]
[2023.06.22-08.43.38:744][  0]LogConfig: Setting CVar [[r.RefractionQuality:2]]
[2023.06.22-08.43.38:744][  0]LogConfig: Setting CVar [[r.SSR.Quality:3]]
[2023.06.22-08.43.38:744][  0]LogConfig: Setting CVar [[r.SSR.HalfResSceneColor:0]]
[2023.06.22-08.43.38:744][  0]LogConfig: Setting CVar [[r.SceneColorFormat:4]]
[2023.06.22-08.43.38:744][  0]LogConfig: Setting CVar [[r.DetailMode:2]]
[2023.06.22-08.43.38:744][  0]LogConfig: Setting CVar [[r.TranslucencyVolumeBlur:1]]
[2023.06.22-08.43.38:744][  0]LogConfig: Setting CVar [[r.MaterialQualityLevel:1 ; High quality]]
[2023.06.22-08.43.38:744][  0]LogConfig: Setting CVar [[r.AnisotropicMaterials:1]]
[2023.06.22-08.43.38:744][  0]LogConfig: Setting CVar [[r.SSS.Scale:1]]
[2023.06.22-08.43.38:744][  0]LogConfig: Setting CVar [[r.SSS.SampleSet:2]]
[2023.06.22-08.43.38:744][  0]LogConfig: Setting CVar [[r.SSS.Quality:1]]
[2023.06.22-08.43.38:744][  0]LogConfig: Setting CVar [[r.SSS.HalfRes:0]]
[2023.06.22-08.43.38:744][  0]LogConfig: Setting CVar [[r.SSGI.Quality:3]]
[2023.06.22-08.43.38:744][  0]LogConfig: Setting CVar [[r.EmitterSpawnRateScale:1.0]]
[2023.06.22-08.43.38:744][  0]LogConfig: Setting CVar [[r.ParticleLightQuality:2]]
[2023.06.22-08.43.38:744][  0]LogConfig: Setting CVar [[r.SkyAtmosphere.AerialPerspectiveLUT.FastApplyOnOpaque:1 ; Always have FastSkyLUT 1 in this case to avoid wrong sky]]
[2023.06.22-08.43.38:744][  0]LogConfig: Setting CVar [[r.SkyAtmosphere.AerialPerspectiveLUT.SampleCountMaxPerSlice:4]]
[2023.06.22-08.43.38:744][  0]LogConfig: Setting CVar [[r.SkyAtmosphere.AerialPerspectiveLUT.DepthResolution:16.0]]
[2023.06.22-08.43.38:744][  0]LogConfig: Setting CVar [[r.SkyAtmosphere.FastSkyLUT:1]]
[2023.06.22-08.43.38:744][  0]LogConfig: Setting CVar [[r.SkyAtmosphere.FastSkyLUT.SampleCountMin:4.0]]
[2023.06.22-08.43.38:744][  0]LogConfig: Setting CVar [[r.SkyAtmosphere.FastSkyLUT.SampleCountMax:128.0]]
[2023.06.22-08.43.38:745][  0]LogConfig: Setting CVar [[r.SkyAtmosphere.SampleCountMin:4.0]]
[2023.06.22-08.43.38:745][  0]LogConfig: Setting CVar [[r.SkyAtmosphere.SampleCountMax:128.0]]
[2023.06.22-08.43.38:745][  0]LogConfig: Setting CVar [[r.SkyAtmosphere.TransmittanceLUT.UseSmallFormat:0]]
[2023.06.22-08.43.38:745][  0]LogConfig: Setting CVar [[r.SkyAtmosphere.TransmittanceLUT.SampleCount:10.0]]
[2023.06.22-08.43.38:745][  0]LogConfig: Setting CVar [[r.SkyAtmosphere.MultiScatteringLUT.SampleCount:15.0]]
[2023.06.22-08.43.38:745][  0]LogConfig: Setting CVar [[r.SkyLight.RealTimeReflectionCapture:1]]
[2023.06.22-08.43.38:745][  0]LogConfig: Applying CVar settings from Section [FoliageQuality@3] File [C:/Users/2jh09/Desktop/Github/Gamejam_2023_1/gj/Saved/Config/Windows/Scalability.ini]
[2023.06.22-08.43.38:745][  0]LogConfig: Setting CVar [[foliage.DensityScale:1.0]]
[2023.06.22-08.43.38:745][  0]LogConfig: Setting CVar [[grass.DensityScale:1.0]]
[2023.06.22-08.43.38:745][  0]LogConfig: Applying CVar settings from Section [ShadingQuality@3] File [C:/Users/2jh09/Desktop/Github/Gamejam_2023_1/gj/Saved/Config/Windows/Scalability.ini]
[2023.06.22-08.43.38:745][  0]LogConfig: Setting CVar [[r.HairStrands.SkyLighting.IntegrationType:2]]
[2023.06.22-08.43.38:745][  0]LogConfig: Setting CVar [[r.HairStrands.SkyAO.SampleCount:4]]
[2023.06.22-08.43.38:745][  0]LogConfig: Setting CVar [[r.HairStrands.Visibility.MSAA.SamplePerPixel:4]]
[2023.06.22-08.43.38:745][  0]LogInit: Selected Device Profile: [Windows]
[2023.06.22-08.43.38:745][  0]LogInit: Applying CVar settings loaded from the selected device profile: [Windows]
[2023.06.22-08.43.38:746][  0]LogHAL: Display: Platform has ~ 16 GB [17110745088 / 17179869184 / 16], which maps to Larger [LargestMinGB=32, LargerMinGB=12, DefaultMinGB=8, SmallerMinGB=6, SmallestMinGB=0)
[2023.06.22-08.43.38:746][  0]LogInit: Going up to parent DeviceProfile []
[2023.06.22-08.43.38:746][  0]LogConfig: Applying CVar settings from Section [ViewDistanceQuality@2] File [C:/Users/2jh09/Desktop/Github/Gamejam_2023_1/gj/Saved/Config/Windows/Scalability.ini]
[2023.06.22-08.43.38:746][  0]LogConfig: Setting CVar [[r.SkeletalMeshLODBias:0]]
[2023.06.22-08.43.38:746][  0]LogConfig: Setting CVar [[r.ViewDistanceScale:0.8]]
[2023.06.22-08.43.38:746][  0]LogConfig: Applying CVar settings from Section [AntiAliasingQuality@2] File [C:/Users/2jh09/Desktop/Github/Gamejam_2023_1/gj/Saved/Config/Windows/Scalability.ini]
[2023.06.22-08.43.38:746][  0]LogConfig: Setting CVar [[r.PostProcessAAQuality:3]]
[2023.06.22-08.43.38:746][  0]LogConfig: Applying CVar settings from Section [ShadowQuality@2] File [C:/Users/2jh09/Desktop/Github/Gamejam_2023_1/gj/Saved/Config/Windows/Scalability.ini]
[2023.06.22-08.43.38:746][  0]LogConfig: Setting CVar [[r.LightFunctionQuality:1]]
[2023.06.22-08.43.38:746][  0]LogConfig: Setting CVar [[r.ShadowQuality:5]]
[2023.06.22-08.43.38:746][  0]LogConfig: Setting CVar [[r.Shadow.CSM.MaxCascades:4]]
[2023.06.22-08.43.38:746][  0]LogConfig: Setting CVar [[r.Shadow.MaxResolution:1024]]
[2023.06.22-08.43.38:746][  0]LogConfig: Setting CVar [[r.Shadow.MaxCSMResolution:2048]]
[2023.06.22-08.43.38:746][  0]LogConfig: Setting CVar [[r.Shadow.RadiusThreshold:0.04]]
[2023.06.22-08.43.38:746][  0]LogConfig: Setting CVar [[r.Shadow.DistanceScale:0.85]]
[2023.06.22-08.43.38:746][  0]LogConfig: Setting CVar [[r.Shadow.CSM.TransitionScale:0.8]]
[2023.06.22-08.43.38:747][  0]LogConfig: Setting CVar [[r.Shadow.PreShadowResolutionFactor:0.5]]
[2023.06.22-08.43.38:747][  0]LogConfig: Setting CVar [[r.DistanceFieldShadowing:1]]
[2023.06.22-08.43.38:747][  0]LogConfig: Setting CVar [[r.DistanceFieldAO:1]]
[2023.06.22-08.43.38:747][  0]LogConfig: Setting CVar [[r.AOQuality:1]]
[2023.06.22-08.43.38:747][  0]LogConfig: Setting CVar [[r.VolumetricFog:1]]
[2023.06.22-08.43.38:747][  0]LogConfig: Setting CVar [[r.VolumetricFog.GridPixelSize:16]]
[2023.06.22-08.43.38:747][  0]LogConfig: Setting CVar [[r.VolumetricFog.GridSizeZ:64]]
[2023.06.22-08.43.38:747][  0]LogConfig: Setting CVar [[r.VolumetricFog.HistoryMissSupersampleCount:4]]
[2023.06.22-08.43.38:747][  0]LogConfig: Setting CVar [[r.LightMaxDrawDistanceScale:1]]
[2023.06.22-08.43.38:747][  0]LogConfig: Setting CVar [[r.CapsuleShadows:1]]
[2023.06.22-08.43.38:747][  0]LogConfig: Applying CVar settings from Section [PostProcessQuality@2] File [C:/Users/2jh09/Desktop/Github/Gamejam_2023_1/gj/Saved/Config/Windows/Scalability.ini]
[2023.06.22-08.43.38:747][  0]LogConfig: Setting CVar [[r.MotionBlurQuality:3]]
[2023.06.22-08.43.38:747][  0]LogConfig: Setting CVar [[r.AmbientOcclusionMipLevelFactor:0.6]]
[2023.06.22-08.43.38:747][  0]LogConfig: Setting CVar [[r.AmbientOcclusionMaxQuality:100]]
[2023.06.22-08.43.38:747][  0]LogConfig: Setting CVar [[r.AmbientOcclusionLevels:-1]]
[2023.06.22-08.43.38:747][  0]LogConfig: Setting CVar [[r.AmbientOcclusionRadiusScale:1.5]]
[2023.06.22-08.43.38:747][  0]LogConfig: Setting CVar [[r.DepthOfFieldQuality:2]]
[2023.06.22-08.43.38:747][  0]LogConfig: Setting CVar [[r.RenderTargetPoolMin:400]]
[2023.06.22-08.43.38:747][  0]LogConfig: Setting CVar [[r.LensFlareQuality:2]]
[2023.06.22-08.43.38:747][  0]LogConfig: Setting CVar [[r.SceneColorFringeQuality:1]]
[2023.06.22-08.43.38:747][  0]LogConfig: Setting CVar [[r.EyeAdaptationQuality:2]]
[2023.06.22-08.43.38:747][  0]LogConfig: Setting CVar [[r.BloomQuality:5]]
[2023.06.22-08.43.38:747][  0]LogConfig: Setting CVar [[r.FastBlurThreshold:3]]
[2023.06.22-08.43.38:748][  0]LogConfig: Setting CVar [[r.Upscale.Quality:2]]
[2023.06.22-08.43.38:748][  0]LogConfig: Setting CVar [[r.Tonemapper.GrainQuantization:1]]
[2023.06.22-08.43.38:748][  0]LogConfig: Setting CVar [[r.LightShaftQuality:1]]
[2023.06.22-08.43.38:748][  0]LogConfig: Setting CVar [[r.Filter.SizeScale:0.8]]
[2023.06.22-08.43.38:748][  0]LogConfig: Setting CVar [[r.Tonemapper.Quality:5]]
[2023.06.22-08.43.38:748][  0]LogConfig: Setting CVar [[r.DOF.Gather.AccumulatorQuality:0        ; lower gathering accumulator quality]]
[2023.06.22-08.43.38:748][  0]LogConfig: Setting CVar [[r.DOF.Gather.PostfilterMethod:2          ; Max3x3 postfilering method]]
[2023.06.22-08.43.38:748][  0]LogConfig: Setting CVar [[r.DOF.Gather.EnableBokehSettings:0       ; no bokeh simulation when gathering]]
[2023.06.22-08.43.38:748][  0]LogConfig: Setting CVar [[r.DOF.Gather.RingCount:4                 ; medium number of samples when gathering]]
[2023.06.22-08.43.38:748][  0]LogConfig: Setting CVar [[r.DOF.Scatter.ForegroundCompositing:1    ; additive foreground scattering]]
[2023.06.22-08.43.38:748][  0]LogConfig: Setting CVar [[r.DOF.Scatter.BackgroundCompositing:1    ; no background occlusion]]
[2023.06.22-08.43.38:748][  0]LogConfig: Setting CVar [[r.DOF.Scatter.EnableBokehSettings:0      ; no bokeh simulation when scattering]]
[2023.06.22-08.43.38:748][  0]LogConfig: Setting CVar [[r.DOF.Scatter.MaxSpriteRatio:0.04        ; only a maximum of 4% of scattered bokeh]]
[2023.06.22-08.43.38:748][  0]LogConfig: Setting CVar [[r.DOF.Recombine.Quality:0                ; no slight out of focus]]
[2023.06.22-08.43.38:748][  0]LogConfig: Setting CVar [[r.DOF.TemporalAAQuality:0                ; faster temporal accumulation]]
[2023.06.22-08.43.38:748][  0]LogConfig: Setting CVar [[r.DOF.Kernel.MaxForegroundRadius:0.012   ; required because of AccumulatorQuality=0]]
[2023.06.22-08.43.38:748][  0]LogConfig: Setting CVar [[r.DOF.Kernel.MaxBackgroundRadius:0.012   ; required because of AccumulatorQuality=0]]
[2023.06.22-08.43.38:748][  0]LogConfig: Applying CVar settings from Section [TextureQuality@2] File [C:/Users/2jh09/Desktop/Github/Gamejam_2023_1/gj/Saved/Config/Windows/Scalability.ini]
[2023.06.22-08.43.38:749][  0]LogConfig: Setting CVar [[r.Streaming.MipBias:0]]
[2023.06.22-08.43.38:749][  0]LogConfig: Setting CVar [[r.Streaming.AmortizeCPUToGPUCopy:0]]
[2023.06.22-08.43.38:749][  0]LogConfig: Setting CVar [[r.Streaming.MaxNumTexturesToStreamPerFrame:0]]
[2023.06.22-08.43.38:749][  0]LogConfig: Setting CVar [[r.Streaming.Boost:1]]
[2023.06.22-08.43.38:749][  0]LogConfig: Setting CVar [[r.MaxAnisotropy:4]]
[2023.06.22-08.43.38:749][  0]LogConfig: Setting CVar [[r.VT.MaxAnisotropy:8]]
[2023.06.22-08.43.38:749][  0]LogConfig: Setting CVar [[r.Streaming.LimitPoolSizeToVRAM:1]]
[2023.06.22-08.43.38:749][  0]LogConfig: Setting CVar [[r.Streaming.PoolSize:800]]
[2023.06.22-08.43.38:749][  0]LogConfig: Setting CVar [[r.Streaming.MaxEffectiveScreenSize:0]]
[2023.06.22-08.43.38:749][  0]LogConfig: Applying CVar settings from Section [EffectsQuality@2] File [C:/Users/2jh09/Desktop/Github/Gamejam_2023_1/gj/Saved/Config/Windows/Scalability.ini]
[2023.06.22-08.43.38:749][  0]LogConfig: Setting CVar [[r.TranslucencyLightingVolumeDim:48]]
[2023.06.22-08.43.38:749][  0]LogConfig: Setting CVar [[r.RefractionQuality:2]]
[2023.06.22-08.43.38:749][  0]LogConfig: Setting CVar [[r.SSR.Quality:2]]
[2023.06.22-08.43.38:750][  0]LogConfig: Setting CVar [[r.SSR.HalfResSceneColor:1]]
[2023.06.22-08.43.38:750][  0]LogConfig: Setting CVar [[r.SceneColorFormat:3]]
[2023.06.22-08.43.38:750][  0]LogConfig: Setting CVar [[r.DetailMode:1]]
[2023.06.22-08.43.38:750][  0]LogConfig: Setting CVar [[r.TranslucencyVolumeBlur:1]]
[2023.06.22-08.43.38:750][  0]LogConfig: Setting CVar [[r.MaterialQualityLevel:1 ; High quality]]
[2023.06.22-08.43.38:750][  0]LogConfig: Setting CVar [[r.AnisotropicMaterials:1]]
[2023.06.22-08.43.38:750][  0]LogConfig: Setting CVar [[r.SSS.Scale:1]]
[2023.06.22-08.43.38:750][  0]LogConfig: Setting CVar [[r.SSS.SampleSet:1]]
[2023.06.22-08.43.38:750][  0]LogConfig: Setting CVar [[r.SSS.Quality:-1]]
[2023.06.22-08.43.38:750][  0]LogConfig: Setting CVar [[r.SSS.HalfRes:1]]
[2023.06.22-08.43.38:750][  0]LogConfig: Setting CVar [[r.SSGI.Quality:2]]
[2023.06.22-08.43.38:750][  0]LogConfig: Setting CVar [[r.EmitterSpawnRateScale:0.5]]
[2023.06.22-08.43.38:750][  0]LogConfig: Setting CVar [[r.ParticleLightQuality:1]]
[2023.06.22-08.43.38:751][  0]LogConfig: Setting CVar [[r.SkyAtmosphere.AerialPerspectiveLUT.FastApplyOnOpaque:1 ; Always have FastSkyLUT 1 in this case to avoid wrong sky]]
[2023.06.22-08.43.38:751][  0]LogConfig: Setting CVar [[r.SkyAtmosphere.AerialPerspectiveLUT.SampleCountMaxPerSlice:2]]
[2023.06.22-08.43.38:751][  0]LogConfig: Setting CVar [[r.SkyAtmosphere.AerialPerspectiveLUT.DepthResolution:16.0]]
[2023.06.22-08.43.38:751][  0]LogConfig: Setting CVar [[r.SkyAtmosphere.FastSkyLUT:1]]
[2023.06.22-08.43.38:751][  0]LogConfig: Setting CVar [[r.SkyAtmosphere.FastSkyLUT.SampleCountMin:4.0]]
[2023.06.22-08.43.38:751][  0]LogConfig: Setting CVar [[r.SkyAtmosphere.FastSkyLUT.SampleCountMax:64.0]]
[2023.06.22-08.43.38:751][  0]LogConfig: Setting CVar [[r.SkyAtmosphere.SampleCountMin:4.0]]
[2023.06.22-08.43.38:751][  0]LogConfig: Setting CVar [[r.SkyAtmosphere.SampleCountMax:64.0]]
[2023.06.22-08.43.38:751][  0]LogConfig: Setting CVar [[r.SkyAtmosphere.TransmittanceLUT.UseSmallFormat:0]]
[2023.06.22-08.43.38:751][  0]LogConfig: Setting CVar [[r.SkyAtmosphere.TransmittanceLUT.SampleCount:10.0]]
[2023.06.22-08.43.38:751][  0]LogConfig: Setting CVar [[r.SkyAtmosphere.MultiScatteringLUT.SampleCount:15.0]]
[2023.06.22-08.43.38:751][  0]LogConfig: Setting CVar [[r.SkyLight.RealTimeReflectionCapture:1]]
[2023.06.22-08.43.38:751][  0]LogConfig: Applying CVar settings from Section [FoliageQuality@2] File [C:/Users/2jh09/Desktop/Github/Gamejam_2023_1/gj/Saved/Config/Windows/Scalability.ini]
[2023.06.22-08.43.38:751][  0]LogConfig: Setting CVar [[foliage.DensityScale:0.8]]
[2023.06.22-08.43.38:752][  0]LogConfig: Setting CVar [[grass.DensityScale:0.8]]
[2023.06.22-08.43.38:752][  0]LogConfig: Applying CVar settings from Section [ShadingQuality@2] File [C:/Users/2jh09/Desktop/Github/Gamejam_2023_1/gj/Saved/Config/Windows/Scalability.ini]
[2023.06.22-08.43.38:752][  0]LogConfig: Setting CVar [[r.HairStrands.SkyLighting.IntegrationType:2]]
[2023.06.22-08.43.38:752][  0]LogConfig: Setting CVar [[r.HairStrands.SkyAO.SampleCount:4]]
[2023.06.22-08.43.38:752][  0]LogConfig: Setting CVar [[r.HairStrands.Visibility.MSAA.SamplePerPixel:4]]
[2023.06.22-08.43.38:752][  0]LogConfig: Applying CVar settings from Section [Startup] File [../../../Engine/Config/ConsoleVariables.ini]
[2023.06.22-08.43.38:753][  0]LogConfig: Setting CVar [[net.UseAdaptiveNetUpdateFrequency:0]]
[2023.06.22-08.43.38:753][  0]LogConfig: Setting CVar [[p.chaos.AllowCreatePhysxBodies:1]]
[2023.06.22-08.43.38:753][  0]LogConfig: Setting CVar [[fx.SkipVectorVMBackendOptimizations:1]]
[2023.06.22-08.43.38:753][  0]LogConfig: Applying CVar settings from Section [ConsoleVariables] File [C:/Users/2jh09/Desktop/Github/Gamejam_2023_1/gj/Saved/Config/Windows/Engine.ini]
[2023.06.22-08.43.38:753][  0]LogConfig: Applying CVar settings from Section [ConsoleVariables] File [C:/Users/2jh09/Desktop/Github/Gamejam_2023_1/gj/Saved/Config/Windows/Editor.ini]
[2023.06.22-08.43.38:753][  0]LogInit: Computer: LAPTOP-LB1KKHN7
[2023.06.22-08.43.38:753][  0]LogInit: User: 2jh09
[2023.06.22-08.43.38:754][  0]LogInit: CPU Page size=4096, Cores=6
[2023.06.22-08.43.38:754][  0]LogInit: High frequency timer resolution =10.000000 MHz
[2023.06.22-08.43.38:754][  0]LogMemory: Memory total: Physical=15.9GB (16GB approx)
[2023.06.22-08.43.38:754][  0]LogMemory: Platform Memory Stats for Windows
[2023.06.22-08.43.38:754][  0]LogMemory: Process Physical Memory: 146.38 MB used, 146.38 MB peak
[2023.06.22-08.43.38:754][  0]LogMemory: Process Virtual Memory: 128.96 MB used, 128.96 MB peak
[2023.06.22-08.43.38:754][  0]LogMemory: Physical Memory: 9277.55 MB used,  7040.52 MB free, 16318.08 MB total
[2023.06.22-08.43.38:754][  0]LogMemory: Virtual Memory: 134212048.00 MB used,  5677.17 MB free, 134217728.00 MB total
[2023.06.22-08.43.38:848][  0]LogWindows: WindowsPlatformFeatures enabled
[2023.06.22-08.43.39:006][  0]LogInit: Physics initialised using underlying interface: PhysX
[2023.06.22-08.43.39:013][  0]LogInit: Overriding language with editor language configuration option (en).
[2023.06.22-08.43.39:013][  0]LogInit: Using OS detected locale (ko-KR).
[2023.06.22-08.43.39:629][  0]LogInit: Setting process to per monitor DPI aware
[2023.06.22-08.43.39:903][  0]LogWindowsTextInputMethodSystem: Display: IME system deactivated.
[2023.06.22-08.43.39:956][  0]LogSlate: New Slate User Created.  User Index 0, Is Virtual User: 0
[2023.06.22-08.43.39:956][  0]LogSlate: Slate User Registered.  User Index 0, Is Virtual User: 0
[2023.06.22-08.43.40:460][  0]LogD3D11RHI: Loaded GFSDK_Aftermath_Lib.x64.dll
[2023.06.22-08.43.40:471][  0]LogHMD: Failed to initialize OpenVR with code 110
[2023.06.22-08.43.40:472][  0]LogD3D11RHI: D3D11 min allowed feature level: 11_0
[2023.06.22-08.43.40:472][  0]LogD3D11RHI: D3D11 max allowed feature level: 11_0
[2023.06.22-08.43.40:472][  0]LogD3D11RHI: D3D11 adapters:
[2023.06.22-08.43.40:651][  0]LogD3D11RHI:    0. 'NVIDIA GeForce GTX 1060' (Feature Level 11_0)
[2023.06.22-08.43.40:651][  0]LogD3D11RHI:       6052/0/8159 MB DedicatedVideo/DedicatedSystem/SharedSystem, Outputs:1, VendorId:0x10de
[2023.06.22-08.43.40:660][  0]LogD3D11RHI:    1. 'Microsoft Basic Render Driver' (Feature Level 11_0)
[2023.06.22-08.43.40:660][  0]LogD3D11RHI:       0/0/8159 MB DedicatedVideo/DedicatedSystem/SharedSystem, Outputs:0, VendorId:0x1414
[2023.06.22-08.43.40:660][  0]LogD3D11RHI: Chosen D3D11 Adapter:
[2023.06.22-08.43.40:660][  0]LogD3D11RHI:     Description : NVIDIA GeForce GTX 1060
[2023.06.22-08.43.40:660][  0]LogD3D11RHI:     VendorId    : 10de
[2023.06.22-08.43.40:660][  0]LogD3D11RHI:     DeviceId    : 1c20
[2023.06.22-08.43.40:660][  0]LogD3D11RHI:     SubSysId    : c166144d
[2023.06.22-08.43.40:660][  0]LogD3D11RHI:     Revision    : 00a1
[2023.06.22-08.43.40:660][  0]LogD3D11RHI:     DedicatedVideoMemory : 6345981952 bytes
[2023.06.22-08.43.40:660][  0]LogD3D11RHI:     DedicatedSystemMemory : 0 bytes
[2023.06.22-08.43.40:660][  0]LogD3D11RHI:     SharedSystemMemory : 8555372544 bytes
[2023.06.22-08.43.40:660][  0]LogD3D11RHI:     AdapterLuid : 0 61163
[2023.06.22-08.43.40:673][  0]LogD3D11RHI: Creating new Direct3DDevice
[2023.06.22-08.43.40:673][  0]LogD3D11RHI:     GPU DeviceId: 0x1c20 (for the marketing name, search the web for "GPU Device Id")
[2023.06.22-08.43.40:673][  0]LogWindows: EnumDisplayDevices:
[2023.06.22-08.43.40:674][  0]LogWindows:    0. 'NVIDIA GeForce GTX 1060' (P:1 D:1)
[2023.06.22-08.43.40:674][  0]LogWindows:    1. 'NVIDIA GeForce GTX 1060' (P:0 D:0)
[2023.06.22-08.43.40:675][  0]LogWindows:    2. 'NVIDIA GeForce GTX 1060' (P:0 D:0)
[2023.06.22-08.43.40:676][  0]LogWindows:    3. 'NVIDIA GeForce GTX 1060' (P:0 D:0)
[2023.06.22-08.43.40:677][  0]LogWindows: DebugString: FoundDriverCount:4 
[2023.06.22-08.43.40:677][  0]LogD3D11RHI:     Adapter Name: NVIDIA GeForce GTX 1060
[2023.06.22-08.43.40:677][  0]LogD3D11RHI:   Driver Version: 522.06 (internal:31.0.15.2206, unified:522.06)
[2023.06.22-08.43.40:677][  0]LogD3D11RHI:      Driver Date: 9-27-2022
[2023.06.22-08.43.40:677][  0]LogRHI: Texture pool is 4236 MB (70% of 6052 MB)
[2023.06.22-08.43.40:677][  0]LogD3D11RHI: Creating D3DDevice using adapter:
[2023.06.22-08.43.40:677][  0]LogD3D11RHI:     Description : NVIDIA GeForce GTX 1060
[2023.06.22-08.43.40:677][  0]LogD3D11RHI:     VendorId    : 10de
[2023.06.22-08.43.40:677][  0]LogD3D11RHI:     DeviceId    : 1c20
[2023.06.22-08.43.40:677][  0]LogD3D11RHI:     SubSysId    : c166144d
[2023.06.22-08.43.40:677][  0]LogD3D11RHI:     Revision    : 00a1
[2023.06.22-08.43.40:677][  0]LogD3D11RHI:     DedicatedVideoMemory : 6345981952 bytes
[2023.06.22-08.43.40:677][  0]LogD3D11RHI:     DedicatedSystemMemory : 0 bytes
[2023.06.22-08.43.40:677][  0]LogD3D11RHI:     SharedSystemMemory : 8555372544 bytes
[2023.06.22-08.43.40:677][  0]LogD3D11RHI:     AdapterLuid : 0 61163
[2023.06.22-08.43.40:771][  0]LogD3D11RHI: RHI has support for 64 bit atomics
[2023.06.22-08.43.40:771][  0]LogD3D11RHI: Async texture creation enabled
[2023.06.22-08.43.40:771][  0]LogD3D11RHI: Array index from any shader is supported
[2023.06.22-08.43.40:840][  0]LogD3D11RHI: GPU Timing Frequency: 1000.000000 (Debug: 2 1)
[2023.06.22-08.43.40:957][  0]LogRHI: GeForceNow SDK initialized: 1
[2023.06.22-08.43.42:108][  0]LogTargetPlatformManager: Display: Loaded TargetPlatform 'AllDesktop'
[2023.06.22-08.43.42:149][  0]LogTargetPlatformManager: Display: Loaded TargetPlatform 'Android'
[2023.06.22-08.43.42:150][  0]LogTargetPlatformManager: Display: Loaded TargetPlatform 'Android_ASTC'
[2023.06.22-08.43.42:150][  0]LogTargetPlatformManager: Display: Loaded TargetPlatform 'Android_DXT'
[2023.06.22-08.43.42:150][  0]LogTargetPlatformManager: Display: Loaded TargetPlatform 'Android_ETC2'
[2023.06.22-08.43.42:150][  0]LogTargetPlatformManager: Display: Loaded TargetPlatform 'AndroidClient'
[2023.06.22-08.43.42:150][  0]LogTargetPlatformManager: Display: Loaded TargetPlatform 'Android_ASTCClient'
[2023.06.22-08.43.42:150][  0]LogTargetPlatformManager: Display: Loaded TargetPlatform 'Android_DXTClient'
[2023.06.22-08.43.42:150][  0]LogTargetPlatformManager: Display: Loaded TargetPlatform 'Android_ETC2Client'
[2023.06.22-08.43.42:150][  0]LogTargetPlatformManager: Display: Loaded TargetPlatform 'Android_Multi'
[2023.06.22-08.43.42:150][  0]LogTargetPlatformManager: Display: Loaded TargetPlatform 'Android_MultiClient'
[2023.06.22-08.43.42:193][  0]LogTargetPlatformManager: Display: Loaded TargetPlatform 'IOSClient'
[2023.06.22-08.43.42:193][  0]LogTargetPlatformManager: Display: Loaded TargetPlatform 'IOS'
[2023.06.22-08.43.42:216][  0]LogTargetPlatformManager: Display: Loaded TargetPlatform 'Linux'
[2023.06.22-08.43.42:228][  0]LogTargetPlatformManager: Display: Loaded TargetPlatform 'LinuxNoEditor'
[2023.06.22-08.43.42:240][  0]LogTargetPlatformManager: Display: Loaded TargetPlatform 'LinuxClient'
[2023.06.22-08.43.42:252][  0]LogTargetPlatformManager: Display: Loaded TargetPlatform 'LinuxServer'
[2023.06.22-08.43.42:276][  0]LogTargetPlatformManager: Display: Loaded TargetPlatform 'LinuxAArch64NoEditor'
[2023.06.22-08.43.42:287][  0]LogTargetPlatformManager: Display: Loaded TargetPlatform 'LinuxAArch64Client'
[2023.06.22-08.43.42:298][  0]LogTargetPlatformManager: Display: Loaded TargetPlatform 'LinuxAArch64Server'
[2023.06.22-08.43.42:351][  0]LogTargetPlatformManager: Display: Loaded TargetPlatform 'Lumin'
[2023.06.22-08.43.42:351][  0]LogTargetPlatformManager: Display: Loaded TargetPlatform 'LuminClient'
[2023.06.22-08.43.42:370][  0]LogTargetPlatformManager: Display: Loaded TargetPlatform 'MacNoEditor'
[2023.06.22-08.43.42:380][  0]LogTargetPlatformManager: Display: Loaded TargetPlatform 'Mac'
[2023.06.22-08.43.42:393][  0]LogTargetPlatformManager: Display: Loaded TargetPlatform 'MacClient'
[2023.06.22-08.43.42:404][  0]LogTargetPlatformManager: Display: Loaded TargetPlatform 'MacServer'
[2023.06.22-08.43.42:428][  0]LogTargetPlatformManager: Display: Loaded TargetPlatform 'TVOSClient'
[2023.06.22-08.43.42:428][  0]LogTargetPlatformManager: Display: Loaded TargetPlatform 'TVOS'
[2023.06.22-08.43.42:449][  0]LogTargetPlatformManager: Display: Loaded TargetPlatform 'WindowsNoEditor'
[2023.06.22-08.43.42:461][  0]LogTargetPlatformManager: Display: Loaded TargetPlatform 'Windows'
[2023.06.22-08.43.42:471][  0]LogTargetPlatformManager: Display: Loaded TargetPlatform 'WindowsClient'
[2023.06.22-08.43.42:482][  0]LogTargetPlatformManager: Display: Loaded TargetPlatform 'WindowsServer'
[2023.06.22-08.43.42:482][  0]LogTargetPlatformManager: Display: Building Assets For Windows
[2023.06.22-08.43.42:501][  0]LogAudioDebug: Display: Lib vorbis DLL was dynamically loaded.
[2023.06.22-08.43.42:584][  0]LogTextureFormatOodle: Display: Oodle Texture 2.9.0 init RDO Off
[2023.06.22-08.43.42:679][  0]LogRendererCore: Ray tracing is disabled. Reason: r.RayTracing=0.
[2023.06.22-08.43.42:679][  0]LogShaderCompilers: Guid format shader working directory is -17 characters bigger than the processId version (../../../../../../Users/2jh09/Desktop/Github/Gamejam_2023_1/gj/Intermediate/Shaders/WorkingDirectory/11892/).
[2023.06.22-08.43.42:679][  0]LogShaderCompilers: Cleaned the shader compiler working directory 'C:/Users/2jh09/AppData/Local/Temp/UnrealShaderWorkingDir/409F090E48DBD265BD184E93C943EFE4/'.
[2023.06.22-08.43.42:680][  0]LogXGEController: Cannot use XGE Controller as Incredibuild is not installed on this machine.
[2023.06.22-08.43.42:680][  0]LogShaderCompilers: Cannot use XGE Shader Compiler as Incredibuild is not installed on this machine.
[2023.06.22-08.43.42:680][  0]LogShaderCompilers: Display: Using Local Shader Compiler.
[2023.06.22-08.43.44:058][  0]LogDerivedDataCache: Display: Max Cache Size: 512 MB
[2023.06.22-08.43.44:184][  0]LogDerivedDataCache: Loaded boot cache 0.13s 103MB C:/Users/2jh09/AppData/Local/UnrealEngine/4.27/DerivedDataCache/Boot.ddc.
[2023.06.22-08.43.44:184][  0]LogDerivedDataCache: Display: Loaded Boot cache: C:/Users/2jh09/AppData/Local/UnrealEngine/4.27/DerivedDataCache/Boot.ddc
[2023.06.22-08.43.44:185][  0]LogDerivedDataCache: FDerivedDataBackendGraph:  Pak pak cache file ../../../../../../Users/2jh09/Desktop/Github/Gamejam_2023_1/gj/DerivedDataCache/DDC.ddp not found, will not use a pak cache.
[2023.06.22-08.43.44:185][  0]LogDerivedDataCache: Unable to find inner node Pak for hierarchical cache Hierarchy.
[2023.06.22-08.43.44:185][  0]LogDerivedDataCache: FDerivedDataBackendGraph:  CompressedPak pak cache file ../../../../../../Users/2jh09/Desktop/Github/Gamejam_2023_1/gj/DerivedDataCache/Compressed.ddp not found, will not use a pak cache.
[2023.06.22-08.43.44:185][  0]LogDerivedDataCache: Unable to find inner node CompressedPak for hierarchical cache Hierarchy.
[2023.06.22-08.43.44:214][  0]LogDerivedDataCache: Display: Pak cache opened for reading ../../../Engine/DerivedDataCache/Compressed.ddp.
[2023.06.22-08.43.44:214][  0]LogDerivedDataCache: FDerivedDataBackendGraph:  EnterprisePak pak cache file ../../../Enterprise/DerivedDataCache/Compressed.ddp not found, will not use a pak cache.
[2023.06.22-08.43.44:215][  0]LogDerivedDataCache: Unable to find inner node EnterprisePak for hierarchical cache Hierarchy.
[2023.06.22-08.43.44:237][  0]LogDerivedDataCache: Speed tests for C:/Users/2jh09/AppData/Local/UnrealEngine/Common/DerivedDataCache took 0.02 seconds
[2023.06.22-08.43.44:237][  0]LogDerivedDataCache: Display: Performance to C:/Users/2jh09/AppData/Local/UnrealEngine/Common/DerivedDataCache: Latency=0.39ms. RandomReadSpeed=149.33MBs, RandomWriteSpeed=79.71MBs. Assigned SpeedClass 'Local'
[2023.06.22-08.43.44:238][  0]LogDerivedDataCache: Using Local data cache path C:/Users/2jh09/AppData/Local/UnrealEngine/Common/DerivedDataCache: Writable
[2023.06.22-08.43.44:239][  0]LogDerivedDataCache: Shared data cache path not found in *engine.ini, will not use an Shared cache.
[2023.06.22-08.43.44:239][  0]LogDerivedDataCache: Unable to find inner node Shared for hierarchical cache Hierarchy.
[2023.06.22-08.43.44:318][  0]LogSlate: Using FreeType 2.10.0
[2023.06.22-08.43.44:319][  0]LogSlate: SlateFontServices - WITH_FREETYPE: 1, WITH_HARFBUZZ: 1
[2023.06.22-08.43.44:365][  0]LogAssetRegistry: FAssetRegistry took 0.0044 seconds to start up
[2023.06.22-08.43.44:889][  0]LogInit: Selected Device Profile: [Windows]
[2023.06.22-08.43.44:889][  0]LogInit: Active device profile: [000001F04BBFBF00][000001F03DA55780 49] Windows
[2023.06.22-08.43.44:889][  0]LogInit: Profiles: [000001F04BBFBF00][000001F03DA55780 49] Windows, [000001F04BC0BF00][000001F03DA5D900 49] WindowsNoEditor, [000001F04BBF8200][000001F0494C1A80 49] WindowsServer, [000001F04BC0AC00][000001F0494C5C00 49] WindowsClient, [000001F04BBF9600][000001F0494C8200 49] IOS, [000001F04BC09D00][000001F0494CC380 49] iPadAir, [000001F04BBFA200][000001F0494D0500 49] iPadAir2, [000001F04BB9FE00][000001F03DA58780 49] IPadPro, [000001F04BB9FF00][000001F0494D47C0 49] iPadAir3, [000001F04BBFBB00][000001F0494D8900 49] iPadAir4, [000001F04BB9C700][000001F0494DCA40 49] iPadMini2, [000001F04BBF8400][000001F0494E0B80 49] iPadMini3, [000001F04BB9D100][000001F0494E8D00 49] iPadMini4, [000001F04BBF9200][000001F0494ECE80 49] iPadMini5, [000001F04BBF3700][000001F0494F5140 49] iPhone6, [000001F04BBF3800][000001F0494F1180 49] iPodTouch6, [000001F04BB9E000][000001F0494FD440 49] iPhone7, [000001F04BB9E100][000001F0494F9480 49] iPodTouch7, [000001F04BBF0600][000001F049501600 49] iPhone5S, [000001F04BB9CF00][000001F049505780 49] iPhone6Plus, [000001F04BBF1200][000001F049509900 49] iPhone6S, [000001F04BB9DA00][000001F04950DA80 49] iPhone6SPlus, [000001F04BBF2600][000001F04B773C00 49] iPhone7Plus, [000001F04BB9EF00][000001F04B776200 49] iPhoneSE, [000001F04BBF0C00][000001F04B77A380 49] iPhone8, [000001F04BB9FD00][000001F04B77E500 49] iPhone8Plus, [000001F04BBF2800][000001F04B782680 49] iPhoneX, [000001F04BB9D700][000001F04B786800 49] iPhoneXS, [000001F04BBF2B00][000001F0494E4940 49] iPhoneXSMax, [000001F04BB9CB00][000001F04B78AA80 49] iPhoneXR, [000001F04BBF1300][000001F04B78EBC0 49] iPhone11, [000001F04BB9D500][000001F04B792D00 49] iPhone11Pro, [000001F04BBF0500][000001F04B79AE80 49] iPhone11ProMax, [000001F04BB9EA00][000001F04B79F000 49] iPhoneSE2, [000001F04BBF0A00][000001F04B7A3180 49] iPhone12Mini, [000001F04BB9F100][000001F04B7A7300 49] iPhone12, [000001F04BBF3B00][000001F04B7AB480 49] iPhone12Pro, [000001F04BB9CC00][000001F04B7AF600 49] iPhone12ProMax, [000001F04BBF0100][000001F04B7B3780 49] iPadPro105, [000001F04BB9EC00][000001F04B7B7900 49] iPadPro129, [000001F04BBF2D00][000001F04B7BBA80 49] iPadPro97, [000001F04BB9DB00][000001F04B7BFC00 49] iPadPro2_129, [000001F04BBF0700][000001F04B7C2200 49] iPad5, [000001F04BB9ED00][000001F04B7C6380 49] iPad6, [000001F04BBF1D00][000001F04B7CA500 49] iPad7, [000001F04BB9C900][000001F04B7CE680 49] iPad8, [000001F04BBF1C00][000001F04B7D2800 49] iPadPro11, [000001F04BB9DD00][000001F04B7D6980 49] iPadPro2_11, [000001F04BBF3200][000001F04B7DAB00 49] iPadPro3_129, [000001F04BB9D200][000001F04B796C40 49] iPadPro4_129, [000001F04BBF0300][000001F04B7DED80 49] AppleTV, [000001F04BB9E500][000001F04B7E2EC0 49] AppleTV4K, [000001F04BBF1F00][000001F04B7EB040 49] TVOS, [000001F04BB9F000][000001F04B7EF1C0 49] Mac, [000001F04BBF1100][000001F04B7F3340 49] MacClient, [000001F04BB9F700][000001F04B7F74C0 49] MacNoEditor, [000001F04BBF2E00][000001F04B7FB640 49] MacServer, [000001F04BB9F400][000001F04B7FF7C0 49] Linux, [000001F04BBF2000][000001F04B803940 49] LinuxAArch64, [000001F04BB9C500][000001F04B807AC0 49] LinuxNoEditor, [000001F04BBF3000][000001F04B80A0C0 49] LinuxAArch64NoEditor, [000001F04BB9EB00][000001F04B80E240 49] LinuxClient, [000001F04BBF0F00][000001F04B8123C0 49] LinuxAArch64Client, [000001F04BB9D400][000001F04B816540 49] LinuxServer, [000001F04BC0B700][000001F04B81A6C0 49] LinuxAArch64Server, [000001F04BC62F00][000001F04B81E840 49] Android, [000001F04BC08500][000001F04B8229C0 49] Android_Low, [000001F04BC63400][000001F04B826B40 49] Android_Mid, [000001F04BC08200][000001F04B82ACC0 49] Android_High, [000001F04BC61400][000001F04B7E6E00 49] Android_Default, [000001F04BC0A700][000001F04B82EF40 49] Android_Adreno4xx, [000001F04BC60C00][000001F04B833080 49] Android_Adreno5xx_Low, [000001F04BC0AD00][000001F04B8371C0 49] Android_Adreno5xx, [000001F04BC61700][000001F04B83F340 49] Android_Adreno6xx, [000001F04BC0A500][000001F04B8434C0 49] Android_Adreno6xx_Vulkan, [000001F04BC62700][000001F04B847640 49] Android_Mali_T6xx, [000001F04BC0A300][000001F04B84B7C0 49] Android_Mali_T7xx, [000001F04BC61300][000001F04B84F940 49] Android_Mali_T8xx, [000001F04BC0B100][000001F04B853AC0 49] Android_Mali_G71, [000001F04BC61600][000001F04B8560C0 49] Android_Mali_G72, [000001F04BC09000][000001F04B85A240 49] Android_Mali_G72_Vulkan, [000001F04BC62800][000001F04B85E3C0 49] Android_Mali_G76, [000001F04BC08A00][000001F04B862540 49] Android_Mali_G76_Vulkan, [000001F04BC62900][000001F04B8666C0 49] Android_Mali_G77, [000001F04BC0BE00][000001F04B86A840 49] Android_Mali_G77_Vulkan, [000001F04BC63A00][000001F04B86E9C0 49] Android_Mali_G78, [000001F04BC0B000][000001F04B872B40 49] Android_Mali_G78_Vulkan, [000001F04BC60B00][000001F04B876CC0 49] Android_Mali_G710, [000001F04BC0A600][000001F04B87AE40 49] Android_Mali_G710_Vulkan, [000001F04BC60A00][000001F04B83AF80 49] Android_Vulkan_SM5, [000001F04BB9CA00][000001F04B87F0C0 49] Android_PowerVR_G6xxx, [000001F04BC63000][000001F04B883200 49] Android_PowerVR_GT7xxx, [000001F04BB9FA00][000001F04B887340 49] Android_PowerVR_GE8xxx, [000001F04BC62D00][000001F04B88F4C0 49] Android_PowerVR_GM9xxx, [000001F04BB9F900][000001F04B893640 49] Android_PowerVR_GM9xxx_Vulkan, [000001F04BC61900][000001F04B8977C0 49] Android_TegraK1, [000001F04BB9CD00][000001F04B89B940 49] Android_Unknown_Vulkan, [000001F04BC60300][000001F04B89FAC0 49] Lumin, [000001F04BB9D800][000001F04B8A20C0 49] Lumin_Desktop, [000001F04BC63100][000001F04B8A6240 49] HoloLens, 
[2023.06.22-08.43.45:285][  0]LogMeshReduction: Using QuadricMeshReduction for automatic static mesh reduction
[2023.06.22-08.43.45:285][  0]LogMeshReduction: Using SimplygonMeshReduction for automatic skeletal mesh reduction
[2023.06.22-08.43.45:285][  0]LogMeshReduction: Using ProxyLODMeshReduction for automatic mesh merging
[2023.06.22-08.43.45:285][  0]LogMeshReduction: No distributed automatic mesh merging module available
[2023.06.22-08.43.45:286][  0]LogMeshMerging: No distributed automatic mesh merging module available
[2023.06.22-08.43.45:337][  0]LogNetVersion: gj 1.0.0, NetCL: 17155196, EngineNetVer: 17, GameNetVer: 0 (Checksum: 3905537210)
[2023.06.22-08.43.46:312][  0]LogTexture: Default maximum texture size for cubemaps generated from long-lat sources has been changed from 512 to unlimited. In order to preserve old behaiour for '/Engine/MapTemplates/Sky/DaylightAmbientCubemap.DaylightAmbientCubemap', its maximum texture size has been explicitly set to 512.
[2023.06.22-08.43.46:423][  0]LogHMD: PokeAHoleMaterial loaded successfully
[2023.06.22-08.43.46:431][  0]LogUObjectArray: 17178 objects as part of root set at end of initial load.
[2023.06.22-08.43.46:431][  0]LogUObjectAllocator: 4302048 out of 0 bytes used by permanent object pool.
[2023.06.22-08.43.46:431][  0]LogUObjectArray: CloseDisregardForGC: 0/0 objects in disregard for GC pool
[2023.06.22-08.43.47:313][  0]LogUdpMessaging: Initializing bridge on interface 0.0.0.0:0 to multicast group 230.0.0.1:6666.
[2023.06.22-08.43.47:325][  0]LogTcpMessaging: Initializing TcpMessaging bridge
[2023.06.22-08.43.47:399][  0]LogNiagaraDebuggerClient: Niagara Debugger Client Initialized | Session: D6D2F3574491D84E63E1578024C4D48F | Instance: 747DB1D34D51725421E07696AF6C031C (LAPTOP-LB1KKHN7-11892).
[2023.06.22-08.43.47:506][  0]LogPython: Using Python 3.7.7
[2023.06.22-08.43.48:815][  0]LogLinker: Warning: Failed to load '/Game/VehicleBP/VehicleOverview': Can't find file.
[2023.06.22-08.43.48:815][  0]LogLinker: Warning: Failed to load '/Game/VehicleBP/VehicleOverview': Can't find file.
[2023.06.22-08.43.48:815][  0]LogUObjectGlobals: Warning: Failed to find object 'Class /Game/VehicleBP/VehicleOverview.VehicleOverview_C'
[2023.06.22-08.43.49:022][  0]SourceControl: Source control is disabled
[2023.06.22-08.43.49:022][  0]SourceControl: Source control is disabled
[2023.06.22-08.43.49:044][  0]SourceControl: Source control is disabled
[2023.06.22-08.43.49:059][  0]SourceControl: Source control is disabled
[2023.06.22-08.43.49:116][  0]SourceControl: Source control is disabled
[2023.06.22-08.43.49:128][  0]LogUProjectInfo: Found projects:
[2023.06.22-08.43.49:921][  0]LogOpenImageDenoise: OIDN starting up
[2023.06.22-08.43.49:958][  0]LogAndroidPermission: UAndroidPermissionCallbackProxy::GetInstance
[2023.06.22-08.43.50:051][  0]LogAudioCaptureCore: Display: No Audio Capture implementations found. Audio input will be silent.
[2023.06.22-08.43.50:051][  0]LogAudioCaptureCore: Display: No Audio Capture implementations found. Audio input will be silent.
[2023.06.22-08.43.50:408][  0]LogCollectionManager: Loaded 0 collections in 0.006428 seconds
[2023.06.22-08.43.50:473][  0]LogFileCache: Scanning file cache for directory 'C:/Users/2jh09/Desktop/Github/Gamejam_2023_1/gj/Saved/Collections/' took 0.00s
[2023.06.22-08.43.50:473][  0]LogFileCache: Scanning file cache for directory 'C:/Users/2jh09/Desktop/Github/Gamejam_2023_1/gj/Content/Developers/2jh09/Collections/' took 0.00s
[2023.06.22-08.43.50:473][  0]LogFileCache: Scanning file cache for directory 'C:/Users/2jh09/Desktop/Github/Gamejam_2023_1/gj/Content/Collections/' took 0.00s
[2023.06.22-08.43.50:473][  0]LogOcInput: OculusInput pre-init called
[2023.06.22-08.43.51:302][  0]LogEngine: Initializing Engine...
[2023.06.22-08.43.51:316][  0]LogHMD: Failed to enumerate extensions. Please check that you have a valid OpenXR runtime installed.
[2023.06.22-08.43.51:317][  0]LogHMD: Failed to initialize OpenVR with code 110
[2023.06.22-08.43.51:317][  0]LogMagicLeap: Warning: VR disabled because ZI is not enabled.  To enable, in the editor, Edit -> Project Settings -> Plugins -> Magic Leap Plugin -> Enable Zero Iteration
[2023.06.22-08.43.51:320][  0]LogStats: UGameplayTagsManager::InitializeManager -  0.001 s
[2023.06.22-08.43.51:704][  0]LogInit: Initializing FReadOnlyCVARCache
[2023.06.22-08.43.51:727][  0]LogAIModule: Creating AISystem for world Untitled
[2023.06.22-08.43.51:729][  0]LogAudio: Display: Initializing Audio Device Manager...
[2023.06.22-08.43.51:737][  0]LogAudio: Display: Loading Default Audio Settings Objects...
[2023.06.22-08.43.51:739][  0]LogAudio: Display: No default SoundConcurrencyObject specified (or failed to load).
[2023.06.22-08.43.51:741][  0]LogAudio: Display: Audio Device Manager Initialized
[2023.06.22-08.43.51:741][  0]LogAudio: Display: Creating Audio Device:                 Id: 1, Scope: Shared, Realtime: True
[2023.06.22-08.43.51:741][  0]LogAudioMixer: Display: Audio Mixer Platform Settings:
[2023.06.22-08.43.51:741][  0]LogAudioMixer: Display: 	Sample Rate:						  48000
[2023.06.22-08.43.51:741][  0]LogAudioMixer: Display: 	Callback Buffer Frame Size Requested: 1024
[2023.06.22-08.43.51:741][  0]LogAudioMixer: Display: 	Callback Buffer Frame Size To Use:	  1024
[2023.06.22-08.43.51:741][  0]LogAudioMixer: Display: 	Number of buffers to queue:			  2
[2023.06.22-08.43.51:741][  0]LogAudioMixer: Display: 	Max Channels (voices):				  32
[2023.06.22-08.43.51:741][  0]LogAudioMixer: Display: 	Number of Async Source Workers:		  0
[2023.06.22-08.43.51:741][  0]LogAudio: Display: AudioDevice MaxSources: 32
[2023.06.22-08.43.51:742][  0]LogAudio: Display: Audio Spatialization Plugin: None (built-in).
[2023.06.22-08.43.51:742][  0]LogAudio: Display: Audio Reverb Plugin: None (built-in).
[2023.06.22-08.43.51:742][  0]LogAudio: Display: Audio Occlusion Plugin: None (built-in).
[2023.06.22-08.43.51:742][  0]LogAudioMixer: Display: Initializing audio mixer.
[2023.06.22-08.43.51:780][  0]LogAudioMixer: Display: 0: FrontLeft
[2023.06.22-08.43.51:780][  0]LogAudioMixer: Display: 1: FrontRight
[2023.06.22-08.43.51:833][  0]LogAudioMixer: Display: Using Audio Device 스피커(Realtek(R) Audio)
[2023.06.22-08.43.51:837][  0]LogAudioMixer: Display: Initializing Sound Submixes...
[2023.06.22-08.43.51:845][  0]LogAudioMixer: Display: Creating Master Submix 'MasterSubmixDefault'
[2023.06.22-08.43.51:845][  0]LogAudioMixer: Display: Creating Master Submix 'MasterReverbSubmixDefault'
[2023.06.22-08.43.51:846][  0]LogAudioMixer: Display: Creating Master Submix 'MasterEQSubmixDefault'
[2023.06.22-08.43.51:846][  0]LogAudioMixer: FMixerPlatformXAudio2::StartAudioStream() called
[2023.06.22-08.43.51:846][  0]LogAudioMixer: Display: Output buffers initialized: Frames=1024, Channels=2, Samples=2048
[2023.06.22-08.43.51:848][  0]LogAudioMixer: Display: Starting AudioMixerPlatformInterface::RunInternal()
[2023.06.22-08.43.51:848][  0]LogAudioMixer: Display: FMixerPlatformXAudio2::SubmitBuffer() called for the first time
[2023.06.22-08.43.51:848][  0]LogInit: FAudioDevice initialized.
[2023.06.22-08.43.51:848][  0]LogAudio: Display: Audio Device (ID: 1) registered with world 'Untitled'.
[2023.06.22-08.43.51:848][  0]LogNetVersion: Set ProjectVersion to 1.0.0.0. Version Checksum will be recalculated on next use.
[2023.06.22-08.43.51:929][  0]LogDerivedDataCache: Saved boot cache 0.08s 103MB C:/Users/2jh09/AppData/Local/UnrealEngine/4.27/DerivedDataCache/Boot.ddc.
[2023.06.22-08.43.51:933][  0]LogInit: Texture streaming: Enabled
[2023.06.22-08.43.51:961][  0]LogAnalytics: Display: [UEEditor.Rocket.Release] APIServer = https://datarouter.ol.epicgames.com/. AppVersion = 4.27.2-18319896+++UE4+Release-4.27
[2023.06.22-08.43.51:985][  0]LogEngineSessionManager: EngineSessionManager initialized
[2023.06.22-08.43.51:985][  0]LogEngineSessionManager: EngineSessionManager sent abnormal shutdown report. Type=Crashed, SessionId={26FCAF6B-4558-A574-AE78-37BF8865EF38}
[2023.06.22-08.43.51:985][  0]LogEditorSessionSummary: Verbose: Initializing EditorSessionSummaryWriter for editor session tracking
[2023.06.22-08.43.52:029][  0]LogEditorSessionSummary: EditorSessionSummaryWriter initialized
[2023.06.22-08.43.52:128][  0]LogInit: Transaction tracking system initialized
[2023.06.22-08.43.52:196][  0]BlueprintLog: New page: Editor Load
[2023.06.22-08.43.52:403][  0]LocalizationService: Localization service is disabled
[2023.06.22-08.43.52:497][  0]TimingProfiler: Initialize
[2023.06.22-08.43.52:499][  0]TimingProfiler: OnSessionChanged
[2023.06.22-08.43.52:499][  0]LoadingProfiler: Initialize
[2023.06.22-08.43.52:500][  0]LoadingProfiler: OnSessionChanged
[2023.06.22-08.43.52:500][  0]NetworkingProfiler: Initialize
[2023.06.22-08.43.52:501][  0]NetworkingProfiler: OnSessionChanged
[2023.06.22-08.43.52:501][  0]MemoryProfiler: Initialize
[2023.06.22-08.43.52:501][  0]MemoryProfiler: OnSessionChanged
[2023.06.22-08.43.53:022][  0]LogCook: Display: CookSettings for Memory: MemoryMaxUsedVirtual 0MiB, MemoryMaxUsedPhysical 16384MiB, MemoryMinFreeVirtual 0MiB, MemoryMinFreePhysical 1024MiB
[2023.06.22-08.43.53:022][  0]LogCook: Display: Mobile HDR setting 1
[2023.06.22-08.43.53:688][  0]LogFileCache: Scanning file cache for directory 'C:/Users/2jh09/Desktop/Github/Gamejam_2023_1/gj/Content/' took 0.15s
[2023.06.22-08.43.54:359][  0]LogInit: Display: Engine is initialized. Leaving FEngineLoop::Init()
[2023.06.22-08.43.54:401][  0]SourceControl: Source control is disabled
[2023.06.22-08.43.54:402][  0]LogUnrealEdMisc: Loading editor; pre map load, took 20.292
[2023.06.22-08.43.54:403][  0]Cmd: MAP LOAD FILE="../../../../../../Users/2jh09/Desktop/Github/Gamejam_2023_1/gj/Content/ThirdPersonCPP/Maps/ThirdPersonExampleMap.umap" TEMPLATE=0 SHOWPROGRESS=1 FEATURELEVEL=3
[2023.06.22-08.43.54:406][  0]LightingResults: New page: Lighting Build
[2023.06.22-08.43.54:412][  0]LogWorld: UWorld::CleanupWorld for Untitled, bSessionEnded=true, bCleanupResources=true
[2023.06.22-08.43.54:413][  0]LogSlate: InvalidateAllWidgets triggered.  All widgets were invalidated
[2023.06.22-08.43.54:413][  0]MapCheck: New page: Map Check
[2023.06.22-08.43.54:414][  0]LightingResults: New page: Lighting Build
[2023.06.22-08.43.54:431][  0]LogAudio: Display: Audio Device unregistered from world 'None'.
[2023.06.22-08.43.54:439][  0]LogUObjectHash: Compacting FUObjectHashTables data took   2.57ms
[2023.06.22-08.43.54:652][  0]LogAudio: Display: Audio Device (ID: 1) registered with world 'ThirdPersonExampleMap'.
[2023.06.22-08.43.54:656][  0]LogAIModule: Creating AISystem for world ThirdPersonExampleMap
[2023.06.22-08.43.54:677][  0]LogEditorServer: Finished looking for orphan Actors (0.000 secs)
[2023.06.22-08.43.54:709][  0]LogUObjectHash: Compacting FUObjectHashTables data took   2.51ms
[2023.06.22-08.43.54:710][  0]Cmd: MAP CHECKDEP NOCLEARLOG
[2023.06.22-08.43.54:711][  0]MapCheck: Map check complete: 0 Error(s), 0 Warning(s), took 0.56ms to complete.
[2023.06.22-08.43.54:711][  0]LogFileHelpers: Loading map 'ThirdPersonExampleMap' took 0.309
[2023.06.22-08.43.54:733][  0]LogUnrealEdMisc: Total Editor Startup Time, took 20.623
[2023.06.22-08.43.54:999][  0]LogSlate: Updating window title bar state: overlay mode, drag disabled, window buttons hidden, title bar hidden
[2023.06.22-08.43.55:013][  0]LogSlate: Updating window title bar state: overlay mode, drag disabled, window buttons hidden, title bar hidden
[2023.06.22-08.43.55:025][  0]LogSlate: Updating window title bar state: overlay mode, drag disabled, window buttons hidden, title bar hidden
[2023.06.22-08.43.55:042][  0]LogSlate: Updating window title bar state: overlay mode, drag disabled, window buttons hidden, title bar hidden
[2023.06.22-08.43.55:100][  0]LogNativeClassHierarchy: Verbose: Native class hierarchy populated in 0.0207 seconds. Added 3826 classes and 930 folders.
[2023.06.22-08.43.55:108][  0]LogNativeClassHierarchy: Verbose: Native class hierarchy updated for 'WidgetCarousel' in 0.0004 seconds. Added 0 classes and 0 folders.
[2023.06.22-08.43.55:116][  0]LogPakFile: PakFile PrimaryIndexSize=187
[2023.06.22-08.43.55:116][  0]LogPakFile: PakFile PathHashIndexSize=101
[2023.06.22-08.43.55:116][  0]LogPakFile: PakFile FullDirectoryIndexSize=148
[2023.06.22-08.43.55:117][  0]LogShaderLibrary: Display: ShaderCodeLibraryPakFileMountedCallback: PakFile 'C:/Program Files/Epic Games/UE_4.27/FeaturePacks/FP_FirstPerson.upack' (chunk index -1, root 'root:/') mounted
[2023.06.22-08.43.55:117][  0]LogShaderLibrary: Display: ShaderCodeLibraryPakFileMountedCallback: pending pak file info (ChunkID:-1 Root:root:/ File:C:/Program Files/Epic Games/UE_4.27/FeaturePacks/FP_FirstPerson.upack)
[2023.06.22-08.43.55:117][  0]LogPakFile: OnPakFileMounted2Time == 0.000693
[2023.06.22-08.43.55:121][  0]LogPakFile: PakFile PrimaryIndexSize=189
[2023.06.22-08.43.55:121][  0]LogPakFile: PakFile PathHashIndexSize=101
[2023.06.22-08.43.55:121][  0]LogPakFile: PakFile FullDirectoryIndexSize=152
[2023.06.22-08.43.55:121][  0]LogShaderLibrary: Display: ShaderCodeLibraryPakFileMountedCallback: PakFile 'C:/Program Files/Epic Games/UE_4.27/FeaturePacks/FP_FirstPersonBP.upack' (chunk index -1, root 'root:/') mounted
[2023.06.22-08.43.55:122][  0]LogShaderLibrary: Display: ShaderCodeLibraryPakFileMountedCallback: pending pak file info (ChunkID:-1 Root:root:/ File:C:/Program Files/Epic Games/UE_4.27/FeaturePacks/FP_FirstPersonBP.upack)
[2023.06.22-08.43.55:122][  0]LogPakFile: OnPakFileMounted2Time == 0.000154
[2023.06.22-08.43.55:124][  0]LogPakFile: PakFile PrimaryIndexSize=191
[2023.06.22-08.43.55:124][  0]LogPakFile: PakFile PathHashIndexSize=101
[2023.06.22-08.43.55:124][  0]LogPakFile: PakFile FullDirectoryIndexSize=160
[2023.06.22-08.43.55:124][  0]LogShaderLibrary: Display: ShaderCodeLibraryPakFileMountedCallback: PakFile 'C:/Program Files/Epic Games/UE_4.27/FeaturePacks/MobileStarterContent.upack' (chunk index -1, root 'root:/') mounted
[2023.06.22-08.43.55:124][  0]LogShaderLibrary: Display: ShaderCodeLibraryPakFileMountedCallback: pending pak file info (ChunkID:-1 Root:root:/ File:C:/Program Files/Epic Games/UE_4.27/FeaturePacks/MobileStarterContent.upack)
[2023.06.22-08.43.55:124][  0]LogPakFile: OnPakFileMounted2Time == 0.000098
[2023.06.22-08.43.55:127][  0]LogPakFile: PakFile PrimaryIndexSize=185
[2023.06.22-08.43.55:127][  0]LogPakFile: PakFile PathHashIndexSize=101
[2023.06.22-08.43.55:128][  0]LogPakFile: PakFile FullDirectoryIndexSize=148
[2023.06.22-08.43.55:128][  0]LogShaderLibrary: Display: ShaderCodeLibraryPakFileMountedCallback: PakFile 'C:/Program Files/Epic Games/UE_4.27/FeaturePacks/StarterContent.upack' (chunk index -1, root 'root:/') mounted
[2023.06.22-08.43.55:128][  0]LogShaderLibrary: Display: ShaderCodeLibraryPakFileMountedCallback: pending pak file info (ChunkID:-1 Root:root:/ File:C:/Program Files/Epic Games/UE_4.27/FeaturePacks/StarterContent.upack)
[2023.06.22-08.43.55:128][  0]LogPakFile: OnPakFileMounted2Time == 0.000096
[2023.06.22-08.43.55:130][  0]LogPakFile: PakFile PrimaryIndexSize=190
[2023.06.22-08.43.55:130][  0]LogPakFile: PakFile PathHashIndexSize=101
[2023.06.22-08.43.55:130][  0]LogPakFile: PakFile FullDirectoryIndexSize=154
[2023.06.22-08.43.55:130][  0]LogShaderLibrary: Display: ShaderCodeLibraryPakFileMountedCallback: PakFile 'C:/Program Files/Epic Games/UE_4.27/FeaturePacks/TP_2DSideScroller.upack' (chunk index -1, root 'root:/') mounted
[2023.06.22-08.43.55:130][  0]LogShaderLibrary: Display: ShaderCodeLibraryPakFileMountedCallback: pending pak file info (ChunkID:-1 Root:root:/ File:C:/Program Files/Epic Games/UE_4.27/FeaturePacks/TP_2DSideScroller.upack)
[2023.06.22-08.43.55:130][  0]LogPakFile: OnPakFileMounted2Time == 0.000088
[2023.06.22-08.43.55:133][  0]LogPakFile: PakFile PrimaryIndexSize=192
[2023.06.22-08.43.55:133][  0]LogPakFile: PakFile PathHashIndexSize=101
[2023.06.22-08.43.55:133][  0]LogPakFile: PakFile FullDirectoryIndexSize=158
[2023.06.22-08.43.55:133][  0]LogShaderLibrary: Display: ShaderCodeLibraryPakFileMountedCallback: PakFile 'C:/Program Files/Epic Games/UE_4.27/FeaturePacks/TP_2DSideScrollerBP.upack' (chunk index -1, root 'root:/') mounted
[2023.06.22-08.43.55:133][  0]LogShaderLibrary: Display: ShaderCodeLibraryPakFileMountedCallback: pending pak file info (ChunkID:-1 Root:root:/ File:C:/Program Files/Epic Games/UE_4.27/FeaturePacks/TP_2DSideScrollerBP.upack)
[2023.06.22-08.43.55:133][  0]LogPakFile: OnPakFileMounted2Time == 0.000107
[2023.06.22-08.43.55:135][  0]LogPakFile: PakFile PrimaryIndexSize=182
[2023.06.22-08.43.55:135][  0]LogPakFile: PakFile PathHashIndexSize=101
[2023.06.22-08.43.55:135][  0]LogPakFile: PakFile FullDirectoryIndexSize=138
[2023.06.22-08.43.55:136][  0]LogShaderLibrary: Display: ShaderCodeLibraryPakFileMountedCallback: PakFile 'C:/Program Files/Epic Games/UE_4.27/FeaturePacks/TP_Flying.upack' (chunk index -1, root 'root:/') mounted
[2023.06.22-08.43.55:136][  0]LogShaderLibrary: Display: ShaderCodeLibraryPakFileMountedCallback: pending pak file info (ChunkID:-1 Root:root:/ File:C:/Program Files/Epic Games/UE_4.27/FeaturePacks/TP_Flying.upack)
[2023.06.22-08.43.55:136][  0]LogPakFile: OnPakFileMounted2Time == 0.000088
[2023.06.22-08.43.55:137][  0]LogPakFile: PakFile PrimaryIndexSize=184
[2023.06.22-08.43.55:137][  0]LogPakFile: PakFile PathHashIndexSize=101
[2023.06.22-08.43.55:137][  0]LogPakFile: PakFile FullDirectoryIndexSize=142
[2023.06.22-08.43.55:137][  0]LogShaderLibrary: Display: ShaderCodeLibraryPakFileMountedCallback: PakFile 'C:/Program Files/Epic Games/UE_4.27/FeaturePacks/TP_FlyingBP.upack' (chunk index -1, root 'root:/') mounted
[2023.06.22-08.43.55:137][  0]LogShaderLibrary: Display: ShaderCodeLibraryPakFileMountedCallback: pending pak file info (ChunkID:-1 Root:root:/ File:C:/Program Files/Epic Games/UE_4.27/FeaturePacks/TP_FlyingBP.upack)
[2023.06.22-08.43.55:137][  0]LogPakFile: OnPakFileMounted2Time == 0.000100
[2023.06.22-08.43.55:140][  0]LogPakFile: PakFile PrimaryIndexSize=188
[2023.06.22-08.43.55:140][  0]LogPakFile: PakFile PathHashIndexSize=101
[2023.06.22-08.43.55:140][  0]LogPakFile: PakFile FullDirectoryIndexSize=150
[2023.06.22-08.43.55:140][  0]LogShaderLibrary: Display: ShaderCodeLibraryPakFileMountedCallback: PakFile 'C:/Program Files/Epic Games/UE_4.27/FeaturePacks/TP_HandheldARBP.upack' (chunk index -1, root 'root:/') mounted
[2023.06.22-08.43.55:140][  0]LogShaderLibrary: Display: ShaderCodeLibraryPakFileMountedCallback: pending pak file info (ChunkID:-1 Root:root:/ File:C:/Program Files/Epic Games/UE_4.27/FeaturePacks/TP_HandheldARBP.upack)
[2023.06.22-08.43.55:140][  0]LogPakFile: OnPakFileMounted2Time == 0.000109
[2023.06.22-08.43.55:143][  0]LogPakFile: PakFile PrimaryIndexSize=182
[2023.06.22-08.43.55:143][  0]LogPakFile: PakFile PathHashIndexSize=101
[2023.06.22-08.43.55:143][  0]LogPakFile: PakFile FullDirectoryIndexSize=138
[2023.06.22-08.43.55:143][  0]LogShaderLibrary: Display: ShaderCodeLibraryPakFileMountedCallback: PakFile 'C:/Program Files/Epic Games/UE_4.27/FeaturePacks/TP_Puzzle.upack' (chunk index -1, root 'root:/') mounted
[2023.06.22-08.43.55:143][  0]LogShaderLibrary: Display: ShaderCodeLibraryPakFileMountedCallback: pending pak file info (ChunkID:-1 Root:root:/ File:C:/Program Files/Epic Games/UE_4.27/FeaturePacks/TP_Puzzle.upack)
[2023.06.22-08.43.55:143][  0]LogPakFile: OnPakFileMounted2Time == 0.000096
[2023.06.22-08.43.55:146][  0]LogPakFile: PakFile PrimaryIndexSize=184
[2023.06.22-08.43.55:146][  0]LogPakFile: PakFile PathHashIndexSize=101
[2023.06.22-08.43.55:146][  0]LogPakFile: PakFile FullDirectoryIndexSize=142
[2023.06.22-08.43.55:146][  0]LogShaderLibrary: Display: ShaderCodeLibraryPakFileMountedCallback: PakFile 'C:/Program Files/Epic Games/UE_4.27/FeaturePacks/TP_PuzzleBP.upack' (chunk index -1, root 'root:/') mounted
[2023.06.22-08.43.55:146][  0]LogShaderLibrary: Display: ShaderCodeLibraryPakFileMountedCallback: pending pak file info (ChunkID:-1 Root:root:/ File:C:/Program Files/Epic Games/UE_4.27/FeaturePacks/TP_PuzzleBP.upack)
[2023.06.22-08.43.55:146][  0]LogPakFile: OnPakFileMounted2Time == 0.000093
[2023.06.22-08.43.55:148][  0]LogPakFile: PakFile PrimaryIndexSize=183
[2023.06.22-08.43.55:148][  0]LogPakFile: PakFile PathHashIndexSize=101
[2023.06.22-08.43.55:148][  0]LogPakFile: PakFile FullDirectoryIndexSize=140
[2023.06.22-08.43.55:148][  0]LogShaderLibrary: Display: ShaderCodeLibraryPakFileMountedCallback: PakFile 'C:/Program Files/Epic Games/UE_4.27/FeaturePacks/TP_Rolling.upack' (chunk index -1, root 'root:/') mounted
[2023.06.22-08.43.55:148][  0]LogShaderLibrary: Display: ShaderCodeLibraryPakFileMountedCallback: pending pak file info (ChunkID:-1 Root:root:/ File:C:/Program Files/Epic Games/UE_4.27/FeaturePacks/TP_Rolling.upack)
[2023.06.22-08.43.55:148][  0]LogPakFile: OnPakFileMounted2Time == 0.000095
[2023.06.22-08.43.55:150][  0]LogPakFile: PakFile PrimaryIndexSize=185
[2023.06.22-08.43.55:150][  0]LogPakFile: PakFile PathHashIndexSize=101
[2023.06.22-08.43.55:150][  0]LogPakFile: PakFile FullDirectoryIndexSize=144
[2023.06.22-08.43.55:150][  0]LogShaderLibrary: Display: ShaderCodeLibraryPakFileMountedCallback: PakFile 'C:/Program Files/Epic Games/UE_4.27/FeaturePacks/TP_RollingBP.upack' (chunk index -1, root 'root:/') mounted
[2023.06.22-08.43.55:150][  0]LogShaderLibrary: Display: ShaderCodeLibraryPakFileMountedCallback: pending pak file info (ChunkID:-1 Root:root:/ File:C:/Program Files/Epic Games/UE_4.27/FeaturePacks/TP_RollingBP.upack)
[2023.06.22-08.43.55:150][  0]LogPakFile: OnPakFileMounted2Time == 0.000105
[2023.06.22-08.43.55:153][  0]LogPakFile: PakFile PrimaryIndexSize=188
[2023.06.22-08.43.55:153][  0]LogPakFile: PakFile PathHashIndexSize=101
[2023.06.22-08.43.55:153][  0]LogPakFile: PakFile FullDirectoryIndexSize=150
[2023.06.22-08.43.55:153][  0]LogShaderLibrary: Display: ShaderCodeLibraryPakFileMountedCallback: PakFile 'C:/Program Files/Epic Games/UE_4.27/FeaturePacks/TP_SideScroller.upack' (chunk index -1, root 'root:/') mounted
[2023.06.22-08.43.55:153][  0]LogShaderLibrary: Display: ShaderCodeLibraryPakFileMountedCallback: pending pak file info (ChunkID:-1 Root:root:/ File:C:/Program Files/Epic Games/UE_4.27/FeaturePacks/TP_SideScroller.upack)
[2023.06.22-08.43.55:153][  0]LogPakFile: OnPakFileMounted2Time == 0.000136
[2023.06.22-08.43.55:156][  0]LogPakFile: PakFile PrimaryIndexSize=190
[2023.06.22-08.43.55:156][  0]LogPakFile: PakFile PathHashIndexSize=101
[2023.06.22-08.43.55:156][  0]LogPakFile: PakFile FullDirectoryIndexSize=154
[2023.06.22-08.43.55:156][  0]LogShaderLibrary: Display: ShaderCodeLibraryPakFileMountedCallback: PakFile 'C:/Program Files/Epic Games/UE_4.27/FeaturePacks/TP_SideScrollerBP.upack' (chunk index -1, root 'root:/') mounted
[2023.06.22-08.43.55:156][  0]LogShaderLibrary: Display: ShaderCodeLibraryPakFileMountedCallback: pending pak file info (ChunkID:-1 Root:root:/ File:C:/Program Files/Epic Games/UE_4.27/FeaturePacks/TP_SideScrollerBP.upack)
[2023.06.22-08.43.55:156][  0]LogPakFile: OnPakFileMounted2Time == 0.000112
[2023.06.22-08.43.55:158][  0]LogPakFile: PakFile PrimaryIndexSize=187
[2023.06.22-08.43.55:158][  0]LogPakFile: PakFile PathHashIndexSize=101
[2023.06.22-08.43.55:158][  0]LogPakFile: PakFile FullDirectoryIndexSize=148
[2023.06.22-08.43.55:158][  0]LogShaderLibrary: Display: ShaderCodeLibraryPakFileMountedCallback: PakFile 'C:/Program Files/Epic Games/UE_4.27/FeaturePacks/TP_ThirdPerson.upack' (chunk index -1, root 'root:/') mounted
[2023.06.22-08.43.55:159][  0]LogShaderLibrary: Display: ShaderCodeLibraryPakFileMountedCallback: pending pak file info (ChunkID:-1 Root:root:/ File:C:/Program Files/Epic Games/UE_4.27/FeaturePacks/TP_ThirdPerson.upack)
[2023.06.22-08.43.55:159][  0]LogPakFile: OnPakFileMounted2Time == 0.000140
[2023.06.22-08.43.55:161][  0]LogPakFile: PakFile PrimaryIndexSize=189
[2023.06.22-08.43.55:161][  0]LogPakFile: PakFile PathHashIndexSize=101
[2023.06.22-08.43.55:161][  0]LogPakFile: PakFile FullDirectoryIndexSize=152
[2023.06.22-08.43.55:161][  0]LogShaderLibrary: Display: ShaderCodeLibraryPakFileMountedCallback: PakFile 'C:/Program Files/Epic Games/UE_4.27/FeaturePacks/TP_ThirdPersonBP.upack' (chunk index -1, root 'root:/') mounted
[2023.06.22-08.43.55:161][  0]LogShaderLibrary: Display: ShaderCodeLibraryPakFileMountedCallback: pending pak file info (ChunkID:-1 Root:root:/ File:C:/Program Files/Epic Games/UE_4.27/FeaturePacks/TP_ThirdPersonBP.upack)
[2023.06.22-08.43.55:161][  0]LogPakFile: OnPakFileMounted2Time == 0.000092
[2023.06.22-08.43.55:163][  0]LogPakFile: PakFile PrimaryIndexSize=183
[2023.06.22-08.43.55:163][  0]LogPakFile: PakFile PathHashIndexSize=101
[2023.06.22-08.43.55:163][  0]LogPakFile: PakFile FullDirectoryIndexSize=140
[2023.06.22-08.43.55:163][  0]LogShaderLibrary: Display: ShaderCodeLibraryPakFileMountedCallback: PakFile 'C:/Program Files/Epic Games/UE_4.27/FeaturePacks/TP_TopDown.upack' (chunk index -1, root 'root:/') mounted
[2023.06.22-08.43.55:163][  0]LogShaderLibrary: Display: ShaderCodeLibraryPakFileMountedCallback: pending pak file info (ChunkID:-1 Root:root:/ File:C:/Program Files/Epic Games/UE_4.27/FeaturePacks/TP_TopDown.upack)
[2023.06.22-08.43.55:164][  0]LogPakFile: OnPakFileMounted2Time == 0.000121
[2023.06.22-08.43.55:166][  0]LogPakFile: PakFile PrimaryIndexSize=185
[2023.06.22-08.43.55:166][  0]LogPakFile: PakFile PathHashIndexSize=101
[2023.06.22-08.43.55:166][  0]LogPakFile: PakFile FullDirectoryIndexSize=144
[2023.06.22-08.43.55:166][  0]LogShaderLibrary: Display: ShaderCodeLibraryPakFileMountedCallback: PakFile 'C:/Program Files/Epic Games/UE_4.27/FeaturePacks/TP_TopDownBP.upack' (chunk index -1, root 'root:/') mounted
[2023.06.22-08.43.55:166][  0]LogShaderLibrary: Display: ShaderCodeLibraryPakFileMountedCallback: pending pak file info (ChunkID:-1 Root:root:/ File:C:/Program Files/Epic Games/UE_4.27/FeaturePacks/TP_TopDownBP.upack)
[2023.06.22-08.43.55:166][  0]LogPakFile: OnPakFileMounted2Time == 0.000107
[2023.06.22-08.43.55:168][  0]LogPakFile: PakFile PrimaryIndexSize=185
[2023.06.22-08.43.55:168][  0]LogPakFile: PakFile PathHashIndexSize=101
[2023.06.22-08.43.55:168][  0]LogPakFile: PakFile FullDirectoryIndexSize=144
[2023.06.22-08.43.55:168][  0]LogShaderLibrary: Display: ShaderCodeLibraryPakFileMountedCallback: PakFile 'C:/Program Files/Epic Games/UE_4.27/FeaturePacks/TP_TwinStick.upack' (chunk index -1, root 'root:/') mounted
[2023.06.22-08.43.55:168][  0]LogShaderLibrary: Display: ShaderCodeLibraryPakFileMountedCallback: pending pak file info (ChunkID:-1 Root:root:/ File:C:/Program Files/Epic Games/UE_4.27/FeaturePacks/TP_TwinStick.upack)
[2023.06.22-08.43.55:168][  0]LogPakFile: OnPakFileMounted2Time == 0.000092
[2023.06.22-08.43.55:171][  0]LogPakFile: PakFile PrimaryIndexSize=187
[2023.06.22-08.43.55:171][  0]LogPakFile: PakFile PathHashIndexSize=101
[2023.06.22-08.43.55:171][  0]LogPakFile: PakFile FullDirectoryIndexSize=148
[2023.06.22-08.43.55:171][  0]LogShaderLibrary: Display: ShaderCodeLibraryPakFileMountedCallback: PakFile 'C:/Program Files/Epic Games/UE_4.27/FeaturePacks/TP_TwinStickBP.upack' (chunk index -1, root 'root:/') mounted
[2023.06.22-08.43.55:171][  0]LogShaderLibrary: Display: ShaderCodeLibraryPakFileMountedCallback: pending pak file info (ChunkID:-1 Root:root:/ File:C:/Program Files/Epic Games/UE_4.27/FeaturePacks/TP_TwinStickBP.upack)
[2023.06.22-08.43.55:171][  0]LogPakFile: OnPakFileMounted2Time == 0.000101
[2023.06.22-08.43.55:174][  0]LogPakFile: PakFile PrimaryIndexSize=183
[2023.06.22-08.43.55:174][  0]LogPakFile: PakFile PathHashIndexSize=101
[2023.06.22-08.43.55:174][  0]LogPakFile: PakFile FullDirectoryIndexSize=140
[2023.06.22-08.43.55:174][  0]LogShaderLibrary: Display: ShaderCodeLibraryPakFileMountedCallback: PakFile 'C:/Program Files/Epic Games/UE_4.27/FeaturePacks/TP_Vehicle.upack' (chunk index -1, root 'root:/') mounted
[2023.06.22-08.43.55:174][  0]LogShaderLibrary: Display: ShaderCodeLibraryPakFileMountedCallback: pending pak file info (ChunkID:-1 Root:root:/ File:C:/Program Files/Epic Games/UE_4.27/FeaturePacks/TP_Vehicle.upack)
[2023.06.22-08.43.55:174][  0]LogPakFile: OnPakFileMounted2Time == 0.000088
[2023.06.22-08.43.55:176][  0]LogPakFile: PakFile PrimaryIndexSize=186
[2023.06.22-08.43.55:176][  0]LogPakFile: PakFile PathHashIndexSize=101
[2023.06.22-08.43.55:176][  0]LogPakFile: PakFile FullDirectoryIndexSize=146
[2023.06.22-08.43.55:176][  0]LogShaderLibrary: Display: ShaderCodeLibraryPakFileMountedCallback: PakFile 'C:/Program Files/Epic Games/UE_4.27/FeaturePacks/TP_VehicleAdv.upack' (chunk index -1, root 'root:/') mounted
[2023.06.22-08.43.55:176][  0]LogShaderLibrary: Display: ShaderCodeLibraryPakFileMountedCallback: pending pak file info (ChunkID:-1 Root:root:/ File:C:/Program Files/Epic Games/UE_4.27/FeaturePacks/TP_VehicleAdv.upack)
[2023.06.22-08.43.55:176][  0]LogPakFile: OnPakFileMounted2Time == 0.000120
[2023.06.22-08.43.55:179][  0]LogPakFile: PakFile PrimaryIndexSize=188
[2023.06.22-08.43.55:179][  0]LogPakFile: PakFile PathHashIndexSize=101
[2023.06.22-08.43.55:179][  0]LogPakFile: PakFile FullDirectoryIndexSize=150
[2023.06.22-08.43.55:179][  0]LogShaderLibrary: Display: ShaderCodeLibraryPakFileMountedCallback: PakFile 'C:/Program Files/Epic Games/UE_4.27/FeaturePacks/TP_VehicleAdvBP.upack' (chunk index -1, root 'root:/') mounted
[2023.06.22-08.43.55:179][  0]LogShaderLibrary: Display: ShaderCodeLibraryPakFileMountedCallback: pending pak file info (ChunkID:-1 Root:root:/ File:C:/Program Files/Epic Games/UE_4.27/FeaturePacks/TP_VehicleAdvBP.upack)
[2023.06.22-08.43.55:179][  0]LogPakFile: OnPakFileMounted2Time == 0.000096
[2023.06.22-08.43.55:182][  0]LogPakFile: PakFile PrimaryIndexSize=185
[2023.06.22-08.43.55:182][  0]LogPakFile: PakFile PathHashIndexSize=101
[2023.06.22-08.43.55:182][  0]LogPakFile: PakFile FullDirectoryIndexSize=144
[2023.06.22-08.43.55:182][  0]LogShaderLibrary: Display: ShaderCodeLibraryPakFileMountedCallback: PakFile 'C:/Program Files/Epic Games/UE_4.27/FeaturePacks/TP_VehicleBP.upack' (chunk index -1, root 'root:/') mounted
[2023.06.22-08.43.55:182][  0]LogShaderLibrary: Display: ShaderCodeLibraryPakFileMountedCallback: pending pak file info (ChunkID:-1 Root:root:/ File:C:/Program Files/Epic Games/UE_4.27/FeaturePacks/TP_VehicleBP.upack)
[2023.06.22-08.43.55:182][  0]LogPakFile: OnPakFileMounted2Time == 0.000090
[2023.06.22-08.43.55:185][  0]LogPakFile: PakFile PrimaryIndexSize=192
[2023.06.22-08.43.55:185][  0]LogPakFile: PakFile PathHashIndexSize=101
[2023.06.22-08.43.55:185][  0]LogPakFile: PakFile FullDirectoryIndexSize=158
[2023.06.22-08.43.55:185][  0]LogShaderLibrary: Display: ShaderCodeLibraryPakFileMountedCallback: PakFile 'C:/Program Files/Epic Games/UE_4.27/FeaturePacks/TP_VirtualRealityBP.upack' (chunk index -1, root 'root:/') mounted
[2023.06.22-08.43.55:185][  0]LogShaderLibrary: Display: ShaderCodeLibraryPakFileMountedCallback: pending pak file info (ChunkID:-1 Root:root:/ File:C:/Program Files/Epic Games/UE_4.27/FeaturePacks/TP_VirtualRealityBP.upack)
[2023.06.22-08.43.55:185][  0]LogPakFile: OnPakFileMounted2Time == 0.000094
[2023.06.22-08.43.55:500][  0]LogNativeClassHierarchy: Verbose: Native class hierarchy updated for 'AddContentDialog' in 0.0004 seconds. Added 0 classes and 0 folders.
[2023.06.22-08.43.55:502][  0]LogNativeClassHierarchy: Verbose: Native class hierarchy updated for 'SceneOutliner' in 0.0004 seconds. Added 2 classes and 0 folders.
[2023.06.22-08.43.55:583][  0]LogSlate: Took 0.000298 seconds to synchronously load lazily loaded font '../../../Engine/Content/Slate/Fonts/Roboto-Regular.ttf' (155K)
[2023.06.22-08.43.55:585][  0]LogSlate: Took 0.000770 seconds to synchronously load lazily loaded font '../../../Engine/Content/Editor/Slate/Fonts/FontAwesome.ttf' (139K)
[2023.06.22-08.43.55:588][  0]LogSlate: Took 0.000317 seconds to synchronously load lazily loaded font '../../../Engine/Content/Slate/Fonts/Roboto-Bold.ttf' (160K)
[2023.06.22-08.43.55:769][  0]LogRenderer: Reallocating scene render targets to support 964x428 Format 9 NumSamples 1 (Frame:1).
[2023.06.22-08.43.55:882][  0]LogSlate: Took 0.000917 seconds to synchronously load lazily loaded font '../../../Engine/Content/Slate/Fonts/Roboto-Light.ttf' (167K)
[2023.06.22-08.43.56:055][  0]LogNativeClassHierarchy: Verbose: Native class hierarchy updated for 'HierarchicalLODOutliner' in 0.0008 seconds. Added 0 classes and 0 folders.
[2023.06.22-08.43.56:057][  0]LogInput: Warning: Action Jump uses invalid key OculusGo_Left_Trigger_Click.
[2023.06.22-08.43.56:057][  0]LogInput: Warning: Action ResetVR uses invalid key OculusGo_Left_Trackpad_Click.
[2023.06.22-08.43.56:057][  0]LogInput: Warning: Use -RemoveInvalidKeys to remove instances of these keys from the action mapping.
[2023.06.22-08.43.56:057][  0]LogLoad: (Engine Initialization) Total time: 21.95 seconds
[2023.06.22-08.43.56:057][  0]LogLoad: (Engine Initialization) Total Blueprint compile time: 0.00 seconds
[2023.06.22-08.43.56:152][  0]LogContentStreaming: Texture pool size now 800 MB
[2023.06.22-08.43.56:287][  1]LogAssetRegistry: Asset discovery search completed in 11.9244 seconds
[2023.06.22-08.43.56:306][  1]LogCollectionManager: Fixed up redirectors for 0 collections in 0.000006 seconds (updated 0 objects)
[2023.06.22-08.43.57:128][ 13]LogSlate: Took 0.000635 seconds to synchronously load lazily loaded font '../../../Engine/Content/Slate/Fonts/Roboto-Light.ttf' (167K)
[2023.06.22-08.44.00:635][174]LogTemp: Repeating last play command: Selected Viewport
[2023.06.22-08.44.00:660][174]LogPlayLevel: PlayLevel: No blueprints needed recompiling
[2023.06.22-08.44.00:662][174]PIE: New page: PIE session: ThirdPersonExampleMap (2023. 6. 23. 오전 2:44:00)
[2023.06.22-08.44.00:663][174]LogOnline: OSS: Creating online subsystem instance for: NULL
[2023.06.22-08.44.00:666][174]LogOnline: OSS: TryLoadSubsystemAndSetDefault: Loaded subsystem for module [NULL]
[2023.06.22-08.44.00:666][174]LogPlayLevel: Creating play world package: /Game/ThirdPersonCPP/Maps/UEDPIE_0_ThirdPersonExampleMap
[2023.06.22-08.44.00:689][174]LogPlayLevel: PIE: StaticDuplicateObject took: (0.022968s)
[2023.06.22-08.44.00:690][174]LogAIModule: Creating AISystem for world ThirdPersonExampleMap
[2023.06.22-08.44.00:691][174]LogPlayLevel: PIE: World Init took: (0.001847s)
[2023.06.22-08.44.00:691][174]LogPlayLevel: PIE: Created PIE world by copying editor world from /Game/ThirdPersonCPP/Maps/ThirdPersonExampleMap.ThirdPersonExampleMap to /Game/ThirdPersonCPP/Maps/UEDPIE_0_ThirdPersonExampleMap.ThirdPersonExampleMap (0.025140s)
[2023.06.22-08.44.00:704][174]LogUObjectHash: Compacting FUObjectHashTables data took   1.09ms
[2023.06.22-08.44.00:709][174]LogAudio: Display: Creating Audio Device:                 Id: 2, Scope: Unique, Realtime: True
[2023.06.22-08.44.00:709][174]LogAudioMixer: Display: Audio Mixer Platform Settings:
[2023.06.22-08.44.00:709][174]LogAudioMixer: Display: 	Sample Rate:						  48000
[2023.06.22-08.44.00:709][174]LogAudioMixer: Display: 	Callback Buffer Frame Size Requested: 1024
[2023.06.22-08.44.00:710][174]LogAudioMixer: Display: 	Callback Buffer Frame Size To Use:	  1024
[2023.06.22-08.44.00:710][174]LogAudioMixer: Display: 	Number of buffers to queue:			  2
[2023.06.22-08.44.00:710][174]LogAudioMixer: Display: 	Max Channels (voices):				  32
[2023.06.22-08.44.00:710][174]LogAudioMixer: Display: 	Number of Async Source Workers:		  0
[2023.06.22-08.44.00:710][174]LogAudio: Display: AudioDevice MaxSources: 32
[2023.06.22-08.44.00:710][174]LogAudio: Display: Audio Spatialization Plugin: None (built-in).
[2023.06.22-08.44.00:710][174]LogAudio: Display: Audio Reverb Plugin: None (built-in).
[2023.06.22-08.44.00:710][174]LogAudio: Display: Audio Occlusion Plugin: None (built-in).
[2023.06.22-08.44.00:710][174]LogAudioMixer: Display: Initializing audio mixer.
[2023.06.22-08.44.00:719][174]LogAudioMixer: Display: 0: FrontLeft
[2023.06.22-08.44.00:719][174]LogAudioMixer: Display: 1: FrontRight
[2023.06.22-08.44.00:751][174]LogAudioMixer: Display: Using Audio Device 스피커(Realtek(R) Audio)
[2023.06.22-08.44.00:751][174]LogAudioMixer: Display: Initializing Sound Submixes...
[2023.06.22-08.44.00:751][174]LogAudioMixer: Display: Creating Master Submix 'MasterSubmixDefault'
[2023.06.22-08.44.00:751][174]LogAudioMixer: Display: Creating Master Submix 'MasterReverbSubmixDefault'
[2023.06.22-08.44.00:751][174]LogAudioMixer: Display: Creating Master Submix 'MasterEQSubmixDefault'
[2023.06.22-08.44.00:752][174]LogAudioMixer: FMixerPlatformXAudio2::StartAudioStream() called
[2023.06.22-08.44.00:752][174]LogAudioMixer: Display: Output buffers initialized: Frames=1024, Channels=2, Samples=2048
[2023.06.22-08.44.00:753][174]LogAudioMixer: Display: Starting AudioMixerPlatformInterface::RunInternal()
[2023.06.22-08.44.00:753][174]LogAudioMixer: Display: FMixerPlatformXAudio2::SubmitBuffer() called for the first time
[2023.06.22-08.44.00:753][174]LogInit: FAudioDevice initialized.
[2023.06.22-08.44.00:753][174]LogAudio: Display: Audio Device (ID: 2) registered with world 'ThirdPersonExampleMap'.
[2023.06.22-08.44.00:771][174]LogLoad: Game class is 'BP_gjGameModeBase_C'
[2023.06.22-08.44.00:774][174]LogWorld: Bringing World /Game/ThirdPersonCPP/Maps/UEDPIE_0_ThirdPersonExampleMap.ThirdPersonExampleMap up for play (max tick rate 60) at 2023.06.22-17.44.00
[2023.06.22-08.44.00:775][174]LogWorld: Bringing up level for play took: 0.002341
[2023.06.22-08.44.00:775][174]LogOnline: OSS: Creating online subsystem instance for: :Context_1
[2023.06.22-08.44.00:782][174]LogNativeClassHierarchy: Verbose: Native class hierarchy updated for 'MovieSceneCapture' in 0.0004 seconds. Added 20 classes and 0 folders.
[2023.06.22-08.44.00:782][174]LogTemp: Warning: Log Message
[2023.06.22-08.44.04:655][174]LogWindows: Error: === Critical error: ===
[2023.06.22-08.44.04:655][174]LogWindows: Error: 
[2023.06.22-08.44.04:655][174]LogWindows: Error: Fatal error!
[2023.06.22-08.44.04:655][174]LogWindows: Error: 
[2023.06.22-08.44.04:655][174]LogWindows: Error: Unhandled Exception: EXCEPTION_ACCESS_VIOLATION reading address 0x00000000000001b8
[2023.06.22-08.44.04:655][174]LogWindows: Error: 
[2023.06.22-08.44.04:655][174]LogWindows: Error: [Callstack] 0x00007ffe13f58ad9 UE4Editor-Engine.dll!UnknownFunction []
[2023.06.22-08.44.04:655][174]LogWindows: Error: [Callstack] 0x00007ffe13f5a908 UE4Editor-Engine.dll!UnknownFunction []
[2023.06.22-08.44.04:656][174]LogWindows: Error: [Callstack] 0x00007ffdfc775ea6 UE4Editor-gj-0092.dll!UScentGenerator::Expand() [C:\Users\2jh09\Desktop\Github\Gamejam_2023_1\gj\Source\gj\ScentGenerator.cpp:19]
[2023.06.22-08.44.04:656][174]LogWindows: Error: [Callstack] 0x00007ffdfc776008 UE4Editor-gj-0092.dll!UScentGenerator::GetPooledObject() [C:\Users\2jh09\Desktop\Github\Gamejam_2023_1\gj\Source\gj\ScentGenerator.cpp:13]
[2023.06.22-08.44.04:656][174]LogWindows: Error: [Callstack] 0x00007ffe149cfb3e UE4Editor-Engine.dll!UnknownFunction []
[2023.06.22-08.44.04:656][174]LogWindows: Error: [Callstack] 0x00007ffe13d8eb09 UE4Editor-Engine.dll!UnknownFunction []
[2023.06.22-08.44.04:656][174]LogWindows: Error: [Callstack] 0x00007ffe6cf02c45 UE4Editor-UnrealEd.dll!UnknownFunction []
[2023.06.22-08.44.04:656][174]LogWindows: Error: [Callstack] 0x00007ffe6cf2622f UE4Editor-UnrealEd.dll!UnknownFunction []
[2023.06.22-08.44.04:656][174]LogWindows: Error: [Callstack] 0x00007ffe6cf0397d UE4Editor-UnrealEd.dll!UnknownFunction []
[2023.06.22-08.44.04:656][174]LogWindows: Error: [Callstack] 0x00007ffe6cf43772 UE4Editor-UnrealEd.dll!UnknownFunction []
[2023.06.22-08.44.04:656][174]LogWindows: Error: [Callstack] 0x00007ffe6cf46d31 UE4Editor-UnrealEd.dll!UnknownFunction []
[2023.06.22-08.44.04:656][174]LogWindows: Error: [Callstack] 0x00007ffe6cf465f8 UE4Editor-UnrealEd.dll!UnknownFunction []
[2023.06.22-08.44.04:656][174]LogWindows: Error: [Callstack] 0x00007ffe6c9a0c8c UE4Editor-UnrealEd.dll!UnknownFunction []
[2023.06.22-08.44.04:656][174]LogWindows: Error: [Callstack] 0x00007ffe6d2a2ba6 UE4Editor-UnrealEd.dll!UnknownFunction []
[2023.06.22-08.44.04:656][174]LogWindows: Error: [Callstack] 0x00007ff7ae7387a0 UE4Editor.exe!UnknownFunction []
[2023.06.22-08.44.04:656][174]LogWindows: Error: [Callstack] 0x00007ff7ae750fcc UE4Editor.exe!UnknownFunction []
[2023.06.22-08.44.04:656][174]LogWindows: Error: [Callstack] 0x00007ff7ae7510ba UE4Editor.exe!UnknownFunction []
[2023.06.22-08.44.04:656][174]LogWindows: Error: [Callstack] 0x00007ff7ae7540dd UE4Editor.exe!UnknownFunction []
[2023.06.22-08.44.04:656][174]LogWindows: Error: [Callstack] 0x00007ff7ae765984 UE4Editor.exe!UnknownFunction []
[2023.06.22-08.44.04:656][174]LogWindows: Error: [Callstack] 0x00007ff7ae76853a UE4Editor.exe!UnknownFunction []
[2023.06.22-08.44.04:656][174]LogWindows: Error: [Callstack] 0x00007ffef59b26ad KERNEL32.DLL!UnknownFunction []
[2023.06.22-08.44.04:656][174]LogWindows: Error: [Callstack] 0x00007ffef772a9f8 ntdll.dll!UnknownFunction []
[2023.06.22-08.44.04:656][174]LogWindows: Error: 
[2023.06.22-08.44.04:667][174]LogExit: Executing StaticShutdownAfterError
[2023.06.22-08.44.04:669][174]LogWindows: FPlatformMisc::RequestExit(1)
[2023.06.22-08.44.04:669][174]LogWindows: FPlatformMisc::RequestExitWithStatus(1, 3)
[2023.06.22-08.44.04:669][174]LogCore: Engine exit requested (reason: Win RequestExit)
[2023.06.22-08.44.04:684][174]Log file closed, 06/22/23 17:44:04
