Log file open, 06/23/23 03:02:54
LogWindows: Failed to load 'aqProf.dll' (GetLastError=126)
LogWindows: File 'aqProf.dll' does not exist
LogWindows: Failed to load 'VtuneApi.dll' (GetLastError=126)
LogWindows: File 'VtuneApi.dll' does not exist
LogWindows: Failed to load 'VtuneApi32e.dll' (GetLastError=126)
LogWindows: File 'VtuneApi32e.dll' does not exist
LogConsoleResponse: Display: Failed to find resolution value strings in scalability ini. Falling back to default.
LogConsoleResponse: Display: Failed to find resolution value strings in scalability ini. Falling back to default.
LogInit: Display: Running engine for game: gj
LogPlatformFile: Not using cached read wrapper
LogTaskGraph: Started task graph with 5 named threads and 59 total threads with 3 sets of task threads.
LogStats: Stats thread started at 0.163203
LogICUInternationalization: ICU TimeZone Detection - Raw Offset: +9:00, Platform Override: ''
LogInit: Display: Loading text-based GConfig....
LogPluginManager: Mounting plugin MeshPainting
LogPluginManager: Mounting plugin XGEController
LogPluginManager: Mounting plugin Paper2D
LogPluginManager: Mounting plugin AISupport
LogPluginManager: Mounting plugin EnvironmentQueryEditor
LogPluginManager: Mounting plugin LiveLink
LogPluginManager: Mounting plugin LightPropagationVolume
LogPluginManager: Mounting plugin CameraShakePreviewer
LogPluginManager: Mounting plugin GameplayCameras
LogPluginManager: Mounting plugin OodleNetwork
LogPluginManager: Mounting plugin AnimationSharing
LogPluginManager: Mounting plugin OodleData
LogPluginManager: Mounting plugin CodeLiteSourceCodeAccess
LogPluginManager: Mounting plugin CLionSourceCodeAccess
LogPluginManager: Mounting plugin KDevelopSourceCodeAccess
LogPluginManager: Mounting plugin NullSourceCodeAccess
LogPluginManager: Mounting plugin GitSourceControl
LogPluginManager: Mounting plugin PixWinPlugin
LogPluginManager: Mounting plugin PlasticSourceControl
LogPluginManager: Mounting plugin PluginUtils
LogPluginManager: Mounting plugin PropertyAccessNode
LogPluginManager: Mounting plugin PerforceSourceControl
LogPluginManager: Mounting plugin RiderSourceCodeAccess
LogPluginManager: Mounting plugin SubversionSourceControl
LogPluginManager: Mounting plugin TextureFormatOodle
LogPluginManager: Mounting plugin UObjectPlugin
LogPluginManager: Mounting plugin VisualStudioCodeSourceCodeAccess
LogPluginManager: Mounting plugin XCodeSourceCodeAccess
LogPluginManager: Mounting plugin DatasmithContent
LogPluginManager: Mounting plugin VisualStudioSourceCodeAccess
LogPluginManager: Mounting plugin VariantManagerContent
LogPluginManager: Mounting plugin AutomationUtils
LogPluginManager: Mounting plugin AlembicImporter
LogPluginManager: Mounting plugin BackChannel
LogPluginManager: Mounting plugin ChaosCloth
LogPluginManager: Mounting plugin ChaosClothEditor
LogPluginManager: Mounting plugin ChaosNiagara
LogPluginManager: Mounting plugin ChaosEditor
LogPluginManager: Mounting plugin CharacterAI
LogPluginManager: Mounting plugin ChaosSolverPlugin
LogPluginManager: Mounting plugin FacialAnimation
LogPluginManager: Mounting plugin GameplayTagsEditor
LogPluginManager: Mounting plugin CryptoKeys
LogPluginManager: Mounting plugin AssetManagerEditor
LogPluginManager: Mounting plugin DataValidation
LogPluginManager: Mounting plugin GeometryMode
LogPluginManager: Mounting plugin CurveEditorTools
LogPluginManager: Mounting plugin MacGraphicsSwitching
LogPluginManager: Mounting plugin MaterialAnalyzer
LogPluginManager: Mounting plugin PluginBrowser
LogPluginManager: Mounting plugin SpeedTreeImporter
LogPluginManager: Mounting plugin MobileLauncherProfileWizard
LogPluginManager: Mounting plugin GeometryCache
LogPluginManager: Mounting plugin Niagara
LogPluginManager: Mounting plugin GeometryCollectionPlugin
LogPluginManager: Mounting plugin GeometryProcessing
LogPluginManager: Mounting plugin OpenImageDenoise
LogPluginManager: Mounting plugin MotoSynth
LogPluginManager: Mounting plugin PlanarCut
LogPluginManager: Mounting plugin PlatformCrypto
LogPluginManager: Mounting plugin ProxyLODPlugin
LogPluginManager: Mounting plugin SkeletalReduction
LogPluginManager: Mounting plugin MagicLeapLightEstimation
LogPluginManager: Mounting plugin MagicLeap
LogPluginManager: Mounting plugin AndroidMedia
LogPluginManager: Mounting plugin LuminPlatformFeatures
LogPluginManager: Mounting plugin AvfMedia
LogPluginManager: Mounting plugin PythonScriptPlugin
LogPluginManager: Mounting plugin MediaCompositing
LogPluginManager: Mounting plugin MediaPlayerEditor
LogPluginManager: Mounting plugin ImgMedia
LogPluginManager: Mounting plugin WmfMedia
LogPluginManager: Mounting plugin WebMMedia
LogPluginManager: Mounting plugin ActorSequence
LogPluginManager: Mounting plugin MLSDK
LogPluginManager: Mounting plugin MagicLeapPassableWorld
LogPluginManager: Mounting plugin MagicLeapMedia
LogPluginManager: Mounting plugin LevelSequenceEditor
LogPluginManager: Mounting plugin TcpMessaging
LogPluginManager: Mounting plugin UdpMessaging
LogPluginManager: Mounting plugin TemplateSequence
LogPluginManager: Mounting plugin MatineeToLevelSequence
LogPluginManager: Mounting plugin OnlineSubsystem
LogPluginManager: Mounting plugin OnlineSubsystemUtils
LogPluginManager: Mounting plugin OnlineSubsystemNull
LogPluginManager: Mounting plugin AndroidDeviceProfileSelector
LogPluginManager: Mounting plugin AndroidMoviePlayer
LogPluginManager: Mounting plugin AndroidPermission
LogPluginManager: Mounting plugin AppleImageUtils
LogPluginManager: Mounting plugin AppleMoviePlayer
LogPluginManager: Mounting plugin AudioCapture
LogPluginManager: Mounting plugin CableComponent
LogPluginManager: Mounting plugin CustomMeshComponent
LogPluginManager: Mounting plugin ArchVisCharacter
LogPluginManager: Mounting plugin ActorLayerUtilities
LogPluginManager: Mounting plugin AssetTags
LogPluginManager: Mounting plugin EditableMesh
LogPluginManager: Mounting plugin ChunkDownloader
LogPluginManager: Mounting plugin AudioSynesthesia
LogPluginManager: Mounting plugin GooglePAD
LogPluginManager: Mounting plugin ExampleDeviceProfileSelector
LogPluginManager: Mounting plugin LauncherChunkInstaller
LogPluginManager: Mounting plugin GoogleCloudMessaging
LogPluginManager: Mounting plugin IOSDeviceProfileSelector
LogPluginManager: Mounting plugin LinuxDeviceProfileSelector
LogPluginManager: Mounting plugin LocationServicesBPLibrary
LogPluginManager: Mounting plugin MobilePatchingUtils
LogPluginManager: Mounting plugin OpenXR
LogPluginManager: Mounting plugin OpenXREyeTracker
LogPluginManager: Mounting plugin ScreenshotTools
LogPluginManager: Mounting plugin OpenXRHandTracking
LogPluginManager: Mounting plugin PhysXVehicles
LogPluginManager: Mounting plugin PostSplashScreen
LogPluginManager: Mounting plugin PropertyAccessEditor
LogPluginManager: Mounting plugin ProceduralMeshComponent
LogPluginManager: Mounting plugin SoundFields
LogPluginManager: Mounting plugin RuntimePhysXCooking
LogPluginManager: Mounting plugin SignificanceManager
LogPluginManager: Mounting plugin Synthesis
LogPluginManager: Mounting plugin WebMMoviePlayer
LogPluginManager: Mounting plugin Takes
LogPluginManager: Mounting plugin WindowsMoviePlayer
LogPluginManager: Mounting plugin ContentBrowserAssetDataSource
LogPluginManager: Mounting plugin ContentBrowserFileDataSource
LogPluginManager: Mounting plugin ContentBrowserClassDataSource
LogPluginManager: Mounting plugin OnlineSubsystemIOS
LogPluginManager: Mounting plugin OnlineSubsystemGooglePlay
LogPluginManager: Mounting plugin OculusVR
LogPluginManager: Mounting plugin SteamVR
PixWinPlugin: PIX capture plugin failed to initialize! Check that the process is launched from PIX.
LogInit: Using libcurl 7.55.1-DEV
LogInit:  - built for x86_64-pc-win32
LogInit:  - supports SSL with OpenSSL/1.1.1
LogInit:  - supports HTTP deflate (compression) using libz 1.2.8
LogInit:  - other features:
LogInit:      CURL_VERSION_SSL
LogInit:      CURL_VERSION_LIBZ
LogInit:      CURL_VERSION_IPV6
LogInit:      CURL_VERSION_ASYNCHDNS
LogInit:      CURL_VERSION_LARGEFILE
LogInit:      CURL_VERSION_IDN
LogInit:  CurlRequestOptions (configurable via config and command line):
LogInit:  - bVerifyPeer = true  - Libcurl will verify peer certificate
LogInit:  - bUseHttpProxy = false  - Libcurl will NOT use HTTP proxy
LogInit:  - bDontReuseConnections = false  - Libcurl will reuse connections
LogInit:  - MaxHostConnections = 16  - Libcurl will limit the number of connections to a host
LogInit:  - LocalHostAddr = Default
LogInit:  - BufferSize = 65536
LogOnline: OSS: Creating online subsystem instance for: NULL
LogInit: WinSock: version 1.1 (2.2), MaxSocks=32767, MaxUdp=65467
LogOnline: OSS: TryLoadSubsystemAndSetDefault: Loaded subsystem for module [NULL]
LogOculusPluginWrapper: OculusPlugin initialized successfully
LogHMD: Failed initializing OVRPlugin 1.59.0
LogInit: Build: ++UE4+Release-4.27-CL-18319896
LogInit: Engine Version: 4.27.2-18319896+++UE4+Release-4.27
LogInit: Compatible Engine Version: 4.27.0-17155196+++UE4+Release-4.27
LogInit: Net CL: 17155196
LogInit: OS: Windows 10 (Release 2009) (), CPU: 12th Gen Intel(R) Core(TM) i7-12700F, GPU: NVIDIA GeForce RTX 3060 Ti
LogInit: Compiled (64-bit): Nov 30 2021 07:12:08
LogInit: Compiled with Visual C++: 19.24.28315.00
LogInit: Build Configuration: Development
LogInit: Branch Name: ++UE4+Release-4.27
LogInit: Command Line: 
LogInit: Base Directory: C:/Program Files/Epic Games/UE_4.27/Engine/Binaries/Win64/
LogInit: Allocator: TBB
LogInit: Installed Engine Build: 1
LogDevObjectVersion: Number of dev versions registered: 29
LogDevObjectVersion:   Dev-Blueprints (B0D832E4-1F89-4F0D-ACCF-7EB736FD4AA2): 10
LogDevObjectVersion:   Dev-Build (E1C64328-A22C-4D53-A36C-8E866417BD8C): 0
LogDevObjectVersion:   Dev-Core (375EC13C-06E4-48FB-B500-84F0262A717E): 4
LogDevObjectVersion:   Dev-Editor (E4B068ED-F494-42E9-A231-DA0B2E46BB41): 40
LogDevObjectVersion:   Dev-Framework (CFFC743F-43B0-4480-9391-14DF171D2073): 37
LogDevObjectVersion:   Dev-Mobile (B02B49B5-BB20-44E9-A304-32B752E40360): 3
LogDevObjectVersion:   Dev-Networking (A4E4105C-59A1-49B5-A7C5-40C4547EDFEE): 0
LogDevObjectVersion:   Dev-Online (39C831C9-5AE6-47DC-9A44-9C173E1C8E7C): 0
LogDevObjectVersion:   Dev-Physics (78F01B33-EBEA-4F98-B9B4-84EACCB95AA2): 14
LogDevObjectVersion:   Dev-Platform (6631380F-2D4D-43E0-8009-CF276956A95A): 0
LogDevObjectVersion:   Dev-Rendering (12F88B9F-8875-4AFC-A67C-D90C383ABD29): 45
LogDevObjectVersion:   Dev-Sequencer (7B5AE74C-D270-4C10-A958-57980B212A5A): 13
LogDevObjectVersion:   Dev-VR (D7296918-1DD6-4BDD-9DE2-64A83CC13884): 3
LogDevObjectVersion:   Dev-LoadTimes (C2A15278-BFE7-4AFE-6C17-90FF531DF755): 1
LogDevObjectVersion:   Private-Geometry (6EACA3D4-40EC-4CC1-B786-8BED09428FC5): 3
LogDevObjectVersion:   Dev-AnimPhys (29E575DD-E0A3-4627-9D10-D276232CDCEA): 17
LogDevObjectVersion:   Dev-Anim (AF43A65D-7FD3-4947-9873-3E8ED9C1BB05): 15
LogDevObjectVersion:   Dev-ReflectionCapture (6B266CEC-1EC7-4B8F-A30B-E4D90942FC07): 1
LogDevObjectVersion:   Dev-Automation (0DF73D61-A23F-47EA-B727-89E90C41499A): 1
LogDevObjectVersion:   FortniteMain (601D1886-AC64-4F84-AA16-D3DE0DEAC7D6): 47
LogDevObjectVersion:   FortniteRelease (E7086368-6B23-4C58-8439-1B7016265E91): 1
LogDevObjectVersion:   Dev-Enterprise (9DFFBCD6-494F-0158-E221-12823C92A888): 10
LogDevObjectVersion:   Dev-Niagara (F2AED0AC-9AFE-416F-8664-AA7FFA26D6FC): 1
LogDevObjectVersion:   Dev-Destruction (174F1F0B-B4C6-45A5-B13F-2EE8D0FB917D): 10
LogDevObjectVersion:   Dev-Physics-Ext (35F94A83-E258-406C-A318-09F59610247C): 41
LogDevObjectVersion:   Dev-PhysicsMaterial-Chaos (B68FC16E-8B1B-42E2-B453-215C058844FE): 1
LogDevObjectVersion:   Dev-CineCamera (B2E18506-4273-CFC2-A54E-F4BB758BBA07): 1
LogDevObjectVersion:   Dev-VirtualProduction (64F58936-FD1B-42BA-BA96-7289D5D0FA4E): 1
LogDevObjectVersion:   Dev-MediaFramework (6F0ED827-A609-4895-9C91-998D90180EA4): 2
LogInit: Presizing for max 25165824 objects, including 0 objects not considered by GC, pre-allocating 0 bytes for permanent pool.
LogConfig: Applying CVar settings from Section [/Script/Engine.StreamingSettings] File [C:/Users/G418-23/Desktop/gamejam/Gamejam_2023_1/gj/Saved/Config/Windows/Engine.ini]
LogConfig: Setting CVar [[s.MinBulkDataSizeForAsyncLoading:131072]]
LogConfig: Setting CVar [[s.AsyncLoadingThreadEnabled:0]]
LogConfig: Setting CVar [[s.EventDrivenLoaderEnabled:1]]
LogConfig: Setting CVar [[s.WarnIfTimeLimitExceeded:0]]
LogConfig: Setting CVar [[s.TimeLimitExceededMultiplier:1.5]]
LogConfig: Setting CVar [[s.TimeLimitExceededMinTime:0.005]]
LogConfig: Setting CVar [[s.UseBackgroundLevelStreaming:1]]
LogConfig: Setting CVar [[s.PriorityAsyncLoadingExtraTime:15.0]]
LogConfig: Setting CVar [[s.LevelStreamingActorsUpdateTimeLimit:5.0]]
LogConfig: Setting CVar [[s.PriorityLevelStreamingActorsUpdateExtraTime:5.0]]
LogConfig: Setting CVar [[s.LevelStreamingComponentsRegistrationGranularity:10]]
LogConfig: Setting CVar [[s.UnregisterComponentsTimeLimit:1.0]]
LogConfig: Setting CVar [[s.LevelStreamingComponentsUnregistrationGranularity:5]]
LogConfig: Setting CVar [[s.FlushStreamingOnExit:1]]
LogInit: Object subsystem initialized
LogConfig: Setting CVar [[con.DebugEarlyDefault:1]]
LogConfig: Setting CVar [[r.setres:1280x720]]
[2023.06.22-18.02.54:807][  0]LogConfig: Setting CVar [[r.VSync:0]]
[2023.06.22-18.02.54:807][  0]LogConfig: Setting CVar [[r.RHICmdBypass:0]]
[2023.06.22-18.02.54:807][  0]LogConfig: Applying CVar settings from Section [/Script/Engine.RendererSettings] File [C:/Users/G418-23/Desktop/gamejam/Gamejam_2023_1/gj/Saved/Config/Windows/Engine.ini]
[2023.06.22-18.02.54:807][  0]LogConfig: Setting CVar [[r.GPUCrashDebugging:0]]
[2023.06.22-18.02.54:807][  0]LogConfig: Applying CVar settings from Section [/Script/Engine.RendererOverrideSettings] File [C:/Users/G418-23/Desktop/gamejam/Gamejam_2023_1/gj/Saved/Config/Windows/Engine.ini]
[2023.06.22-18.02.54:807][  0]LogConfig: Applying CVar settings from Section [/Script/Engine.StreamingSettings] File [C:/Users/G418-23/Desktop/gamejam/Gamejam_2023_1/gj/Saved/Config/Windows/Engine.ini]
[2023.06.22-18.02.54:807][  0]LogConfig: Setting CVar [[s.MinBulkDataSizeForAsyncLoading:131072]]
[2023.06.22-18.02.54:807][  0]LogConfig: Setting CVar [[s.AsyncLoadingThreadEnabled:0]]
[2023.06.22-18.02.54:807][  0]LogConfig: Setting CVar [[s.EventDrivenLoaderEnabled:1]]
[2023.06.22-18.02.54:807][  0]LogConfig: Setting CVar [[s.WarnIfTimeLimitExceeded:0]]
[2023.06.22-18.02.54:807][  0]LogConfig: Setting CVar [[s.TimeLimitExceededMultiplier:1.5]]
[2023.06.22-18.02.54:807][  0]LogConfig: Setting CVar [[s.TimeLimitExceededMinTime:0.005]]
[2023.06.22-18.02.54:807][  0]LogConfig: Setting CVar [[s.UseBackgroundLevelStreaming:1]]
[2023.06.22-18.02.54:807][  0]LogConfig: Setting CVar [[s.PriorityAsyncLoadingExtraTime:15.0]]
[2023.06.22-18.02.54:807][  0]LogConfig: Setting CVar [[s.LevelStreamingActorsUpdateTimeLimit:5.0]]
[2023.06.22-18.02.54:807][  0]LogConfig: Setting CVar [[s.PriorityLevelStreamingActorsUpdateExtraTime:5.0]]
[2023.06.22-18.02.54:807][  0]LogConfig: Setting CVar [[s.LevelStreamingComponentsRegistrationGranularity:10]]
[2023.06.22-18.02.54:807][  0]LogConfig: Setting CVar [[s.UnregisterComponentsTimeLimit:1.0]]
[2023.06.22-18.02.54:807][  0]LogConfig: Setting CVar [[s.LevelStreamingComponentsUnregistrationGranularity:5]]
[2023.06.22-18.02.54:807][  0]LogConfig: Setting CVar [[s.FlushStreamingOnExit:1]]
[2023.06.22-18.02.54:807][  0]LogConfig: Applying CVar settings from Section [/Script/Engine.GarbageCollectionSettings] File [C:/Users/G418-23/Desktop/gamejam/Gamejam_2023_1/gj/Saved/Config/Windows/Engine.ini]
[2023.06.22-18.02.54:807][  0]LogConfig: Setting CVar [[gc.MaxObjectsNotConsideredByGC:1]]
[2023.06.22-18.02.54:807][  0]LogConfig: Setting CVar [[gc.SizeOfPermanentObjectPool:0]]
[2023.06.22-18.02.54:807][  0]LogConfig: Setting CVar [[gc.FlushStreamingOnGC:0]]
[2023.06.22-18.02.54:807][  0]LogConfig: Setting CVar [[gc.NumRetriesBeforeForcingGC:10]]
[2023.06.22-18.02.54:807][  0]LogConfig: Setting CVar [[gc.AllowParallelGC:1]]
[2023.06.22-18.02.54:807][  0]LogConfig: Setting CVar [[gc.TimeBetweenPurgingPendingKillObjects:61.1]]
[2023.06.22-18.02.54:807][  0]LogConfig: Setting CVar [[gc.MaxObjectsInEditor:25165824]]
[2023.06.22-18.02.54:807][  0]LogConfig: Setting CVar [[gc.IncrementalBeginDestroyEnabled:1]]
[2023.06.22-18.02.54:807][  0]LogConfig: Setting CVar [[gc.CreateGCClusters:1]]
[2023.06.22-18.02.54:807][  0]LogConfig: Setting CVar [[gc.MinGCClusterSize:5]]
[2023.06.22-18.02.54:807][  0]LogConfig: Setting CVar [[gc.ActorClusteringEnabled:0]]
[2023.06.22-18.02.54:807][  0]LogConfig: Setting CVar [[gc.BlueprintClusteringEnabled:0]]
[2023.06.22-18.02.54:807][  0]LogConfig: Setting CVar [[gc.UseDisregardForGCOnDedicatedServers:0]]
[2023.06.22-18.02.54:807][  0]LogConfig: Setting CVar [[gc.MultithreadedDestructionEnabled:1]]
[2023.06.22-18.02.54:807][  0]LogConfig: Applying CVar settings from Section [/Script/Engine.NetworkSettings] File [C:/Users/G418-23/Desktop/gamejam/Gamejam_2023_1/gj/Saved/Config/Windows/Engine.ini]
[2023.06.22-18.02.54:807][  0]LogConfig: Applying CVar settings from Section [/Script/UnrealEd.CookerSettings] File [C:/Users/G418-23/Desktop/gamejam/Gamejam_2023_1/gj/Saved/Config/Windows/Engine.ini]
[2023.06.22-18.02.54:810][  0]LogConfig: Applying CVar settings from Section [ViewDistanceQuality@3] File [C:/Users/G418-23/Desktop/gamejam/Gamejam_2023_1/gj/Saved/Config/Windows/Scalability.ini]
[2023.06.22-18.02.54:810][  0]LogConfig: Setting CVar [[r.SkeletalMeshLODBias:0]]
[2023.06.22-18.02.54:810][  0]LogConfig: Setting CVar [[r.ViewDistanceScale:1.0]]
[2023.06.22-18.02.54:810][  0]LogConfig: Applying CVar settings from Section [AntiAliasingQuality@3] File [C:/Users/G418-23/Desktop/gamejam/Gamejam_2023_1/gj/Saved/Config/Windows/Scalability.ini]
[2023.06.22-18.02.54:810][  0]LogConfig: Setting CVar [[r.PostProcessAAQuality:4]]
[2023.06.22-18.02.54:810][  0]LogConfig: Applying CVar settings from Section [ShadowQuality@3] File [C:/Users/G418-23/Desktop/gamejam/Gamejam_2023_1/gj/Saved/Config/Windows/Scalability.ini]
[2023.06.22-18.02.54:810][  0]LogConfig: Setting CVar [[r.LightFunctionQuality:1]]
[2023.06.22-18.02.54:810][  0]LogConfig: Setting CVar [[r.ShadowQuality:5]]
[2023.06.22-18.02.54:810][  0]LogConfig: Setting CVar [[r.Shadow.CSM.MaxCascades:10]]
[2023.06.22-18.02.54:810][  0]LogConfig: Setting CVar [[r.Shadow.MaxResolution:2048]]
[2023.06.22-18.02.54:810][  0]LogConfig: Setting CVar [[r.Shadow.MaxCSMResolution:2048]]
[2023.06.22-18.02.54:810][  0]LogConfig: Setting CVar [[r.Shadow.RadiusThreshold:0.01]]
[2023.06.22-18.02.54:810][  0]LogConfig: Setting CVar [[r.Shadow.DistanceScale:1.0]]
[2023.06.22-18.02.54:810][  0]LogConfig: Setting CVar [[r.Shadow.CSM.TransitionScale:1.0]]
[2023.06.22-18.02.54:810][  0]LogConfig: Setting CVar [[r.Shadow.PreShadowResolutionFactor:1.0]]
[2023.06.22-18.02.54:810][  0]LogConfig: Setting CVar [[r.DistanceFieldShadowing:1]]
[2023.06.22-18.02.54:810][  0]LogConfig: Setting CVar [[r.DistanceFieldAO:1]]
[2023.06.22-18.02.54:810][  0]LogConfig: Setting CVar [[r.AOQuality:2]]
[2023.06.22-18.02.54:810][  0]LogConfig: Setting CVar [[r.VolumetricFog:1]]
[2023.06.22-18.02.54:810][  0]LogConfig: Setting CVar [[r.VolumetricFog.GridPixelSize:8]]
[2023.06.22-18.02.54:810][  0]LogConfig: Setting CVar [[r.VolumetricFog.GridSizeZ:128]]
[2023.06.22-18.02.54:810][  0]LogConfig: Setting CVar [[r.VolumetricFog.HistoryMissSupersampleCount:4]]
[2023.06.22-18.02.54:810][  0]LogConfig: Setting CVar [[r.LightMaxDrawDistanceScale:1]]
[2023.06.22-18.02.54:810][  0]LogConfig: Setting CVar [[r.CapsuleShadows:1]]
[2023.06.22-18.02.54:810][  0]LogConfig: Applying CVar settings from Section [PostProcessQuality@3] File [C:/Users/G418-23/Desktop/gamejam/Gamejam_2023_1/gj/Saved/Config/Windows/Scalability.ini]
[2023.06.22-18.02.54:810][  0]LogConfig: Setting CVar [[r.MotionBlurQuality:4]]
[2023.06.22-18.02.54:810][  0]LogConfig: Setting CVar [[r.AmbientOcclusionMipLevelFactor:0.4]]
[2023.06.22-18.02.54:810][  0]LogConfig: Setting CVar [[r.AmbientOcclusionMaxQuality:100]]
[2023.06.22-18.02.54:810][  0]LogConfig: Setting CVar [[r.AmbientOcclusionLevels:-1]]
[2023.06.22-18.02.54:810][  0]LogConfig: Setting CVar [[r.AmbientOcclusionRadiusScale:1.0]]
[2023.06.22-18.02.54:810][  0]LogConfig: Setting CVar [[r.DepthOfFieldQuality:2]]
[2023.06.22-18.02.54:810][  0]LogConfig: Setting CVar [[r.RenderTargetPoolMin:400]]
[2023.06.22-18.02.54:810][  0]LogConfig: Setting CVar [[r.LensFlareQuality:2]]
[2023.06.22-18.02.54:810][  0]LogConfig: Setting CVar [[r.SceneColorFringeQuality:1]]
[2023.06.22-18.02.54:810][  0]LogConfig: Setting CVar [[r.EyeAdaptationQuality:2]]
[2023.06.22-18.02.54:810][  0]LogConfig: Setting CVar [[r.BloomQuality:5]]
[2023.06.22-18.02.54:810][  0]LogConfig: Setting CVar [[r.FastBlurThreshold:100]]
[2023.06.22-18.02.54:810][  0]LogConfig: Setting CVar [[r.Upscale.Quality:3]]
[2023.06.22-18.02.54:810][  0]LogConfig: Setting CVar [[r.Tonemapper.GrainQuantization:1]]
[2023.06.22-18.02.54:810][  0]LogConfig: Setting CVar [[r.LightShaftQuality:1]]
[2023.06.22-18.02.54:810][  0]LogConfig: Setting CVar [[r.Filter.SizeScale:1]]
[2023.06.22-18.02.54:810][  0]LogConfig: Setting CVar [[r.Tonemapper.Quality:5]]
[2023.06.22-18.02.54:810][  0]LogConfig: Setting CVar [[r.DOF.Gather.AccumulatorQuality:1        ; higher gathering accumulator quality]]
[2023.06.22-18.02.54:810][  0]LogConfig: Setting CVar [[r.DOF.Gather.PostfilterMethod:1          ; Median3x3 postfilering method]]
[2023.06.22-18.02.54:810][  0]LogConfig: Setting CVar [[r.DOF.Gather.EnableBokehSettings:0       ; no bokeh simulation when gathering]]
[2023.06.22-18.02.54:810][  0]LogConfig: Setting CVar [[r.DOF.Gather.RingCount:4                 ; medium number of samples when gathering]]
[2023.06.22-18.02.54:810][  0]LogConfig: Setting CVar [[r.DOF.Scatter.ForegroundCompositing:1    ; additive foreground scattering]]
[2023.06.22-18.02.54:810][  0]LogConfig: Setting CVar [[r.DOF.Scatter.BackgroundCompositing:2    ; additive background scattering]]
[2023.06.22-18.02.54:810][  0]LogConfig: Setting CVar [[r.DOF.Scatter.EnableBokehSettings:1      ; bokeh simulation when scattering]]
[2023.06.22-18.02.54:811][  0]LogConfig: Setting CVar [[r.DOF.Scatter.MaxSpriteRatio:0.1         ; only a maximum of 10% of scattered bokeh]]
[2023.06.22-18.02.54:811][  0]LogConfig: Setting CVar [[r.DOF.Recombine.Quality:1                ; cheap slight out of focus]]
[2023.06.22-18.02.54:811][  0]LogConfig: Setting CVar [[r.DOF.Recombine.EnableBokehSettings:0    ; no bokeh simulation on slight out of focus]]
[2023.06.22-18.02.54:811][  0]LogConfig: Setting CVar [[r.DOF.TemporalAAQuality:1                ; more stable temporal accumulation]]
[2023.06.22-18.02.54:811][  0]LogConfig: Setting CVar [[r.DOF.Kernel.MaxForegroundRadius:0.025]]
[2023.06.22-18.02.54:811][  0]LogConfig: Setting CVar [[r.DOF.Kernel.MaxBackgroundRadius:0.025]]
[2023.06.22-18.02.54:811][  0]LogConfig: Applying CVar settings from Section [TextureQuality@3] File [C:/Users/G418-23/Desktop/gamejam/Gamejam_2023_1/gj/Saved/Config/Windows/Scalability.ini]
[2023.06.22-18.02.54:811][  0]LogConfig: Setting CVar [[r.Streaming.MipBias:0]]
[2023.06.22-18.02.54:811][  0]LogConfig: Setting CVar [[r.Streaming.AmortizeCPUToGPUCopy:0]]
[2023.06.22-18.02.54:811][  0]LogConfig: Setting CVar [[r.Streaming.MaxNumTexturesToStreamPerFrame:0]]
[2023.06.22-18.02.54:811][  0]LogConfig: Setting CVar [[r.Streaming.Boost:1]]
[2023.06.22-18.02.54:811][  0]LogConfig: Setting CVar [[r.MaxAnisotropy:8]]
[2023.06.22-18.02.54:811][  0]LogConfig: Setting CVar [[r.VT.MaxAnisotropy:8]]
[2023.06.22-18.02.54:811][  0]LogConfig: Setting CVar [[r.Streaming.LimitPoolSizeToVRAM:0]]
[2023.06.22-18.02.54:811][  0]LogConfig: Setting CVar [[r.Streaming.PoolSize:1000]]
[2023.06.22-18.02.54:811][  0]LogConfig: Setting CVar [[r.Streaming.MaxEffectiveScreenSize:0]]
[2023.06.22-18.02.54:811][  0]LogConfig: Applying CVar settings from Section [EffectsQuality@3] File [C:/Users/G418-23/Desktop/gamejam/Gamejam_2023_1/gj/Saved/Config/Windows/Scalability.ini]
[2023.06.22-18.02.54:811][  0]LogConfig: Setting CVar [[r.TranslucencyLightingVolumeDim:64]]
[2023.06.22-18.02.54:811][  0]LogConfig: Setting CVar [[r.RefractionQuality:2]]
[2023.06.22-18.02.54:811][  0]LogConfig: Setting CVar [[r.SSR.Quality:3]]
[2023.06.22-18.02.54:811][  0]LogConfig: Setting CVar [[r.SSR.HalfResSceneColor:0]]
[2023.06.22-18.02.54:811][  0]LogConfig: Setting CVar [[r.SceneColorFormat:4]]
[2023.06.22-18.02.54:811][  0]LogConfig: Setting CVar [[r.DetailMode:2]]
[2023.06.22-18.02.54:811][  0]LogConfig: Setting CVar [[r.TranslucencyVolumeBlur:1]]
[2023.06.22-18.02.54:811][  0]LogConfig: Setting CVar [[r.MaterialQualityLevel:1 ; High quality]]
[2023.06.22-18.02.54:811][  0]LogConfig: Setting CVar [[r.AnisotropicMaterials:1]]
[2023.06.22-18.02.54:811][  0]LogConfig: Setting CVar [[r.SSS.Scale:1]]
[2023.06.22-18.02.54:811][  0]LogConfig: Setting CVar [[r.SSS.SampleSet:2]]
[2023.06.22-18.02.54:811][  0]LogConfig: Setting CVar [[r.SSS.Quality:1]]
[2023.06.22-18.02.54:811][  0]LogConfig: Setting CVar [[r.SSS.HalfRes:0]]
[2023.06.22-18.02.54:811][  0]LogConfig: Setting CVar [[r.SSGI.Quality:3]]
[2023.06.22-18.02.54:811][  0]LogConfig: Setting CVar [[r.EmitterSpawnRateScale:1.0]]
[2023.06.22-18.02.54:811][  0]LogConfig: Setting CVar [[r.ParticleLightQuality:2]]
[2023.06.22-18.02.54:811][  0]LogConfig: Setting CVar [[r.SkyAtmosphere.AerialPerspectiveLUT.FastApplyOnOpaque:1 ; Always have FastSkyLUT 1 in this case to avoid wrong sky]]
[2023.06.22-18.02.54:811][  0]LogConfig: Setting CVar [[r.SkyAtmosphere.AerialPerspectiveLUT.SampleCountMaxPerSlice:4]]
[2023.06.22-18.02.54:811][  0]LogConfig: Setting CVar [[r.SkyAtmosphere.AerialPerspectiveLUT.DepthResolution:16.0]]
[2023.06.22-18.02.54:811][  0]LogConfig: Setting CVar [[r.SkyAtmosphere.FastSkyLUT:1]]
[2023.06.22-18.02.54:811][  0]LogConfig: Setting CVar [[r.SkyAtmosphere.FastSkyLUT.SampleCountMin:4.0]]
[2023.06.22-18.02.54:811][  0]LogConfig: Setting CVar [[r.SkyAtmosphere.FastSkyLUT.SampleCountMax:128.0]]
[2023.06.22-18.02.54:811][  0]LogConfig: Setting CVar [[r.SkyAtmosphere.SampleCountMin:4.0]]
[2023.06.22-18.02.54:811][  0]LogConfig: Setting CVar [[r.SkyAtmosphere.SampleCountMax:128.0]]
[2023.06.22-18.02.54:811][  0]LogConfig: Setting CVar [[r.SkyAtmosphere.TransmittanceLUT.UseSmallFormat:0]]
[2023.06.22-18.02.54:811][  0]LogConfig: Setting CVar [[r.SkyAtmosphere.TransmittanceLUT.SampleCount:10.0]]
[2023.06.22-18.02.54:811][  0]LogConfig: Setting CVar [[r.SkyAtmosphere.MultiScatteringLUT.SampleCount:15.0]]
[2023.06.22-18.02.54:811][  0]LogConfig: Setting CVar [[r.SkyLight.RealTimeReflectionCapture:1]]
[2023.06.22-18.02.54:811][  0]LogConfig: Applying CVar settings from Section [FoliageQuality@3] File [C:/Users/G418-23/Desktop/gamejam/Gamejam_2023_1/gj/Saved/Config/Windows/Scalability.ini]
[2023.06.22-18.02.54:811][  0]LogConfig: Setting CVar [[foliage.DensityScale:1.0]]
[2023.06.22-18.02.54:811][  0]LogConfig: Setting CVar [[grass.DensityScale:1.0]]
[2023.06.22-18.02.54:811][  0]LogConfig: Applying CVar settings from Section [ShadingQuality@3] File [C:/Users/G418-23/Desktop/gamejam/Gamejam_2023_1/gj/Saved/Config/Windows/Scalability.ini]
[2023.06.22-18.02.54:811][  0]LogConfig: Setting CVar [[r.HairStrands.SkyLighting.IntegrationType:2]]
[2023.06.22-18.02.54:811][  0]LogConfig: Setting CVar [[r.HairStrands.SkyAO.SampleCount:4]]
[2023.06.22-18.02.54:811][  0]LogConfig: Setting CVar [[r.HairStrands.Visibility.MSAA.SamplePerPixel:4]]
[2023.06.22-18.02.54:811][  0]LogInit: Selected Device Profile: [Windows]
[2023.06.22-18.02.54:811][  0]LogInit: Applying CVar settings loaded from the selected device profile: [Windows]
[2023.06.22-18.02.54:811][  0]LogHAL: Display: Platform has ~ 16 GB [16923467776 / 17179869184 / 16], which maps to Larger [LargestMinGB=32, LargerMinGB=12, DefaultMinGB=8, SmallerMinGB=6, SmallestMinGB=0)
[2023.06.22-18.02.54:811][  0]LogInit: Going up to parent DeviceProfile []
[2023.06.22-18.02.54:811][  0]LogConfig: Applying CVar settings from Section [ViewDistanceQuality@1] File [C:/Users/G418-23/Desktop/gamejam/Gamejam_2023_1/gj/Saved/Config/Windows/Scalability.ini]
[2023.06.22-18.02.54:811][  0]LogConfig: Setting CVar [[r.SkeletalMeshLODBias:1]]
[2023.06.22-18.02.54:811][  0]LogConfig: Setting CVar [[r.ViewDistanceScale:0.6]]
[2023.06.22-18.02.54:811][  0]LogConfig: Applying CVar settings from Section [AntiAliasingQuality@1] File [C:/Users/G418-23/Desktop/gamejam/Gamejam_2023_1/gj/Saved/Config/Windows/Scalability.ini]
[2023.06.22-18.02.54:811][  0]LogConfig: Setting CVar [[r.PostProcessAAQuality:2]]
[2023.06.22-18.02.54:811][  0]LogConfig: Applying CVar settings from Section [ShadowQuality@1] File [C:/Users/G418-23/Desktop/gamejam/Gamejam_2023_1/gj/Saved/Config/Windows/Scalability.ini]
[2023.06.22-18.02.54:811][  0]LogConfig: Setting CVar [[r.LightFunctionQuality:1]]
[2023.06.22-18.02.54:811][  0]LogConfig: Setting CVar [[r.ShadowQuality:3]]
[2023.06.22-18.02.54:811][  0]LogConfig: Setting CVar [[r.Shadow.CSM.MaxCascades:1]]
[2023.06.22-18.02.54:811][  0]LogConfig: Setting CVar [[r.Shadow.MaxResolution:1024]]
[2023.06.22-18.02.54:811][  0]LogConfig: Setting CVar [[r.Shadow.MaxCSMResolution:1024]]
[2023.06.22-18.02.54:811][  0]LogConfig: Setting CVar [[r.Shadow.RadiusThreshold:0.05]]
[2023.06.22-18.02.54:811][  0]LogConfig: Setting CVar [[r.Shadow.DistanceScale:0.7]]
[2023.06.22-18.02.54:811][  0]LogConfig: Setting CVar [[r.Shadow.CSM.TransitionScale:0.25]]
[2023.06.22-18.02.54:811][  0]LogConfig: Setting CVar [[r.Shadow.PreShadowResolutionFactor:0.5]]
[2023.06.22-18.02.54:811][  0]LogConfig: Setting CVar [[r.DistanceFieldShadowing:0]]
[2023.06.22-18.02.54:811][  0]LogConfig: Setting CVar [[r.DistanceFieldAO:0]]
[2023.06.22-18.02.54:811][  0]LogConfig: Setting CVar [[r.VolumetricFog:0]]
[2023.06.22-18.02.54:811][  0]LogConfig: Setting CVar [[r.LightMaxDrawDistanceScale:.5]]
[2023.06.22-18.02.54:811][  0]LogConfig: Setting CVar [[r.CapsuleShadows:1]]
[2023.06.22-18.02.54:811][  0]LogConfig: Applying CVar settings from Section [PostProcessQuality@1] File [C:/Users/G418-23/Desktop/gamejam/Gamejam_2023_1/gj/Saved/Config/Windows/Scalability.ini]
[2023.06.22-18.02.54:811][  0]LogConfig: Setting CVar [[r.MotionBlurQuality:3]]
[2023.06.22-18.02.54:811][  0]LogConfig: Setting CVar [[r.AmbientOcclusionMipLevelFactor:1.0]]
[2023.06.22-18.02.54:811][  0]LogConfig: Setting CVar [[r.AmbientOcclusionMaxQuality:60]]
[2023.06.22-18.02.54:811][  0]LogConfig: Setting CVar [[r.AmbientOcclusionLevels:-1]]
[2023.06.22-18.02.54:811][  0]LogConfig: Setting CVar [[r.AmbientOcclusionRadiusScale:1.5]]
[2023.06.22-18.02.54:811][  0]LogConfig: Setting CVar [[r.DepthOfFieldQuality:1]]
[2023.06.22-18.02.54:811][  0]LogConfig: Setting CVar [[r.RenderTargetPoolMin:350]]
[2023.06.22-18.02.54:811][  0]LogConfig: Setting CVar [[r.LensFlareQuality:0]]
[2023.06.22-18.02.54:811][  0]LogConfig: Setting CVar [[r.SceneColorFringeQuality:0]]
[2023.06.22-18.02.54:811][  0]LogConfig: Setting CVar [[r.EyeAdaptationQuality:2]]
[2023.06.22-18.02.54:811][  0]LogConfig: Setting CVar [[r.BloomQuality:4]]
[2023.06.22-18.02.54:811][  0]LogConfig: Setting CVar [[r.FastBlurThreshold:2]]
[2023.06.22-18.02.54:811][  0]LogConfig: Setting CVar [[r.Upscale.Quality:2]]
[2023.06.22-18.02.54:811][  0]LogConfig: Setting CVar [[r.Tonemapper.GrainQuantization:0]]
[2023.06.22-18.02.54:811][  0]LogConfig: Setting CVar [[r.LightShaftQuality:0]]
[2023.06.22-18.02.54:811][  0]LogConfig: Setting CVar [[r.Filter.SizeScale:0.7]]
[2023.06.22-18.02.54:811][  0]LogConfig: Setting CVar [[r.Tonemapper.Quality:2]]
[2023.06.22-18.02.54:811][  0]LogConfig: Setting CVar [[r.DOF.Gather.AccumulatorQuality:0        ; lower gathering accumulator quality]]
[2023.06.22-18.02.54:811][  0]LogConfig: Setting CVar [[r.DOF.Gather.PostfilterMethod:2          ; Max3x3 postfilering method]]
[2023.06.22-18.02.54:811][  0]LogConfig: Setting CVar [[r.DOF.Gather.EnableBokehSettings:0       ; no bokeh simulation when gathering]]
[2023.06.22-18.02.54:811][  0]LogConfig: Setting CVar [[r.DOF.Gather.RingCount:3                 ; low number of samples when gathering]]
[2023.06.22-18.02.54:811][  0]LogConfig: Setting CVar [[r.DOF.Scatter.ForegroundCompositing:0    ; no foreground scattering]]
[2023.06.22-18.02.54:811][  0]LogConfig: Setting CVar [[r.DOF.Scatter.BackgroundCompositing:0    ; no foreground scattering]]
[2023.06.22-18.02.54:811][  0]LogConfig: Setting CVar [[r.DOF.Recombine.Quality:0                ; no slight out of focus]]
[2023.06.22-18.02.54:811][  0]LogConfig: Setting CVar [[r.DOF.TemporalAAQuality:0                ; faster temporal accumulation]]
[2023.06.22-18.02.54:811][  0]LogConfig: Setting CVar [[r.DOF.Kernel.MaxForegroundRadius:0.006   ; required because low gathering and no scattering and not looking great at 1080p]]
[2023.06.22-18.02.54:811][  0]LogConfig: Setting CVar [[r.DOF.Kernel.MaxBackgroundRadius:0.006   ; required because low gathering and no scattering and not looking great at 1080p]]
[2023.06.22-18.02.54:811][  0]LogConfig: Applying CVar settings from Section [TextureQuality@1] File [C:/Users/G418-23/Desktop/gamejam/Gamejam_2023_1/gj/Saved/Config/Windows/Scalability.ini]
[2023.06.22-18.02.54:811][  0]LogConfig: Setting CVar [[r.Streaming.MipBias:1]]
[2023.06.22-18.02.54:811][  0]LogConfig: Setting CVar [[r.Streaming.AmortizeCPUToGPUCopy:0]]
[2023.06.22-18.02.54:811][  0]LogConfig: Setting CVar [[r.Streaming.MaxNumTexturesToStreamPerFrame:0]]
[2023.06.22-18.02.54:811][  0]LogConfig: Setting CVar [[r.Streaming.Boost:1]]
[2023.06.22-18.02.54:811][  0]LogConfig: Setting CVar [[r.MaxAnisotropy:2]]
[2023.06.22-18.02.54:811][  0]LogConfig: Setting CVar [[r.VT.MaxAnisotropy:4]]
[2023.06.22-18.02.54:811][  0]LogConfig: Setting CVar [[r.Streaming.LimitPoolSizeToVRAM:1]]
[2023.06.22-18.02.54:811][  0]LogConfig: Setting CVar [[r.Streaming.PoolSize:600]]
[2023.06.22-18.02.54:811][  0]LogConfig: Setting CVar [[r.Streaming.MaxEffectiveScreenSize:0]]
[2023.06.22-18.02.54:811][  0]LogConfig: Applying CVar settings from Section [EffectsQuality@1] File [C:/Users/G418-23/Desktop/gamejam/Gamejam_2023_1/gj/Saved/Config/Windows/Scalability.ini]
[2023.06.22-18.02.54:811][  0]LogConfig: Setting CVar [[r.TranslucencyLightingVolumeDim:32]]
[2023.06.22-18.02.54:811][  0]LogConfig: Setting CVar [[r.RefractionQuality:0]]
[2023.06.22-18.02.54:811][  0]LogConfig: Setting CVar [[r.SSR.Quality:0]]
[2023.06.22-18.02.54:811][  0]LogConfig: Setting CVar [[r.SSR.HalfResSceneColor:1]]
[2023.06.22-18.02.54:811][  0]LogConfig: Setting CVar [[r.SceneColorFormat:3]]
[2023.06.22-18.02.54:811][  0]LogConfig: Setting CVar [[r.DetailMode:1]]
[2023.06.22-18.02.54:811][  0]LogConfig: Setting CVar [[r.TranslucencyVolumeBlur:0]]
[2023.06.22-18.02.54:811][  0]LogConfig: Setting CVar [[r.MaterialQualityLevel:2 ; Medium quality]]
[2023.06.22-18.02.54:811][  0]LogConfig: Setting CVar [[r.AnisotropicMaterials:0]]
[2023.06.22-18.02.54:811][  0]LogConfig: Setting CVar [[r.SSS.Scale:0.75]]
[2023.06.22-18.02.54:811][  0]LogConfig: Setting CVar [[r.SSS.SampleSet:0]]
[2023.06.22-18.02.54:811][  0]LogConfig: Setting CVar [[r.SSS.Quality:0]]
[2023.06.22-18.02.54:811][  0]LogConfig: Setting CVar [[r.SSS.HalfRes:1]]
[2023.06.22-18.02.54:811][  0]LogConfig: Setting CVar [[r.SSGI.Quality:1]]
[2023.06.22-18.02.54:811][  0]LogConfig: Setting CVar [[r.EmitterSpawnRateScale:0.25]]
[2023.06.22-18.02.54:811][  0]LogConfig: Setting CVar [[r.ParticleLightQuality:0]]
[2023.06.22-18.02.54:811][  0]LogConfig: Setting CVar [[r.SkyAtmosphere.AerialPerspectiveLUT.FastApplyOnOpaque:1 ; Always have FastSkyLUT 1 in this case to avoid wrong sky]]
[2023.06.22-18.02.54:811][  0]LogConfig: Setting CVar [[r.SkyAtmosphere.AerialPerspectiveLUT.SampleCountMaxPerSlice:1]]
[2023.06.22-18.02.54:811][  0]LogConfig: Setting CVar [[r.SkyAtmosphere.AerialPerspectiveLUT.DepthResolution:16.0]]
[2023.06.22-18.02.54:811][  0]LogConfig: Setting CVar [[r.SkyAtmosphere.FastSkyLUT:1]]
[2023.06.22-18.02.54:811][  0]LogConfig: Setting CVar [[r.SkyAtmosphere.FastSkyLUT.SampleCountMin:4.0]]
[2023.06.22-18.02.54:811][  0]LogConfig: Setting CVar [[r.SkyAtmosphere.FastSkyLUT.SampleCountMax:32.0]]
[2023.06.22-18.02.54:811][  0]LogConfig: Setting CVar [[r.SkyAtmosphere.SampleCountMin:4.0]]
[2023.06.22-18.02.54:811][  0]LogConfig: Setting CVar [[r.SkyAtmosphere.SampleCountMax:32.0]]
[2023.06.22-18.02.54:811][  0]LogConfig: Setting CVar [[r.SkyAtmosphere.TransmittanceLUT.UseSmallFormat:0]]
[2023.06.22-18.02.54:811][  0]LogConfig: Setting CVar [[r.SkyAtmosphere.TransmittanceLUT.SampleCount:10.0]]
[2023.06.22-18.02.54:811][  0]LogConfig: Setting CVar [[r.SkyAtmosphere.MultiScatteringLUT.SampleCount:15.0]]
[2023.06.22-18.02.54:811][  0]LogConfig: Setting CVar [[r.SkyLight.RealTimeReflectionCapture:0]]
[2023.06.22-18.02.54:811][  0]LogConfig: Applying CVar settings from Section [FoliageQuality@1] File [C:/Users/G418-23/Desktop/gamejam/Gamejam_2023_1/gj/Saved/Config/Windows/Scalability.ini]
[2023.06.22-18.02.54:811][  0]LogConfig: Setting CVar [[foliage.DensityScale:0.4]]
[2023.06.22-18.02.54:811][  0]LogConfig: Setting CVar [[grass.DensityScale:0.4]]
[2023.06.22-18.02.54:811][  0]LogConfig: Applying CVar settings from Section [ShadingQuality@1] File [C:/Users/G418-23/Desktop/gamejam/Gamejam_2023_1/gj/Saved/Config/Windows/Scalability.ini]
[2023.06.22-18.02.54:811][  0]LogConfig: Setting CVar [[r.HairStrands.SkyLighting.IntegrationType:2]]
[2023.06.22-18.02.54:811][  0]LogConfig: Setting CVar [[r.HairStrands.SkyAO.SampleCount:4]]
[2023.06.22-18.02.54:811][  0]LogConfig: Setting CVar [[r.HairStrands.Visibility.MSAA.SamplePerPixel:1]]
[2023.06.22-18.02.54:811][  0]LogConfig: Applying CVar settings from Section [Startup] File [../../../Engine/Config/ConsoleVariables.ini]
[2023.06.22-18.02.54:812][  0]LogConfig: Setting CVar [[net.UseAdaptiveNetUpdateFrequency:0]]
[2023.06.22-18.02.54:812][  0]LogConfig: Setting CVar [[p.chaos.AllowCreatePhysxBodies:1]]
[2023.06.22-18.02.54:812][  0]LogConfig: Setting CVar [[fx.SkipVectorVMBackendOptimizations:1]]
[2023.06.22-18.02.54:812][  0]LogConfig: Applying CVar settings from Section [ConsoleVariables] File [C:/Users/G418-23/Desktop/gamejam/Gamejam_2023_1/gj/Saved/Config/Windows/Engine.ini]
[2023.06.22-18.02.54:812][  0]LogConfig: Applying CVar settings from Section [ConsoleVariables] File [C:/Users/G418-23/Desktop/gamejam/Gamejam_2023_1/gj/Saved/Config/Windows/Editor.ini]
[2023.06.22-18.02.54:812][  0]LogInit: Computer: DESKTOP-N4FMA74
[2023.06.22-18.02.54:812][  0]LogInit: User: G41823
[2023.06.22-18.02.54:812][  0]LogInit: CPU Page size=4096, Cores=12
[2023.06.22-18.02.54:812][  0]LogInit: High frequency timer resolution =10.000000 MHz
[2023.06.22-18.02.54:812][  0]LogMemory: Memory total: Physical=15.8GB (16GB approx)
[2023.06.22-18.02.54:812][  0]LogMemory: Platform Memory Stats for Windows
[2023.06.22-18.02.54:812][  0]LogMemory: Process Physical Memory: 149.15 MB used, 149.15 MB peak
[2023.06.22-18.02.54:812][  0]LogMemory: Process Virtual Memory: 134.37 MB used, 134.37 MB peak
[2023.06.22-18.02.54:812][  0]LogMemory: Physical Memory: 6372.70 MB used,  9766.77 MB free, 16139.48 MB total
[2023.06.22-18.02.54:812][  0]LogMemory: Virtual Memory: 134210544.00 MB used,  7181.21 MB free, 134217728.00 MB total
[2023.06.22-18.02.54:815][  0]LogWindows: WindowsPlatformFeatures enabled
[2023.06.22-18.02.54:854][  0]LogInit: Physics initialised using underlying interface: PhysX
[2023.06.22-18.02.54:856][  0]LogInit: Overriding language with editor language configuration option (en).
[2023.06.22-18.02.54:856][  0]LogInit: Using OS detected locale (ko-KR).
[2023.06.22-18.02.54:957][  0]LogInit: Setting process to per monitor DPI aware
[2023.06.22-18.02.54:978][  0]LogWindowsTextInputMethodSystem: Display: IME system deactivated.
[2023.06.22-18.02.54:986][  0]LogSlate: New Slate User Created.  User Index 0, Is Virtual User: 0
[2023.06.22-18.02.54:986][  0]LogSlate: Slate User Registered.  User Index 0, Is Virtual User: 0
[2023.06.22-18.02.55:041][  0]LogD3D11RHI: Loaded GFSDK_Aftermath_Lib.x64.dll
[2023.06.22-18.02.55:043][  0]LogHMD: Failed to initialize OpenVR with code 110
[2023.06.22-18.02.55:044][  0]LogD3D11RHI: D3D11 min allowed feature level: 11_0
[2023.06.22-18.02.55:044][  0]LogD3D11RHI: D3D11 max allowed feature level: 11_0
[2023.06.22-18.02.55:044][  0]LogD3D11RHI: D3D11 adapters:
[2023.06.22-18.02.55:140][  0]LogD3D11RHI:    0. 'NVIDIA GeForce RTX 3060 Ti' (Feature Level 11_0)
[2023.06.22-18.02.55:140][  0]LogD3D11RHI:       8038/0/8069 MB DedicatedVideo/DedicatedSystem/SharedSystem, Outputs:1, VendorId:0x10de
[2023.06.22-18.02.55:142][  0]LogD3D11RHI:    1. 'Microsoft Basic Render Driver' (Feature Level 11_0)
[2023.06.22-18.02.55:142][  0]LogD3D11RHI:       0/0/8069 MB DedicatedVideo/DedicatedSystem/SharedSystem, Outputs:0, VendorId:0x1414
[2023.06.22-18.02.55:142][  0]LogD3D11RHI: Chosen D3D11 Adapter:
[2023.06.22-18.02.55:142][  0]LogD3D11RHI:     Description : NVIDIA GeForce RTX 3060 Ti
[2023.06.22-18.02.55:142][  0]LogD3D11RHI:     VendorId    : 10de
[2023.06.22-18.02.55:142][  0]LogD3D11RHI:     DeviceId    : 2489
[2023.06.22-18.02.55:142][  0]LogD3D11RHI:     SubSysId    : 88d4103c
[2023.06.22-18.02.55:142][  0]LogD3D11RHI:     Revision    : 00a1
[2023.06.22-18.02.55:142][  0]LogD3D11RHI:     DedicatedVideoMemory : 8428453888 bytes
[2023.06.22-18.02.55:142][  0]LogD3D11RHI:     DedicatedSystemMemory : 0 bytes
[2023.06.22-18.02.55:142][  0]LogD3D11RHI:     SharedSystemMemory : 8461733888 bytes
[2023.06.22-18.02.55:142][  0]LogD3D11RHI:     AdapterLuid : 0 76348188
[2023.06.22-18.02.55:146][  0]LogD3D11RHI: Creating new Direct3DDevice
[2023.06.22-18.02.55:146][  0]LogD3D11RHI:     GPU DeviceId: 0x2489 (for the marketing name, search the web for "GPU Device Id")
[2023.06.22-18.02.55:146][  0]LogWindows: EnumDisplayDevices:
[2023.06.22-18.02.55:146][  0]LogWindows:    0. 'NVIDIA GeForce RTX 3060 Ti' (P:1 D:1)
[2023.06.22-18.02.55:146][  0]LogWindows:    1. 'NVIDIA GeForce RTX 3060 Ti' (P:0 D:0)
[2023.06.22-18.02.55:146][  0]LogWindows:    2. 'NVIDIA GeForce RTX 3060 Ti' (P:0 D:0)
[2023.06.22-18.02.55:147][  0]LogWindows:    3. 'NVIDIA GeForce RTX 3060 Ti' (P:0 D:0)
[2023.06.22-18.02.55:147][  0]LogWindows: DebugString: FoundDriverCount:4 
[2023.06.22-18.02.55:147][  0]LogD3D11RHI:     Adapter Name: NVIDIA GeForce RTX 3060 Ti
[2023.06.22-18.02.55:147][  0]LogD3D11RHI:   Driver Version: 531.30 (internal:31.0.15.3130, unified:531.30)
[2023.06.22-18.02.55:147][  0]LogD3D11RHI:      Driver Date: 3-8-2023
[2023.06.22-18.02.55:147][  0]LogRHI: Texture pool is 5626 MB (70% of 8038 MB)
[2023.06.22-18.02.55:147][  0]LogD3D11RHI: Creating D3DDevice using adapter:
[2023.06.22-18.02.55:147][  0]LogD3D11RHI:     Description : NVIDIA GeForce RTX 3060 Ti
[2023.06.22-18.02.55:147][  0]LogD3D11RHI:     VendorId    : 10de
[2023.06.22-18.02.55:147][  0]LogD3D11RHI:     DeviceId    : 2489
[2023.06.22-18.02.55:147][  0]LogD3D11RHI:     SubSysId    : 88d4103c
[2023.06.22-18.02.55:147][  0]LogD3D11RHI:     Revision    : 00a1
[2023.06.22-18.02.55:147][  0]LogD3D11RHI:     DedicatedVideoMemory : 8428453888 bytes
[2023.06.22-18.02.55:147][  0]LogD3D11RHI:     DedicatedSystemMemory : 0 bytes
[2023.06.22-18.02.55:147][  0]LogD3D11RHI:     SharedSystemMemory : 8461733888 bytes
[2023.06.22-18.02.55:147][  0]LogD3D11RHI:     AdapterLuid : 0 76348188
[2023.06.22-18.02.55:188][  0]LogD3D11RHI: RHI has support for 64 bit atomics
[2023.06.22-18.02.55:188][  0]LogD3D11RHI: Async texture creation enabled
[2023.06.22-18.02.55:188][  0]LogD3D11RHI: Array index from any shader is supported
[2023.06.22-18.02.55:205][  0]LogD3D11RHI: GPU Timing Frequency: 1000.000000 (Debug: 2 2)
[2023.06.22-18.02.55:227][  0]LogRHI: GeForceNow SDK initialized: 1
[2023.06.22-18.02.55:441][  0]LogTargetPlatformManager: Display: Loaded TargetPlatform 'AllDesktop'
[2023.06.22-18.02.55:453][  0]LogTargetPlatformManager: Display: Loaded TargetPlatform 'Android'
[2023.06.22-18.02.55:453][  0]LogTargetPlatformManager: Display: Loaded TargetPlatform 'Android_ASTC'
[2023.06.22-18.02.55:453][  0]LogTargetPlatformManager: Display: Loaded TargetPlatform 'Android_DXT'
[2023.06.22-18.02.55:453][  0]LogTargetPlatformManager: Display: Loaded TargetPlatform 'Android_ETC2'
[2023.06.22-18.02.55:453][  0]LogTargetPlatformManager: Display: Loaded TargetPlatform 'AndroidClient'
[2023.06.22-18.02.55:453][  0]LogTargetPlatformManager: Display: Loaded TargetPlatform 'Android_ASTCClient'
[2023.06.22-18.02.55:453][  0]LogTargetPlatformManager: Display: Loaded TargetPlatform 'Android_DXTClient'
[2023.06.22-18.02.55:453][  0]LogTargetPlatformManager: Display: Loaded TargetPlatform 'Android_ETC2Client'
[2023.06.22-18.02.55:453][  0]LogTargetPlatformManager: Display: Loaded TargetPlatform 'Android_Multi'
[2023.06.22-18.02.55:453][  0]LogTargetPlatformManager: Display: Loaded TargetPlatform 'Android_MultiClient'
[2023.06.22-18.02.55:464][  0]LogTargetPlatformManager: Display: Loaded TargetPlatform 'IOSClient'
[2023.06.22-18.02.55:464][  0]LogTargetPlatformManager: Display: Loaded TargetPlatform 'IOS'
[2023.06.22-18.02.55:470][  0]LogTargetPlatformManager: Display: Loaded TargetPlatform 'Linux'
[2023.06.22-18.02.55:473][  0]LogTargetPlatformManager: Display: Loaded TargetPlatform 'LinuxNoEditor'
[2023.06.22-18.02.55:476][  0]LogTargetPlatformManager: Display: Loaded TargetPlatform 'LinuxClient'
[2023.06.22-18.02.55:479][  0]LogTargetPlatformManager: Display: Loaded TargetPlatform 'LinuxServer'
[2023.06.22-18.02.55:484][  0]LogTargetPlatformManager: Display: Loaded TargetPlatform 'LinuxAArch64NoEditor'
[2023.06.22-18.02.55:487][  0]LogTargetPlatformManager: Display: Loaded TargetPlatform 'LinuxAArch64Client'
[2023.06.22-18.02.55:490][  0]LogTargetPlatformManager: Display: Loaded TargetPlatform 'LinuxAArch64Server'
[2023.06.22-18.02.55:503][  0]LogTargetPlatformManager: Display: Loaded TargetPlatform 'Lumin'
[2023.06.22-18.02.55:503][  0]LogTargetPlatformManager: Display: Loaded TargetPlatform 'LuminClient'
[2023.06.22-18.02.55:509][  0]LogTargetPlatformManager: Display: Loaded TargetPlatform 'MacNoEditor'
[2023.06.22-18.02.55:512][  0]LogTargetPlatformManager: Display: Loaded TargetPlatform 'Mac'
[2023.06.22-18.02.55:515][  0]LogTargetPlatformManager: Display: Loaded TargetPlatform 'MacClient'
[2023.06.22-18.02.55:518][  0]LogTargetPlatformManager: Display: Loaded TargetPlatform 'MacServer'
[2023.06.22-18.02.55:525][  0]LogTargetPlatformManager: Display: Loaded TargetPlatform 'TVOSClient'
[2023.06.22-18.02.55:525][  0]LogTargetPlatformManager: Display: Loaded TargetPlatform 'TVOS'
[2023.06.22-18.02.55:530][  0]LogTargetPlatformManager: Display: Loaded TargetPlatform 'WindowsNoEditor'
[2023.06.22-18.02.55:534][  0]LogTargetPlatformManager: Display: Loaded TargetPlatform 'Windows'
[2023.06.22-18.02.55:536][  0]LogTargetPlatformManager: Display: Loaded TargetPlatform 'WindowsClient'
[2023.06.22-18.02.55:540][  0]LogTargetPlatformManager: Display: Loaded TargetPlatform 'WindowsServer'
[2023.06.22-18.02.55:540][  0]LogTargetPlatformManager: Display: Building Assets For Windows
[2023.06.22-18.02.55:544][  0]LogAudioDebug: Display: Lib vorbis DLL was dynamically loaded.
[2023.06.22-18.02.55:566][  0]LogTextureFormatOodle: Display: Oodle Texture 2.9.0 init RDO Off
[2023.06.22-18.02.55:590][  0]LogRendererCore: Ray tracing is disabled. Reason: r.RayTracing=0.
[2023.06.22-18.02.55:590][  0]LogShaderCompilers: Guid format shader working directory is -17 characters bigger than the processId version (../../../../../../Users/G418-23/Desktop/gamejam/Gamejam_2023_1/gj/Intermediate/Shaders/WorkingDirectory/4516/).
[2023.06.22-18.02.55:591][  0]LogShaderCompilers: Cleaned the shader compiler working directory 'C:/Users/G418-23/AppData/Local/Temp/UnrealShaderWorkingDir/7A33492E406029B046666E9859D820E4/'.
[2023.06.22-18.02.55:591][  0]LogXGEController: Cannot use XGE Controller as Incredibuild is not installed on this machine.
[2023.06.22-18.02.55:591][  0]LogShaderCompilers: Cannot use XGE Shader Compiler as Incredibuild is not installed on this machine.
[2023.06.22-18.02.55:591][  0]LogShaderCompilers: Display: Using Local Shader Compiler.
[2023.06.22-18.02.56:080][  0]LogDerivedDataCache: Display: Max Cache Size: 512 MB
[2023.06.22-18.02.56:118][  0]LogDerivedDataCache: Loaded boot cache 0.04s 94MB C:/Users/G418-23/AppData/Local/UnrealEngine/4.27/DerivedDataCache/Boot.ddc.
[2023.06.22-18.02.56:118][  0]LogDerivedDataCache: Display: Loaded Boot cache: C:/Users/G418-23/AppData/Local/UnrealEngine/4.27/DerivedDataCache/Boot.ddc
[2023.06.22-18.02.56:118][  0]LogDerivedDataCache: FDerivedDataBackendGraph:  Pak pak cache file ../../../../../../Users/G418-23/Desktop/gamejam/Gamejam_2023_1/gj/DerivedDataCache/DDC.ddp not found, will not use a pak cache.
[2023.06.22-18.02.56:118][  0]LogDerivedDataCache: Unable to find inner node Pak for hierarchical cache Hierarchy.
[2023.06.22-18.02.56:118][  0]LogDerivedDataCache: FDerivedDataBackendGraph:  CompressedPak pak cache file ../../../../../../Users/G418-23/Desktop/gamejam/Gamejam_2023_1/gj/DerivedDataCache/Compressed.ddp not found, will not use a pak cache.
[2023.06.22-18.02.56:118][  0]LogDerivedDataCache: Unable to find inner node CompressedPak for hierarchical cache Hierarchy.
[2023.06.22-18.02.56:130][  0]LogDerivedDataCache: Display: Pak cache opened for reading ../../../Engine/DerivedDataCache/Compressed.ddp.
[2023.06.22-18.02.56:130][  0]LogDerivedDataCache: FDerivedDataBackendGraph:  EnterprisePak pak cache file ../../../Enterprise/DerivedDataCache/Compressed.ddp not found, will not use a pak cache.
[2023.06.22-18.02.56:130][  0]LogDerivedDataCache: Unable to find inner node EnterprisePak for hierarchical cache Hierarchy.
[2023.06.22-18.02.56:141][  0]LogDerivedDataCache: Speed tests for C:/Users/G418-23/AppData/Local/UnrealEngine/Common/DerivedDataCache took 0.01 seconds
[2023.06.22-18.02.56:141][  0]LogDerivedDataCache: Display: Performance to C:/Users/G418-23/AppData/Local/UnrealEngine/Common/DerivedDataCache: Latency=0.01ms. RandomReadSpeed=2146.09MBs, RandomWriteSpeed=78.91MBs. Assigned SpeedClass 'Local'
[2023.06.22-18.02.56:142][  0]LogDerivedDataCache: Using Local data cache path C:/Users/G418-23/AppData/Local/UnrealEngine/Common/DerivedDataCache: Writable
[2023.06.22-18.02.56:142][  0]LogDerivedDataCache: Shared data cache path not found in *engine.ini, will not use an Shared cache.
[2023.06.22-18.02.56:142][  0]LogDerivedDataCache: Unable to find inner node Shared for hierarchical cache Hierarchy.
[2023.06.22-18.02.56:171][  0]LogSlate: Using FreeType 2.10.0
[2023.06.22-18.02.56:171][  0]LogSlate: SlateFontServices - WITH_FREETYPE: 1, WITH_HARFBUZZ: 1
[2023.06.22-18.02.56:188][  0]LogAssetRegistry: FAssetRegistry took 0.0019 seconds to start up
[2023.06.22-18.02.56:317][  0]LogInit: Selected Device Profile: [Windows]
[2023.06.22-18.02.56:317][  0]LogInit: Active device profile: [0000019C02EA4700][0000019C765A4100 49] Windows
[2023.06.22-18.02.56:317][  0]LogInit: Profiles: [0000019C02EA4700][0000019C765A4100 49] Windows, [0000019C02E6B700][0000019C00F0A280 49] WindowsNoEditor, [0000019C02EA7300][0000019C00F0E400 49] WindowsServer, [0000019C02E68F00][0000019C00F12580 49] WindowsClient, [0000019C02EA7500][0000019C00F16700 49] IOS, [0000019C02E5BF00][0000019C765A8840 49] iPadAir, [0000019C02E6BB00][0000019C00F1A980 49] iPadAir2, [0000019C02E1C500][0000019C00F22BC0 49] IPadPro, [0000019C02E1C600][0000019C00F1EC00 49] iPadAir3, [0000019C02E58100][0000019C00F2AD80 49] iPadAir4, [0000019C02E1EC00][0000019C00F2EF00 49] iPadMini2, [0000019C02E5A500][0000019C00F33080 49] iPadMini3, [0000019C02E1F400][0000019C00F37200 49] iPadMini4, [0000019C02E58F00][0000019C00F3B380 49] iPadMini5, [0000019C02E0FE00][0000019C00F43640 49] iPhone6, [0000019C02E0FF00][0000019C00F3F680 49] iPodTouch6, [0000019C02EA7900][0000019C00F4B940 49] iPhone7, [0000019C02EA6100][0000019C00F47980 49] iPodTouch7, [0000019C02E0C400][0000019C00F4FB00 49] iPhone5S, [0000019C02E1FD00][0000019C00F52100 49] iPhone6Plus, [0000019C02EA7400][0000019C00F56280 49] iPhone6S, [0000019C02E1E000][0000019C00F5A400 49] iPhone6SPlus, [0000019C02EA4900][0000019C00F5E580 49] iPhone7Plus, [0000019C02E1CE00][0000019C00F62700 49] iPhoneSE, [0000019C02EA7100][0000019C00F66880 49] iPhone8, [0000019C02E1E400][0000019C00F269C0 49] iPhone8Plus, [0000019C02EA7A00][0000019C00F6AB00 49] iPhoneX, [0000019C02E1FE00][0000019C00F6EC40 49] iPhoneXS, [0000019C02EA5500][0000019C00F72D80 49] iPhoneXSMax, [0000019C02E1E500][0000019C00F7AF00 49] iPhoneXR, [0000019C02EA6A00][0000019C00F7F080 49] iPhone11, [0000019C02E1FA00][0000019C00F83200 49] iPhone11Pro, [0000019C02EA4F00][0000019C00F87380 49] iPhone11ProMax, [0000019C02E1E300][0000019C00F8B500 49] iPhoneSE2, [0000019C02EA5700][0000019C00F8F680 49] iPhone12Mini, [0000019C02E1C700][0000019C00F93800 49] iPhone12, [0000019C02EA4300][0000019C00F97980 49] iPhone12Pro, [0000019C02E1F500][0000019C00F9BB00 49] iPhone12ProMax, [0000019C02EA4B00][0000019C00F9E100 49] iPadPro105, [0000019C02E1DB00][0000019C00FA2280 49] iPadPro129, [0000019C02EA4200][0000019C00FA6400 49] iPadPro97, [0000019C02E1E100][0000019C00FAA580 49] iPadPro2_129, [0000019C02EA4D00][0000019C00FAE700 49] iPad5, [0000019C02E1F000][0000019C00FB2880 49] iPad6, [0000019C02EA6C00][0000019C00FB6A00 49] iPad7, [0000019C02E1EE00][0000019C00F76B40 49] iPad8, [0000019C02EA5900][0000019C00FBAC80 49] iPadPro11, [0000019C02E1FF00][0000019C00FBEDC0 49] iPadPro2_11, [0000019C02EA5600][0000019C00FC2F00 49] iPadPro3_129, [0000019C02E1E700][0000019C00FCB080 49] iPadPro4_129, [0000019C02EA6600][0000019C00FCF200 49] AppleTV, [0000019C02E1EB00][0000019C00FD3380 49] AppleTV4K, [0000019C02EA5B00][0000019C00FD7500 49] TVOS, [0000019C02E1C900][0000019C00FDB680 49] Mac, [0000019C02EA6700][0000019C00FDF800 49] MacClient, [0000019C02E1EF00][0000019C00FE3980 49] MacNoEditor, [0000019C02EA7B00][0000019C00FE7B00 49] MacServer, [0000019C02E1C400][0000019C00FEA100 49] Linux, [0000019C02EA6E00][0000019C00FEE280 49] LinuxAArch64, [0000019C02E1D500][0000019C00FF2400 49] LinuxNoEditor, [0000019C02EA6B00][0000019C00FF6580 49] LinuxAArch64NoEditor, [0000019C02E1F600][0000019C00FFA700 49] LinuxClient, [0000019C02EA6D00][0000019C03010880 49] LinuxAArch64Client, [0000019C02E1CB00][0000019C03014A00 49] LinuxServer, [0000019C02EA4400][0000019C03018B80 49] LinuxAArch64Server, [0000019C02E1FC00][0000019C0301CD00 49] Android, [0000019C02E5BA00][0000019C00FC6E40 49] Android_Low, [0000019C02E0DB00][0000019C03020F80 49] Android_Mid, [0000019C02E5B000][0000019C030250C0 49] Android_High, [0000019C02E0E300][0000019C0302D240 49] Android_Default, [0000019C02E5A000][0000019C030313C0 49] Android_Adreno4xx, [0000019C02E0C100][0000019C03035540 49] Android_Adreno5xx_Low, [0000019C02E58B00][0000019C030396C0 49] Android_Adreno5xx, [0000019C02E0D800][0000019C0303D840 49] Android_Adreno6xx, [0000019C02E59100][0000019C030419C0 49] Android_Adreno6xx_Vulkan, [0000019C02E0C800][0000019C03045B40 49] Android_Mali_T6xx, [0000019C02E5B600][0000019C03048140 49] Android_Mali_T7xx, [0000019C02E0CD00][0000019C0304C2C0 49] Android_Mali_T8xx, [0000019C02E5BC00][0000019C03050440 49] Android_Mali_G71, [0000019C02E0D500][0000019C030545C0 49] Android_Mali_G72, [0000019C02E5BE00][0000019C03058740 49] Android_Mali_G72_Vulkan, [0000019C02E0FD00][0000019C0305C8C0 49] Android_Mali_G76, [0000019C02E5B900][0000019C03060A40 49] Android_Mali_G76_Vulkan, [0000019C02E0F600][0000019C03064BC0 49] Android_Mali_G77, [0000019C02E5A200][0000019C03068D40 49] Android_Mali_G77_Vulkan, [0000019C02E0F800][0000019C0306CEC0 49] Android_Mali_G78, [0000019C02E58A00][0000019C03029000 49] Android_Mali_G78_Vulkan, [0000019C02E0F400][0000019C03071140 49] Android_Mali_G710, [0000019C02E59400][0000019C03075280 49] Android_Mali_G710_Vulkan, [0000019C02E0C600][0000019C030793C0 49] Android_Vulkan_SM5, [0000019C02E5A400][0000019C03081540 49] Android_PowerVR_G6xxx, [0000019C02E0CE00][0000019C030856C0 49] Android_PowerVR_GT7xxx, [0000019C02E58200][0000019C03089840 49] Android_PowerVR_GE8xxx, [0000019C02E0C700][0000019C0308D9C0 49] Android_PowerVR_GM9xxx, [0000019C02E5A100][0000019C03091B40 49] Android_PowerVR_GM9xxx_Vulkan, [0000019C02E1E600][0000019C03094140 49] Android_TegraK1, [0000019C02E5AA00][0000019C030982C0 49] Android_Unknown_Vulkan, [0000019C02E1D400][0000019C0309C440 49] Lumin, [0000019C02E59300][0000019C030A05C0 49] Lumin_Desktop, [0000019C02E1CC00][0000019C030B8740 49] HoloLens, 
[2023.06.22-18.02.56:394][  0]LogMeshReduction: Using QuadricMeshReduction for automatic static mesh reduction
[2023.06.22-18.02.56:394][  0]LogMeshReduction: Using SimplygonMeshReduction for automatic skeletal mesh reduction
[2023.06.22-18.02.56:394][  0]LogMeshReduction: Using ProxyLODMeshReduction for automatic mesh merging
[2023.06.22-18.02.56:394][  0]LogMeshReduction: No distributed automatic mesh merging module available
[2023.06.22-18.02.56:394][  0]LogMeshMerging: No distributed automatic mesh merging module available
[2023.06.22-18.02.56:404][  0]LogNetVersion: gj 1.0.0, NetCL: 17155196, EngineNetVer: 17, GameNetVer: 0 (Checksum: 3905537210)
[2023.06.22-18.02.56:632][  0]LogTexture: Default maximum texture size for cubemaps generated from long-lat sources has been changed from 512 to unlimited. In order to preserve old behaiour for '/Engine/MapTemplates/Sky/DaylightAmbientCubemap.DaylightAmbientCubemap', its maximum texture size has been explicitly set to 512.
[2023.06.22-18.02.56:667][  0]LogHMD: PokeAHoleMaterial loaded successfully
[2023.06.22-18.02.56:671][  0]LogUObjectArray: 17178 objects as part of root set at end of initial load.
[2023.06.22-18.02.56:671][  0]LogUObjectAllocator: 4302048 out of 0 bytes used by permanent object pool.
[2023.06.22-18.02.56:671][  0]LogUObjectArray: CloseDisregardForGC: 0/0 objects in disregard for GC pool
[2023.06.22-18.02.56:846][  0]LogNiagaraDebuggerClient: Niagara Debugger Client Initialized | Session: 1837EB9A4AA4C4B4534A2A87B456E7F4 | Instance: FDB500A54BE6E1110F3A0A96F0581901 (DESKTOP-N4FMA74-4516).
[2023.06.22-18.02.56:919][  0]LogPython: Using Python 3.7.7
[2023.06.22-18.02.57:221][  0]LogTcpMessaging: Initializing TcpMessaging bridge
[2023.06.22-18.02.57:224][  0]LogUdpMessaging: Initializing bridge on interface 0.0.0.0:0 to multicast group 230.0.0.1:6666.
[2023.06.22-18.02.57:253][  0]LogScript: Warning: Script Msg: A null object was passed as a world context object to UEngine::GetWorldFromContextObject().
[2023.06.22-18.02.57:327][  0]SourceControl: Source control is disabled
[2023.06.22-18.02.57:328][  0]SourceControl: Source control is disabled
[2023.06.22-18.02.57:330][  0]SourceControl: Source control is disabled
[2023.06.22-18.02.57:335][  0]SourceControl: Source control is disabled
[2023.06.22-18.02.57:341][  0]SourceControl: Source control is disabled
[2023.06.22-18.02.57:346][  0]LogUProjectInfo: Found projects:
[2023.06.22-18.02.57:497][  0]LogOpenImageDenoise: OIDN starting up
[2023.06.22-18.02.57:525][  0]LogAndroidPermission: UAndroidPermissionCallbackProxy::GetInstance
[2023.06.22-18.02.57:535][  0]LogAudioCaptureCore: Display: No Audio Capture implementations found. Audio input will be silent.
[2023.06.22-18.02.57:535][  0]LogAudioCaptureCore: Display: No Audio Capture implementations found. Audio input will be silent.
[2023.06.22-18.02.57:625][  0]LogCollectionManager: Loaded 0 collections in 0.001183 seconds
[2023.06.22-18.02.57:641][  0]LogFileCache: Scanning file cache for directory 'C:/Users/G418-23/Desktop/gamejam/Gamejam_2023_1/gj/Saved/Collections/' took 0.00s
[2023.06.22-18.02.57:641][  0]LogFileCache: Scanning file cache for directory 'C:/Users/G418-23/Desktop/gamejam/Gamejam_2023_1/gj/Content/Developers/G41823/Collections/' took 0.00s
[2023.06.22-18.02.57:641][  0]LogFileCache: Scanning file cache for directory 'C:/Users/G418-23/Desktop/gamejam/Gamejam_2023_1/gj/Content/Collections/' took 0.00s
[2023.06.22-18.02.57:641][  0]LogOcInput: OculusInput pre-init called
[2023.06.22-18.02.57:803][  0]LogEngine: Initializing Engine...
[2023.06.22-18.02.57:804][  0]LogHMD: Failed to enumerate extensions. Please check that you have a valid OpenXR runtime installed.
[2023.06.22-18.02.57:805][  0]LogHMD: Failed to initialize OpenVR with code 110
[2023.06.22-18.02.57:805][  0]LogMagicLeap: Warning: VR disabled because ZI is not enabled.  To enable, in the editor, Edit -> Project Settings -> Plugins -> Magic Leap Plugin -> Enable Zero Iteration
[2023.06.22-18.02.57:805][  0]LogStats: UGameplayTagsManager::InitializeManager -  0.000 s
[2023.06.22-18.02.57:874][  0]LogInit: Initializing FReadOnlyCVARCache
[2023.06.22-18.02.57:880][  0]LogAIModule: Creating AISystem for world Untitled
[2023.06.22-18.02.57:887][  0]LogAudio: Display: Initializing Audio Device Manager...
[2023.06.22-18.02.57:890][  0]LogAudio: Display: Loading Default Audio Settings Objects...
[2023.06.22-18.02.57:891][  0]LogAudio: Display: No default SoundConcurrencyObject specified (or failed to load).
[2023.06.22-18.02.57:891][  0]LogAudio: Display: Audio Device Manager Initialized
[2023.06.22-18.02.57:891][  0]LogAudio: Display: Creating Audio Device:                 Id: 1, Scope: Shared, Realtime: True
[2023.06.22-18.02.57:891][  0]LogAudioMixer: Display: Audio Mixer Platform Settings:
[2023.06.22-18.02.57:891][  0]LogAudioMixer: Display: 	Sample Rate:						  48000
[2023.06.22-18.02.57:891][  0]LogAudioMixer: Display: 	Callback Buffer Frame Size Requested: 1024
[2023.06.22-18.02.57:891][  0]LogAudioMixer: Display: 	Callback Buffer Frame Size To Use:	  1024
[2023.06.22-18.02.57:891][  0]LogAudioMixer: Display: 	Number of buffers to queue:			  2
[2023.06.22-18.02.57:891][  0]LogAudioMixer: Display: 	Max Channels (voices):				  32
[2023.06.22-18.02.57:891][  0]LogAudioMixer: Display: 	Number of Async Source Workers:		  0
[2023.06.22-18.02.57:891][  0]LogAudio: Display: AudioDevice MaxSources: 32
[2023.06.22-18.02.57:891][  0]LogAudio: Display: Audio Spatialization Plugin: None (built-in).
[2023.06.22-18.02.57:891][  0]LogAudio: Display: Audio Reverb Plugin: None (built-in).
[2023.06.22-18.02.57:891][  0]LogAudio: Display: Audio Occlusion Plugin: None (built-in).
[2023.06.22-18.02.57:891][  0]LogAudioMixer: Display: Initializing audio mixer.
[2023.06.22-18.02.57:898][  0]LogAudioMixer: Display: Using Audio Device Unknown
[2023.06.22-18.02.57:899][  0]LogAudioMixer: Display: Initializing Sound Submixes...
[2023.06.22-18.02.57:900][  0]LogAudioMixer: Display: Creating Master Submix 'MasterSubmixDefault'
[2023.06.22-18.02.57:900][  0]LogAudioMixer: Display: Creating Master Submix 'MasterReverbSubmixDefault'
[2023.06.22-18.02.57:901][  0]LogAudioMixer: Display: Creating Master Submix 'MasterEQSubmixDefault'
[2023.06.22-18.02.57:901][  0]LogAudioMixer: FMixerPlatformXAudio2::StartAudioStream() called
[2023.06.22-18.02.57:901][  0]LogAudioMixer: Display: Output buffers initialized: Frames=1024, Channels=2, Samples=2048
[2023.06.22-18.02.57:902][  0]LogAudioMixer: Display: Starting AudioMixerPlatformInterface::RunInternal()
[2023.06.22-18.02.57:902][  0]LogAudioMixer: Display: StartRunningNullDevice() called
[2023.06.22-18.02.57:903][  0]LogInit: FAudioDevice initialized.
[2023.06.22-18.02.57:903][  0]LogAudio: Display: Audio Device (ID: 1) registered with world 'Untitled'.
[2023.06.22-18.02.57:903][  0]LogNetVersion: Set ProjectVersion to 1.0.0.0. Version Checksum will be recalculated on next use.
[2023.06.22-18.02.57:951][  0]LogDerivedDataCache: Saved boot cache 0.05s 94MB C:/Users/G418-23/AppData/Local/UnrealEngine/4.27/DerivedDataCache/Boot.ddc.
[2023.06.22-18.02.57:951][  0]LogInit: Texture streaming: Enabled
[2023.06.22-18.02.57:960][  0]LogAnalytics: Display: [UEEditor.Rocket.Release] APIServer = https://datarouter.ol.epicgames.com/. AppVersion = 4.27.2-18319896+++UE4+Release-4.27
[2023.06.22-18.02.57:964][  0]LogEngineSessionManager: EngineSessionManager initialized
[2023.06.22-18.02.57:964][  0]LogEditorSessionSummary: Verbose: Initializing EditorSessionSummaryWriter for editor session tracking
[2023.06.22-18.02.57:966][  0]LogEditorSessionSummary: EditorSessionSummaryWriter initialized
[2023.06.22-18.02.57:982][  0]LogInit: Transaction tracking system initialized
[2023.06.22-18.02.57:998][  0]BlueprintLog: New page: Editor Load
[2023.06.22-18.02.58:040][  0]LocalizationService: Localization service is disabled
[2023.06.22-18.02.58:056][  0]TimingProfiler: Initialize
[2023.06.22-18.02.58:057][  0]TimingProfiler: OnSessionChanged
[2023.06.22-18.02.58:057][  0]LoadingProfiler: Initialize
[2023.06.22-18.02.58:057][  0]LoadingProfiler: OnSessionChanged
[2023.06.22-18.02.58:057][  0]NetworkingProfiler: Initialize
[2023.06.22-18.02.58:057][  0]NetworkingProfiler: OnSessionChanged
[2023.06.22-18.02.58:057][  0]MemoryProfiler: Initialize
[2023.06.22-18.02.58:057][  0]MemoryProfiler: OnSessionChanged
[2023.06.22-18.02.58:139][  0]LogCook: Display: CookSettings for Memory: MemoryMaxUsedVirtual 0MiB, MemoryMaxUsedPhysical 16384MiB, MemoryMinFreeVirtual 0MiB, MemoryMinFreePhysical 1024MiB
[2023.06.22-18.02.58:139][  0]LogCook: Display: Mobile HDR setting 1
[2023.06.22-18.02.58:264][  0]LogFileCache: Scanning file cache for directory 'C:/Users/G418-23/Desktop/gamejam/Gamejam_2023_1/gj/Content/' took 0.01s
[2023.06.22-18.02.58:387][  0]LogInit: Display: Engine is initialized. Leaving FEngineLoop::Init()
[2023.06.22-18.02.58:391][  0]SourceControl: Source control is disabled
[2023.06.22-18.02.58:391][  0]LogUnrealEdMisc: Loading editor; pre map load, took 4.279
[2023.06.22-18.02.58:391][  0]Cmd: MAP LOAD FILE="../../../../../../Users/G418-23/Desktop/gamejam/Gamejam_2023_1/gj/Content/ModularBuildingSet/Demo_Scene.umap" TEMPLATE=0 SHOWPROGRESS=1 FEATURELEVEL=3
[2023.06.22-18.02.58:391][  0]LightingResults: New page: Lighting Build
[2023.06.22-18.02.58:416][  0]LogWorld: UWorld::CleanupWorld for Untitled, bSessionEnded=true, bCleanupResources=true
[2023.06.22-18.02.58:416][  0]LogSlate: InvalidateAllWidgets triggered.  All widgets were invalidated
[2023.06.22-18.02.58:416][  0]MapCheck: New page: Map Check
[2023.06.22-18.02.58:416][  0]LightingResults: New page: Lighting Build
[2023.06.22-18.02.58:420][  0]LogAudio: Display: Audio Device unregistered from world 'None'.
[2023.06.22-18.02.58:422][  0]LogUObjectHash: Compacting FUObjectHashTables data took   0.56ms
[2023.06.22-18.02.58:515][  0]LogScript: Warning: Script Msg: A null object was passed as a world context object to UEngine::GetWorldFromContextObject().
[2023.06.22-18.02.58:515][  0]LogScript: Warning: Script Msg: A null object was passed as a world context object to UEngine::GetWorldFromContextObject().
[2023.06.22-18.02.58:516][  0]LogScript: Warning: Script Msg: A null object was passed as a world context object to UEngine::GetWorldFromContextObject().
[2023.06.22-18.02.59:015][  0]LogStaticMesh: Warning: Mesh store_front_windows_broken_4x1_a is recomputing physics on load. It must be resaved before it will cook deterministically. Please resave /Game/ModularBuildingSet/Meshes/Store_fronts_interiors/store_front_windows_broken_4x1_a.store_front_windows_broken_4x1_a.
[2023.06.22-18.02.59:019][  0]LogStaticMesh: Warning: Mesh store_front_door_5x1_a is recomputing physics on load. It must be resaved before it will cook deterministically. Please resave /Game/ModularBuildingSet/Meshes/Store_fronts_interiors/store_front_door_5x1_a.store_front_door_5x1_a.
[2023.06.22-18.02.59:022][  0]LogStaticMesh: Warning: Mesh store_front_windows_broken_4x1_b is recomputing physics on load. It must be resaved before it will cook deterministically. Please resave /Game/ModularBuildingSet/Meshes/Store_fronts_interiors/store_front_windows_broken_4x1_b.store_front_windows_broken_4x1_b.
[2023.06.22-18.02.59:025][  0]LogStaticMesh: Warning: Mesh store_front_door_4x1_b is recomputing physics on load. It must be resaved before it will cook deterministically. Please resave /Game/ModularBuildingSet/Meshes/Store_fronts_interiors/store_front_door_4x1_b.store_front_door_4x1_b.
[2023.06.22-18.02.59:029][  0]LogStaticMesh: Warning: Mesh store_front_door_b_left is recomputing physics on load. It must be resaved before it will cook deterministically. Please resave /Game/ModularBuildingSet/Meshes/Store_fronts_doors/store_front_door_b_left.store_front_door_b_left.
[2023.06.22-18.02.59:030][  0]LogStaticMesh: Warning: Mesh store_front_door_b_right is recomputing physics on load. It must be resaved before it will cook deterministically. Please resave /Game/ModularBuildingSet/Meshes/Store_fronts_doors/store_front_door_b_right.store_front_door_b_right.
[2023.06.22-18.02.59:143][  0]LogAudio: Display: Audio Device (ID: 1) registered with world 'Demo_Scene'.
[2023.06.22-18.02.59:143][  0]LogAIModule: Creating AISystem for world Demo_Scene
[2023.06.22-18.02.59:286][  0]LogEditorServer: Finished looking for orphan Actors (0.000 secs)
[2023.06.22-18.02.59:363][  0]LogUObjectHash: Compacting FUObjectHashTables data took   0.96ms
[2023.06.22-18.02.59:363][  0]Cmd: MAP CHECKDEP NOCLEARLOG
[2023.06.22-18.02.59:364][  0]MapCheck: Map check complete: 0 Error(s), 0 Warning(s), took 0.593ms to complete.
[2023.06.22-18.02.59:364][  0]LogFileHelpers: Loading map 'Demo_Scene' took 0.973
[2023.06.22-18.02.59:365][  0]LogUnrealEdMisc: Total Editor Startup Time, took 5.254
[2023.06.22-18.02.59:493][  0]LogSlate: Updating window title bar state: overlay mode, drag disabled, window buttons hidden, title bar hidden
[2023.06.22-18.02.59:497][  0]LogSlate: Updating window title bar state: overlay mode, drag disabled, window buttons hidden, title bar hidden
[2023.06.22-18.02.59:502][  0]LogSlate: Updating window title bar state: overlay mode, drag disabled, window buttons hidden, title bar hidden
[2023.06.22-18.02.59:507][  0]LogSlate: Updating window title bar state: overlay mode, drag disabled, window buttons hidden, title bar hidden
[2023.06.22-18.02.59:519][  0]LogNativeClassHierarchy: Verbose: Native class hierarchy populated in 0.0071 seconds. Added 3826 classes and 930 folders.
[2023.06.22-18.02.59:521][  0]LogNativeClassHierarchy: Verbose: Native class hierarchy updated for 'WidgetCarousel' in 0.0002 seconds. Added 0 classes and 0 folders.
[2023.06.22-18.02.59:522][  0]LogPakFile: PakFile PrimaryIndexSize=187
[2023.06.22-18.02.59:522][  0]LogPakFile: PakFile PathHashIndexSize=101
[2023.06.22-18.02.59:522][  0]LogPakFile: PakFile FullDirectoryIndexSize=148
[2023.06.22-18.02.59:522][  0]LogShaderLibrary: Display: ShaderCodeLibraryPakFileMountedCallback: PakFile 'C:/Program Files/Epic Games/UE_4.27/FeaturePacks/FP_FirstPerson.upack' (chunk index -1, root 'root:/') mounted
[2023.06.22-18.02.59:522][  0]LogShaderLibrary: Display: ShaderCodeLibraryPakFileMountedCallback: pending pak file info (ChunkID:-1 Root:root:/ File:C:/Program Files/Epic Games/UE_4.27/FeaturePacks/FP_FirstPerson.upack)
[2023.06.22-18.02.59:522][  0]LogPakFile: OnPakFileMounted2Time == 0.000043
[2023.06.22-18.02.59:523][  0]LogPakFile: PakFile PrimaryIndexSize=189
[2023.06.22-18.02.59:523][  0]LogPakFile: PakFile PathHashIndexSize=101
[2023.06.22-18.02.59:523][  0]LogPakFile: PakFile FullDirectoryIndexSize=152
[2023.06.22-18.02.59:523][  0]LogShaderLibrary: Display: ShaderCodeLibraryPakFileMountedCallback: PakFile 'C:/Program Files/Epic Games/UE_4.27/FeaturePacks/FP_FirstPersonBP.upack' (chunk index -1, root 'root:/') mounted
[2023.06.22-18.02.59:523][  0]LogShaderLibrary: Display: ShaderCodeLibraryPakFileMountedCallback: pending pak file info (ChunkID:-1 Root:root:/ File:C:/Program Files/Epic Games/UE_4.27/FeaturePacks/FP_FirstPersonBP.upack)
[2023.06.22-18.02.59:523][  0]LogPakFile: OnPakFileMounted2Time == 0.000024
[2023.06.22-18.02.59:523][  0]LogPakFile: PakFile PrimaryIndexSize=191
[2023.06.22-18.02.59:523][  0]LogPakFile: PakFile PathHashIndexSize=101
[2023.06.22-18.02.59:523][  0]LogPakFile: PakFile FullDirectoryIndexSize=160
[2023.06.22-18.02.59:523][  0]LogShaderLibrary: Display: ShaderCodeLibraryPakFileMountedCallback: PakFile 'C:/Program Files/Epic Games/UE_4.27/FeaturePacks/MobileStarterContent.upack' (chunk index -1, root 'root:/') mounted
[2023.06.22-18.02.59:523][  0]LogShaderLibrary: Display: ShaderCodeLibraryPakFileMountedCallback: pending pak file info (ChunkID:-1 Root:root:/ File:C:/Program Files/Epic Games/UE_4.27/FeaturePacks/MobileStarterContent.upack)
[2023.06.22-18.02.59:523][  0]LogPakFile: OnPakFileMounted2Time == 0.000023
[2023.06.22-18.02.59:523][  0]LogPakFile: PakFile PrimaryIndexSize=185
[2023.06.22-18.02.59:523][  0]LogPakFile: PakFile PathHashIndexSize=101
[2023.06.22-18.02.59:523][  0]LogPakFile: PakFile FullDirectoryIndexSize=148
[2023.06.22-18.02.59:523][  0]LogShaderLibrary: Display: ShaderCodeLibraryPakFileMountedCallback: PakFile 'C:/Program Files/Epic Games/UE_4.27/FeaturePacks/StarterContent.upack' (chunk index -1, root 'root:/') mounted
[2023.06.22-18.02.59:523][  0]LogShaderLibrary: Display: ShaderCodeLibraryPakFileMountedCallback: pending pak file info (ChunkID:-1 Root:root:/ File:C:/Program Files/Epic Games/UE_4.27/FeaturePacks/StarterContent.upack)
[2023.06.22-18.02.59:523][  0]LogPakFile: OnPakFileMounted2Time == 0.000025
[2023.06.22-18.02.59:524][  0]LogPakFile: PakFile PrimaryIndexSize=190
[2023.06.22-18.02.59:524][  0]LogPakFile: PakFile PathHashIndexSize=101
[2023.06.22-18.02.59:524][  0]LogPakFile: PakFile FullDirectoryIndexSize=154
[2023.06.22-18.02.59:524][  0]LogShaderLibrary: Display: ShaderCodeLibraryPakFileMountedCallback: PakFile 'C:/Program Files/Epic Games/UE_4.27/FeaturePacks/TP_2DSideScroller.upack' (chunk index -1, root 'root:/') mounted
[2023.06.22-18.02.59:524][  0]LogShaderLibrary: Display: ShaderCodeLibraryPakFileMountedCallback: pending pak file info (ChunkID:-1 Root:root:/ File:C:/Program Files/Epic Games/UE_4.27/FeaturePacks/TP_2DSideScroller.upack)
[2023.06.22-18.02.59:524][  0]LogPakFile: OnPakFileMounted2Time == 0.000021
[2023.06.22-18.02.59:524][  0]LogPakFile: PakFile PrimaryIndexSize=192
[2023.06.22-18.02.59:524][  0]LogPakFile: PakFile PathHashIndexSize=101
[2023.06.22-18.02.59:524][  0]LogPakFile: PakFile FullDirectoryIndexSize=158
[2023.06.22-18.02.59:524][  0]LogShaderLibrary: Display: ShaderCodeLibraryPakFileMountedCallback: PakFile 'C:/Program Files/Epic Games/UE_4.27/FeaturePacks/TP_2DSideScrollerBP.upack' (chunk index -1, root 'root:/') mounted
[2023.06.22-18.02.59:524][  0]LogShaderLibrary: Display: ShaderCodeLibraryPakFileMountedCallback: pending pak file info (ChunkID:-1 Root:root:/ File:C:/Program Files/Epic Games/UE_4.27/FeaturePacks/TP_2DSideScrollerBP.upack)
[2023.06.22-18.02.59:524][  0]LogPakFile: OnPakFileMounted2Time == 0.000022
[2023.06.22-18.02.59:524][  0]LogPakFile: PakFile PrimaryIndexSize=182
[2023.06.22-18.02.59:524][  0]LogPakFile: PakFile PathHashIndexSize=101
[2023.06.22-18.02.59:524][  0]LogPakFile: PakFile FullDirectoryIndexSize=138
[2023.06.22-18.02.59:524][  0]LogShaderLibrary: Display: ShaderCodeLibraryPakFileMountedCallback: PakFile 'C:/Program Files/Epic Games/UE_4.27/FeaturePacks/TP_Flying.upack' (chunk index -1, root 'root:/') mounted
[2023.06.22-18.02.59:524][  0]LogShaderLibrary: Display: ShaderCodeLibraryPakFileMountedCallback: pending pak file info (ChunkID:-1 Root:root:/ File:C:/Program Files/Epic Games/UE_4.27/FeaturePacks/TP_Flying.upack)
[2023.06.22-18.02.59:524][  0]LogPakFile: OnPakFileMounted2Time == 0.000021
[2023.06.22-18.02.59:524][  0]LogPakFile: PakFile PrimaryIndexSize=184
[2023.06.22-18.02.59:524][  0]LogPakFile: PakFile PathHashIndexSize=101
[2023.06.22-18.02.59:524][  0]LogPakFile: PakFile FullDirectoryIndexSize=142
[2023.06.22-18.02.59:524][  0]LogShaderLibrary: Display: ShaderCodeLibraryPakFileMountedCallback: PakFile 'C:/Program Files/Epic Games/UE_4.27/FeaturePacks/TP_FlyingBP.upack' (chunk index -1, root 'root:/') mounted
[2023.06.22-18.02.59:524][  0]LogShaderLibrary: Display: ShaderCodeLibraryPakFileMountedCallback: pending pak file info (ChunkID:-1 Root:root:/ File:C:/Program Files/Epic Games/UE_4.27/FeaturePacks/TP_FlyingBP.upack)
[2023.06.22-18.02.59:524][  0]LogPakFile: OnPakFileMounted2Time == 0.000021
[2023.06.22-18.02.59:525][  0]LogPakFile: PakFile PrimaryIndexSize=188
[2023.06.22-18.02.59:525][  0]LogPakFile: PakFile PathHashIndexSize=101
[2023.06.22-18.02.59:525][  0]LogPakFile: PakFile FullDirectoryIndexSize=150
[2023.06.22-18.02.59:525][  0]LogShaderLibrary: Display: ShaderCodeLibraryPakFileMountedCallback: PakFile 'C:/Program Files/Epic Games/UE_4.27/FeaturePacks/TP_HandheldARBP.upack' (chunk index -1, root 'root:/') mounted
[2023.06.22-18.02.59:525][  0]LogShaderLibrary: Display: ShaderCodeLibraryPakFileMountedCallback: pending pak file info (ChunkID:-1 Root:root:/ File:C:/Program Files/Epic Games/UE_4.27/FeaturePacks/TP_HandheldARBP.upack)
[2023.06.22-18.02.59:525][  0]LogPakFile: OnPakFileMounted2Time == 0.000018
[2023.06.22-18.02.59:525][  0]LogPakFile: PakFile PrimaryIndexSize=182
[2023.06.22-18.02.59:525][  0]LogPakFile: PakFile PathHashIndexSize=101
[2023.06.22-18.02.59:525][  0]LogPakFile: PakFile FullDirectoryIndexSize=138
[2023.06.22-18.02.59:525][  0]LogShaderLibrary: Display: ShaderCodeLibraryPakFileMountedCallback: PakFile 'C:/Program Files/Epic Games/UE_4.27/FeaturePacks/TP_Puzzle.upack' (chunk index -1, root 'root:/') mounted
[2023.06.22-18.02.59:525][  0]LogShaderLibrary: Display: ShaderCodeLibraryPakFileMountedCallback: pending pak file info (ChunkID:-1 Root:root:/ File:C:/Program Files/Epic Games/UE_4.27/FeaturePacks/TP_Puzzle.upack)
[2023.06.22-18.02.59:525][  0]LogPakFile: OnPakFileMounted2Time == 0.000018
[2023.06.22-18.02.59:525][  0]LogPakFile: PakFile PrimaryIndexSize=184
[2023.06.22-18.02.59:525][  0]LogPakFile: PakFile PathHashIndexSize=101
[2023.06.22-18.02.59:525][  0]LogPakFile: PakFile FullDirectoryIndexSize=142
[2023.06.22-18.02.59:525][  0]LogShaderLibrary: Display: ShaderCodeLibraryPakFileMountedCallback: PakFile 'C:/Program Files/Epic Games/UE_4.27/FeaturePacks/TP_PuzzleBP.upack' (chunk index -1, root 'root:/') mounted
[2023.06.22-18.02.59:525][  0]LogShaderLibrary: Display: ShaderCodeLibraryPakFileMountedCallback: pending pak file info (ChunkID:-1 Root:root:/ File:C:/Program Files/Epic Games/UE_4.27/FeaturePacks/TP_PuzzleBP.upack)
[2023.06.22-18.02.59:525][  0]LogPakFile: OnPakFileMounted2Time == 0.000020
[2023.06.22-18.02.59:526][  0]LogPakFile: PakFile PrimaryIndexSize=183
[2023.06.22-18.02.59:526][  0]LogPakFile: PakFile PathHashIndexSize=101
[2023.06.22-18.02.59:526][  0]LogPakFile: PakFile FullDirectoryIndexSize=140
[2023.06.22-18.02.59:526][  0]LogShaderLibrary: Display: ShaderCodeLibraryPakFileMountedCallback: PakFile 'C:/Program Files/Epic Games/UE_4.27/FeaturePacks/TP_Rolling.upack' (chunk index -1, root 'root:/') mounted
[2023.06.22-18.02.59:526][  0]LogShaderLibrary: Display: ShaderCodeLibraryPakFileMountedCallback: pending pak file info (ChunkID:-1 Root:root:/ File:C:/Program Files/Epic Games/UE_4.27/FeaturePacks/TP_Rolling.upack)
[2023.06.22-18.02.59:526][  0]LogPakFile: OnPakFileMounted2Time == 0.000022
[2023.06.22-18.02.59:526][  0]LogPakFile: PakFile PrimaryIndexSize=185
[2023.06.22-18.02.59:526][  0]LogPakFile: PakFile PathHashIndexSize=101
[2023.06.22-18.02.59:526][  0]LogPakFile: PakFile FullDirectoryIndexSize=144
[2023.06.22-18.02.59:526][  0]LogShaderLibrary: Display: ShaderCodeLibraryPakFileMountedCallback: PakFile 'C:/Program Files/Epic Games/UE_4.27/FeaturePacks/TP_RollingBP.upack' (chunk index -1, root 'root:/') mounted
[2023.06.22-18.02.59:526][  0]LogShaderLibrary: Display: ShaderCodeLibraryPakFileMountedCallback: pending pak file info (ChunkID:-1 Root:root:/ File:C:/Program Files/Epic Games/UE_4.27/FeaturePacks/TP_RollingBP.upack)
[2023.06.22-18.02.59:526][  0]LogPakFile: OnPakFileMounted2Time == 0.000023
[2023.06.22-18.02.59:526][  0]LogPakFile: PakFile PrimaryIndexSize=188
[2023.06.22-18.02.59:526][  0]LogPakFile: PakFile PathHashIndexSize=101
[2023.06.22-18.02.59:526][  0]LogPakFile: PakFile FullDirectoryIndexSize=150
[2023.06.22-18.02.59:526][  0]LogShaderLibrary: Display: ShaderCodeLibraryPakFileMountedCallback: PakFile 'C:/Program Files/Epic Games/UE_4.27/FeaturePacks/TP_SideScroller.upack' (chunk index -1, root 'root:/') mounted
[2023.06.22-18.02.59:526][  0]LogShaderLibrary: Display: ShaderCodeLibraryPakFileMountedCallback: pending pak file info (ChunkID:-1 Root:root:/ File:C:/Program Files/Epic Games/UE_4.27/FeaturePacks/TP_SideScroller.upack)
[2023.06.22-18.02.59:526][  0]LogPakFile: OnPakFileMounted2Time == 0.000019
[2023.06.22-18.02.59:526][  0]LogPakFile: PakFile PrimaryIndexSize=190
[2023.06.22-18.02.59:526][  0]LogPakFile: PakFile PathHashIndexSize=101
[2023.06.22-18.02.59:526][  0]LogPakFile: PakFile FullDirectoryIndexSize=154
[2023.06.22-18.02.59:526][  0]LogShaderLibrary: Display: ShaderCodeLibraryPakFileMountedCallback: PakFile 'C:/Program Files/Epic Games/UE_4.27/FeaturePacks/TP_SideScrollerBP.upack' (chunk index -1, root 'root:/') mounted
[2023.06.22-18.02.59:526][  0]LogShaderLibrary: Display: ShaderCodeLibraryPakFileMountedCallback: pending pak file info (ChunkID:-1 Root:root:/ File:C:/Program Files/Epic Games/UE_4.27/FeaturePacks/TP_SideScrollerBP.upack)
[2023.06.22-18.02.59:526][  0]LogPakFile: OnPakFileMounted2Time == 0.000020
[2023.06.22-18.02.59:527][  0]LogPakFile: PakFile PrimaryIndexSize=187
[2023.06.22-18.02.59:527][  0]LogPakFile: PakFile PathHashIndexSize=101
[2023.06.22-18.02.59:527][  0]LogPakFile: PakFile FullDirectoryIndexSize=148
[2023.06.22-18.02.59:527][  0]LogShaderLibrary: Display: ShaderCodeLibraryPakFileMountedCallback: PakFile 'C:/Program Files/Epic Games/UE_4.27/FeaturePacks/TP_ThirdPerson.upack' (chunk index -1, root 'root:/') mounted
[2023.06.22-18.02.59:527][  0]LogShaderLibrary: Display: ShaderCodeLibraryPakFileMountedCallback: pending pak file info (ChunkID:-1 Root:root:/ File:C:/Program Files/Epic Games/UE_4.27/FeaturePacks/TP_ThirdPerson.upack)
[2023.06.22-18.02.59:527][  0]LogPakFile: OnPakFileMounted2Time == 0.000022
[2023.06.22-18.02.59:527][  0]LogPakFile: PakFile PrimaryIndexSize=189
[2023.06.22-18.02.59:527][  0]LogPakFile: PakFile PathHashIndexSize=101
[2023.06.22-18.02.59:527][  0]LogPakFile: PakFile FullDirectoryIndexSize=152
[2023.06.22-18.02.59:527][  0]LogShaderLibrary: Display: ShaderCodeLibraryPakFileMountedCallback: PakFile 'C:/Program Files/Epic Games/UE_4.27/FeaturePacks/TP_ThirdPersonBP.upack' (chunk index -1, root 'root:/') mounted
[2023.06.22-18.02.59:527][  0]LogShaderLibrary: Display: ShaderCodeLibraryPakFileMountedCallback: pending pak file info (ChunkID:-1 Root:root:/ File:C:/Program Files/Epic Games/UE_4.27/FeaturePacks/TP_ThirdPersonBP.upack)
[2023.06.22-18.02.59:527][  0]LogPakFile: OnPakFileMounted2Time == 0.000018
[2023.06.22-18.02.59:527][  0]LogPakFile: PakFile PrimaryIndexSize=183
[2023.06.22-18.02.59:527][  0]LogPakFile: PakFile PathHashIndexSize=101
[2023.06.22-18.02.59:527][  0]LogPakFile: PakFile FullDirectoryIndexSize=140
[2023.06.22-18.02.59:527][  0]LogShaderLibrary: Display: ShaderCodeLibraryPakFileMountedCallback: PakFile 'C:/Program Files/Epic Games/UE_4.27/FeaturePacks/TP_TopDown.upack' (chunk index -1, root 'root:/') mounted
[2023.06.22-18.02.59:527][  0]LogShaderLibrary: Display: ShaderCodeLibraryPakFileMountedCallback: pending pak file info (ChunkID:-1 Root:root:/ File:C:/Program Files/Epic Games/UE_4.27/FeaturePacks/TP_TopDown.upack)
[2023.06.22-18.02.59:527][  0]LogPakFile: OnPakFileMounted2Time == 0.000027
[2023.06.22-18.02.59:527][  0]LogPakFile: PakFile PrimaryIndexSize=185
[2023.06.22-18.02.59:527][  0]LogPakFile: PakFile PathHashIndexSize=101
[2023.06.22-18.02.59:527][  0]LogPakFile: PakFile FullDirectoryIndexSize=144
[2023.06.22-18.02.59:527][  0]LogShaderLibrary: Display: ShaderCodeLibraryPakFileMountedCallback: PakFile 'C:/Program Files/Epic Games/UE_4.27/FeaturePacks/TP_TopDownBP.upack' (chunk index -1, root 'root:/') mounted
[2023.06.22-18.02.59:527][  0]LogShaderLibrary: Display: ShaderCodeLibraryPakFileMountedCallback: pending pak file info (ChunkID:-1 Root:root:/ File:C:/Program Files/Epic Games/UE_4.27/FeaturePacks/TP_TopDownBP.upack)
[2023.06.22-18.02.59:527][  0]LogPakFile: OnPakFileMounted2Time == 0.000023
[2023.06.22-18.02.59:528][  0]LogPakFile: PakFile PrimaryIndexSize=185
[2023.06.22-18.02.59:528][  0]LogPakFile: PakFile PathHashIndexSize=101
[2023.06.22-18.02.59:528][  0]LogPakFile: PakFile FullDirectoryIndexSize=144
[2023.06.22-18.02.59:528][  0]LogShaderLibrary: Display: ShaderCodeLibraryPakFileMountedCallback: PakFile 'C:/Program Files/Epic Games/UE_4.27/FeaturePacks/TP_TwinStick.upack' (chunk index -1, root 'root:/') mounted
[2023.06.22-18.02.59:528][  0]LogShaderLibrary: Display: ShaderCodeLibraryPakFileMountedCallback: pending pak file info (ChunkID:-1 Root:root:/ File:C:/Program Files/Epic Games/UE_4.27/FeaturePacks/TP_TwinStick.upack)
[2023.06.22-18.02.59:528][  0]LogPakFile: OnPakFileMounted2Time == 0.000018
[2023.06.22-18.02.59:528][  0]LogPakFile: PakFile PrimaryIndexSize=187
[2023.06.22-18.02.59:528][  0]LogPakFile: PakFile PathHashIndexSize=101
[2023.06.22-18.02.59:528][  0]LogPakFile: PakFile FullDirectoryIndexSize=148
[2023.06.22-18.02.59:528][  0]LogShaderLibrary: Display: ShaderCodeLibraryPakFileMountedCallback: PakFile 'C:/Program Files/Epic Games/UE_4.27/FeaturePacks/TP_TwinStickBP.upack' (chunk index -1, root 'root:/') mounted
[2023.06.22-18.02.59:528][  0]LogShaderLibrary: Display: ShaderCodeLibraryPakFileMountedCallback: pending pak file info (ChunkID:-1 Root:root:/ File:C:/Program Files/Epic Games/UE_4.27/FeaturePacks/TP_TwinStickBP.upack)
[2023.06.22-18.02.59:528][  0]LogPakFile: OnPakFileMounted2Time == 0.000017
[2023.06.22-18.02.59:528][  0]LogPakFile: PakFile PrimaryIndexSize=183
[2023.06.22-18.02.59:528][  0]LogPakFile: PakFile PathHashIndexSize=101
[2023.06.22-18.02.59:528][  0]LogPakFile: PakFile FullDirectoryIndexSize=140
[2023.06.22-18.02.59:528][  0]LogShaderLibrary: Display: ShaderCodeLibraryPakFileMountedCallback: PakFile 'C:/Program Files/Epic Games/UE_4.27/FeaturePacks/TP_Vehicle.upack' (chunk index -1, root 'root:/') mounted
[2023.06.22-18.02.59:528][  0]LogShaderLibrary: Display: ShaderCodeLibraryPakFileMountedCallback: pending pak file info (ChunkID:-1 Root:root:/ File:C:/Program Files/Epic Games/UE_4.27/FeaturePacks/TP_Vehicle.upack)
[2023.06.22-18.02.59:528][  0]LogPakFile: OnPakFileMounted2Time == 0.000020
[2023.06.22-18.02.59:528][  0]LogPakFile: PakFile PrimaryIndexSize=186
[2023.06.22-18.02.59:528][  0]LogPakFile: PakFile PathHashIndexSize=101
[2023.06.22-18.02.59:528][  0]LogPakFile: PakFile FullDirectoryIndexSize=146
[2023.06.22-18.02.59:528][  0]LogShaderLibrary: Display: ShaderCodeLibraryPakFileMountedCallback: PakFile 'C:/Program Files/Epic Games/UE_4.27/FeaturePacks/TP_VehicleAdv.upack' (chunk index -1, root 'root:/') mounted
[2023.06.22-18.02.59:528][  0]LogShaderLibrary: Display: ShaderCodeLibraryPakFileMountedCallback: pending pak file info (ChunkID:-1 Root:root:/ File:C:/Program Files/Epic Games/UE_4.27/FeaturePacks/TP_VehicleAdv.upack)
[2023.06.22-18.02.59:528][  0]LogPakFile: OnPakFileMounted2Time == 0.000020
[2023.06.22-18.02.59:529][  0]LogPakFile: PakFile PrimaryIndexSize=188
[2023.06.22-18.02.59:529][  0]LogPakFile: PakFile PathHashIndexSize=101
[2023.06.22-18.02.59:529][  0]LogPakFile: PakFile FullDirectoryIndexSize=150
[2023.06.22-18.02.59:529][  0]LogShaderLibrary: Display: ShaderCodeLibraryPakFileMountedCallback: PakFile 'C:/Program Files/Epic Games/UE_4.27/FeaturePacks/TP_VehicleAdvBP.upack' (chunk index -1, root 'root:/') mounted
[2023.06.22-18.02.59:529][  0]LogShaderLibrary: Display: ShaderCodeLibraryPakFileMountedCallback: pending pak file info (ChunkID:-1 Root:root:/ File:C:/Program Files/Epic Games/UE_4.27/FeaturePacks/TP_VehicleAdvBP.upack)
[2023.06.22-18.02.59:529][  0]LogPakFile: OnPakFileMounted2Time == 0.000018
[2023.06.22-18.02.59:529][  0]LogPakFile: PakFile PrimaryIndexSize=185
[2023.06.22-18.02.59:529][  0]LogPakFile: PakFile PathHashIndexSize=101
[2023.06.22-18.02.59:529][  0]LogPakFile: PakFile FullDirectoryIndexSize=144
[2023.06.22-18.02.59:529][  0]LogShaderLibrary: Display: ShaderCodeLibraryPakFileMountedCallback: PakFile 'C:/Program Files/Epic Games/UE_4.27/FeaturePacks/TP_VehicleBP.upack' (chunk index -1, root 'root:/') mounted
[2023.06.22-18.02.59:529][  0]LogShaderLibrary: Display: ShaderCodeLibraryPakFileMountedCallback: pending pak file info (ChunkID:-1 Root:root:/ File:C:/Program Files/Epic Games/UE_4.27/FeaturePacks/TP_VehicleBP.upack)
[2023.06.22-18.02.59:529][  0]LogPakFile: OnPakFileMounted2Time == 0.000021
[2023.06.22-18.02.59:529][  0]LogPakFile: PakFile PrimaryIndexSize=192
[2023.06.22-18.02.59:529][  0]LogPakFile: PakFile PathHashIndexSize=101
[2023.06.22-18.02.59:529][  0]LogPakFile: PakFile FullDirectoryIndexSize=158
[2023.06.22-18.02.59:529][  0]LogShaderLibrary: Display: ShaderCodeLibraryPakFileMountedCallback: PakFile 'C:/Program Files/Epic Games/UE_4.27/FeaturePacks/TP_VirtualRealityBP.upack' (chunk index -1, root 'root:/') mounted
[2023.06.22-18.02.59:529][  0]LogShaderLibrary: Display: ShaderCodeLibraryPakFileMountedCallback: pending pak file info (ChunkID:-1 Root:root:/ File:C:/Program Files/Epic Games/UE_4.27/FeaturePacks/TP_VirtualRealityBP.upack)
[2023.06.22-18.02.59:529][  0]LogPakFile: OnPakFileMounted2Time == 0.000020
[2023.06.22-18.02.59:551][  0]LogNativeClassHierarchy: Verbose: Native class hierarchy updated for 'AddContentDialog' in 0.0002 seconds. Added 0 classes and 0 folders.
[2023.06.22-18.02.59:552][  0]LogNativeClassHierarchy: Verbose: Native class hierarchy updated for 'SceneOutliner' in 0.0002 seconds. Added 2 classes and 0 folders.
[2023.06.22-18.02.59:604][  0]LogSlate: Took 0.000119 seconds to synchronously load lazily loaded font '../../../Engine/Content/Slate/Fonts/Roboto-Regular.ttf' (155K)
[2023.06.22-18.02.59:604][  0]LogSlate: Took 0.000080 seconds to synchronously load lazily loaded font '../../../Engine/Content/Editor/Slate/Fonts/FontAwesome.ttf' (139K)
[2023.06.22-18.02.59:605][  0]LogSlate: Took 0.000091 seconds to synchronously load lazily loaded font '../../../Engine/Content/Slate/Fonts/Roboto-Bold.ttf' (160K)
[2023.06.22-18.02.59:760][  0]LogRenderer: Reallocating scene render targets to support 1064x568 Format 9 NumSamples 1 (Frame:1).
[2023.06.22-18.02.59:847][  0]LogSlate: Took 0.000196 seconds to synchronously load lazily loaded font '../../../Engine/Content/Slate/Fonts/Roboto-Light.ttf' (167K)
[2023.06.22-18.02.59:875][  0]LogNativeClassHierarchy: Verbose: Native class hierarchy updated for 'HierarchicalLODOutliner' in 0.0002 seconds. Added 0 classes and 0 folders.
[2023.06.22-18.02.59:875][  0]LogInput: Warning: Action Jump uses invalid key OculusGo_Left_Trigger_Click.
[2023.06.22-18.02.59:875][  0]LogInput: Warning: Action ResetVR uses invalid key OculusGo_Left_Trackpad_Click.
[2023.06.22-18.02.59:875][  0]LogInput: Warning: Use -RemoveInvalidKeys to remove instances of these keys from the action mapping.
[2023.06.22-18.02.59:875][  0]LogLoad: (Engine Initialization) Total time: 5.76 seconds
[2023.06.22-18.02.59:875][  0]LogLoad: (Engine Initialization) Total Blueprint compile time: 0.00 seconds
[2023.06.22-18.02.59:914][  0]LogAssetRegistry: Asset discovery search completed in 3.7267 seconds
[2023.06.22-18.02.59:917][  0]LogCollectionManager: Fixed up redirectors for 0 collections in 0.000002 seconds (updated 0 objects)
[2023.06.22-18.02.59:936][  0]LogContentStreaming: Texture pool size now 600 MB
[2023.06.22-18.03.00:893][ 90]LogSlate: Took 0.000100 seconds to synchronously load lazily loaded font '../../../Engine/Content/Slate/Fonts/Roboto-Light.ttf' (167K)
[2023.06.22-18.03.28:004][769]LogAssetEditorSubsystem: Opening Asset editor for Skeleton /Game/Man/Demo/Mesh/UE4_Mannequin_Skeleton.UE4_Mannequin_Skeleton
[2023.06.22-18.03.28:010][769]LogNativeClassHierarchy: Verbose: Native class hierarchy updated for 'SkeletonEditor' in 0.0002 seconds. Added 1 classes and 2 folders.
[2023.06.22-18.03.28:038][769]LogTexture: Default maximum texture size for cubemaps generated from long-lat sources has been changed from 512 to unlimited. In order to preserve old behaiour for '/Engine/EditorMaterials/AssetViewer/EpicQuadPanorama_CC+EV1.EpicQuadPanorama_CC+EV1', its maximum texture size has been explicitly set to 512.
[2023.06.22-18.03.28:096][769]LogTexture: Default maximum texture size for cubemaps generated from long-lat sources has been changed from 512 to unlimited. In order to preserve old behaiour for '/Engine/MapTemplates/Sky/SunsetAmbientCubemap.SunsetAmbientCubemap', its maximum texture size has been explicitly set to 512.
[2023.06.22-18.03.28:151][769]LogActorComponent: RegisterComponentWithWorld: (/Engine/Transient.World_4:PersistentLevel.AnimationEditorPreviewActor_0.DebugSkelMeshComponent_0) Already registered. Aborting.
[2023.06.22-18.03.28:185][769]LogNativeClassHierarchy: Verbose: Native class hierarchy updated for 'PinnedCommandList' in 0.0002 seconds. Added 1 classes and 0 folders.
[2023.06.22-18.03.28:406][769]LogRenderer: Reallocating scene render targets to support 1064x876 Format 9 NumSamples 1 (Frame:1).
[2023.06.22-18.03.35:583][490]LogOutputDevice: Warning: 

Script Stack (0 frames):

[2023.06.22-18.03.35:583][490]LogWindows: Windows GetLastError: 작업을 완료했습니다. (0)
[2023.06.22-18.03.36:140][490]LogAudioMixer: Display: Audio Buffer Underrun (starvation) detected.
[2023.06.22-18.03.36:140][490]LogWindows: Error: === Critical error: ===
[2023.06.22-18.03.36:140][490]LogWindows: Error: 
[2023.06.22-18.03.36:140][490]LogWindows: Error: Assertion failed: PreviewMesh && &EditableSkeletonPtr.Pin()->GetSkeleton() == PreviewMesh->GetSkeleton() [File:D:/Build/++UE4/Sync/Engine/Source/Editor/Persona/Private/SRetargetManager.cpp] [Line: 368] 
[2023.06.22-18.03.36:141][490]LogWindows: Error: 
[2023.06.22-18.03.36:141][490]LogWindows: Error: 
[2023.06.22-18.03.36:141][490]LogWindows: Error: 
[2023.06.22-18.03.36:141][490]LogWindows: Error: [Callstack] 0x00007ffc767d441c KERNELBASE.dll!UnknownFunction []
[2023.06.22-18.03.36:141][490]LogWindows: Error: [Callstack] 0x00007ffc0a950216 UE4Editor-Core.dll!UnknownFunction []
[2023.06.22-18.03.36:141][490]LogWindows: Error: [Callstack] 0x00007ffc0a954218 UE4Editor-Core.dll!UnknownFunction []
[2023.06.22-18.03.36:141][490]LogWindows: Error: [Callstack] 0x00007ffc0a67242d UE4Editor-Core.dll!UnknownFunction []
[2023.06.22-18.03.36:141][490]LogWindows: Error: [Callstack] 0x00007ffc0a5c6a45 UE4Editor-Core.dll!UnknownFunction []
[2023.06.22-18.03.36:141][490]LogWindows: Error: [Callstack] 0x00007ffc0a5c80a0 UE4Editor-Core.dll!UnknownFunction []
[2023.06.22-18.03.36:141][490]LogWindows: Error: [Callstack] 0x00007ffbebb8667f UE4Editor-Persona.dll!UnknownFunction []
[2023.06.22-18.03.36:141][490]LogWindows: Error: [Callstack] 0x00007ffbebab07c6 UE4Editor-Persona.dll!UnknownFunction []
[2023.06.22-18.03.36:141][490]LogWindows: Error: [Callstack] 0x00007ffc0b7d1b55 UE4Editor-Slate.dll!UnknownFunction []
[2023.06.22-18.03.36:141][490]LogWindows: Error: [Callstack] 0x00007ffc0b7d8370 UE4Editor-Slate.dll!UnknownFunction []
[2023.06.22-18.03.36:141][490]LogWindows: Error: [Callstack] 0x00007ffc0b7ac587 UE4Editor-Slate.dll!UnknownFunction []
[2023.06.22-18.03.36:141][490]LogWindows: Error: [Callstack] 0x00007ffc0b84a6fe UE4Editor-Slate.dll!UnknownFunction []
[2023.06.22-18.03.36:141][490]LogWindows: Error: [Callstack] 0x00007ffc0b86280e UE4Editor-Slate.dll!UnknownFunction []
[2023.06.22-18.03.36:141][490]LogWindows: Error: [Callstack] 0x00007ffc0b7d9ae5 UE4Editor-Slate.dll!UnknownFunction []
[2023.06.22-18.03.36:141][490]LogWindows: Error: [Callstack] 0x00007ffc0b6b421e UE4Editor-Slate.dll!UnknownFunction []
[2023.06.22-18.03.36:141][490]LogWindows: Error: [Callstack] 0x00007ffc0b72e104 UE4Editor-Slate.dll!UnknownFunction []
[2023.06.22-18.03.36:141][490]LogWindows: Error: [Callstack] 0x00007ffc0b717097 UE4Editor-Slate.dll!UnknownFunction []
[2023.06.22-18.03.36:141][490]LogWindows: Error: [Callstack] 0x00007ffc0b709b62 UE4Editor-Slate.dll!UnknownFunction []
[2023.06.22-18.03.36:141][490]LogWindows: Error: [Callstack] 0x00007ffc5e1cc025 UE4Editor-ApplicationCore.dll!UnknownFunction []
[2023.06.22-18.03.36:141][490]LogWindows: Error: [Callstack] 0x00007ffc5e1b92b7 UE4Editor-ApplicationCore.dll!UnknownFunction []
[2023.06.22-18.03.36:141][490]LogWindows: Error: [Callstack] 0x00007ffc5e1ce465 UE4Editor-ApplicationCore.dll!UnknownFunction []
[2023.06.22-18.03.36:141][490]LogWindows: Error: [Callstack] 0x00007ffc5e1b4410 UE4Editor-ApplicationCore.dll!UnknownFunction []
[2023.06.22-18.03.36:141][490]LogWindows: Error: [Callstack] 0x00007ffc784b1cec USER32.dll!UnknownFunction []
[2023.06.22-18.03.36:141][490]LogWindows: Error: [Callstack] 0x00007ffc784b0f46 USER32.dll!UnknownFunction []
[2023.06.22-18.03.36:141][490]LogWindows: Error: [Callstack] 0x00007ffc5e1cfcd4 UE4Editor-ApplicationCore.dll!UnknownFunction []
[2023.06.22-18.03.36:141][490]LogWindows: Error: [Callstack] 0x00007ff780797621 UE4Editor.exe!UnknownFunction []
[2023.06.22-18.03.36:141][490]LogWindows: Error: [Callstack] 0x00007ff7807b0fcc UE4Editor.exe!UnknownFunction []
[2023.06.22-18.03.36:141][490]LogWindows: Error: [Callstack] 0x00007ff7807b10ba UE4Editor.exe!UnknownFunction []
[2023.06.22-18.03.36:141][490]LogWindows: Error: [Callstack] 0x00007ff7807b40dd UE4Editor.exe!UnknownFunction []
[2023.06.22-18.03.36:141][490]LogWindows: Error: [Callstack] 0x00007ff7807c5984 UE4Editor.exe!UnknownFunction []
[2023.06.22-18.03.36:141][490]LogWindows: Error: [Callstack] 0x00007ff7807c853a UE4Editor.exe!UnknownFunction []
[2023.06.22-18.03.36:141][490]LogWindows: Error: [Callstack] 0x00007ffc770455a0 KERNEL32.DLL!UnknownFunction []
[2023.06.22-18.03.36:141][490]LogWindows: Error: [Callstack] 0x00007ffc78cc485b ntdll.dll!UnknownFunction []
[2023.06.22-18.03.36:141][490]LogWindows: Error: 
[2023.06.22-18.03.36:146][490]LogExit: Executing StaticShutdownAfterError
[2023.06.22-18.03.36:157][490]LogWindows: FPlatformMisc::RequestExit(1)
[2023.06.22-18.03.36:157][490]LogWindows: FPlatformMisc::RequestExitWithStatus(1, 3)
[2023.06.22-18.03.36:157][490]LogCore: Engine exit requested (reason: Win RequestExit)
[2023.06.22-18.03.36:165][490]Log file closed, 06/23/23 03:03:36
